mode: atomic
dev.helix.code/internal/agent/task/task.go:86.85,102.2 2 53
dev.helix.code/internal/agent/task/task.go:105.61,107.65 1 11
dev.helix.code/internal/agent/task/task.go:107.65,109.3 1 2
dev.helix.code/internal/agent/task/task.go:112.2,112.26 1 9
dev.helix.code/internal/agent/task/task.go:112.26,114.3 1 1
dev.helix.code/internal/agent/task/task.go:117.2,117.36 1 8
dev.helix.code/internal/agent/task/task.go:117.36,118.29 1 11
dev.helix.code/internal/agent/task/task.go:118.29,120.4 1 3
dev.helix.code/internal/agent/task/task.go:123.2,123.13 1 5
dev.helix.code/internal/agent/task/task.go:127.32,129.2 1 11
dev.helix.code/internal/agent/task/task.go:132.38,138.2 5 9
dev.helix.code/internal/agent/task/task.go:141.56,146.24 5 7
dev.helix.code/internal/agent/task/task.go:146.24,148.3 1 5
dev.helix.code/internal/agent/task/task.go:149.2,149.19 1 7
dev.helix.code/internal/agent/task/task.go:153.36,156.23 3 4
dev.helix.code/internal/agent/task/task.go:156.23,158.3 1 1
dev.helix.code/internal/agent/task/task.go:159.2,161.19 3 4
dev.helix.code/internal/agent/task/task.go:165.57,169.23 4 4
dev.helix.code/internal/agent/task/task.go:169.23,171.3 1 0
dev.helix.code/internal/agent/task/task.go:172.2,173.19 2 4
dev.helix.code/internal/agent/task/task.go:177.26,178.31 1 4
dev.helix.code/internal/agent/task/task.go:178.31,182.3 3 3
dev.helix.code/internal/agent/task/task.go:186.38,189.23 3 6
dev.helix.code/internal/agent/task/task.go:189.23,191.3 1 0
dev.helix.code/internal/agent/task/task.go:192.2,193.19 2 6
dev.helix.code/internal/agent/task/task.go:197.35,199.2 1 4
dev.helix.code/internal/agent/task/task.go:202.32,204.2 1 4
dev.helix.code/internal/agent/task/task.go:207.32,209.2 1 8
dev.helix.code/internal/agent/task/task.go:249.48,259.2 1 7
dev.helix.code/internal/agent/task/task.go:262.80,266.2 3 2
dev.helix.code/internal/agent/task/task.go:269.40,271.16 2 2
dev.helix.code/internal/agent/task/task.go:271.16,273.3 1 1
dev.helix.code/internal/agent/task/task.go:274.2,274.20 1 2
dev.helix.code/internal/agent/task/task.go:278.49,280.2 1 2
dev.helix.code/internal/agent/types/coding_agent.go:23.127,24.21 1 11
dev.helix.code/internal/agent/types/coding_agent.go:24.21,26.3 1 1
dev.helix.code/internal/agent/types/coding_agent.go:27.2,27.25 1 10
dev.helix.code/internal/agent/types/coding_agent.go:27.25,29.3 1 1
dev.helix.code/internal/agent/types/coding_agent.go:31.2,37.8 2 9
dev.helix.code/internal/agent/types/coding_agent.go:41.88,44.2 2 1
dev.helix.code/internal/agent/types/coding_agent.go:47.88,59.9 7 6
dev.helix.code/internal/agent/types/coding_agent.go:59.9,64.3 4 1
dev.helix.code/internal/agent/types/coding_agent.go:67.2,72.24 4 5
dev.helix.code/internal/agent/types/coding_agent.go:72.24,74.3 1 1
dev.helix.code/internal/agent/types/coding_agent.go:74.8,76.3 1 4
dev.helix.code/internal/agent/types/coding_agent.go:79.2,80.16 2 5
dev.helix.code/internal/agent/types/coding_agent.go:80.16,84.3 3 1
dev.helix.code/internal/agent/types/coding_agent.go:87.2,88.16 2 4
dev.helix.code/internal/agent/types/coding_agent.go:88.16,92.3 3 0
dev.helix.code/internal/agent/types/coding_agent.go:95.2,114.20 6 4
dev.helix.code/internal/agent/types/coding_agent.go:118.131,121.29 2 5
dev.helix.code/internal/agent/types/coding_agent.go:121.29,141.3 1 1
dev.helix.code/internal/agent/types/coding_agent.go:141.8,158.3 1 4
dev.helix.code/internal/agent/types/coding_agent.go:161.2,162.22 2 5
dev.helix.code/internal/agent/types/coding_agent.go:162.22,164.3 1 1
dev.helix.code/internal/agent/types/coding_agent.go:166.2,174.16 3 4
dev.helix.code/internal/agent/types/coding_agent.go:174.16,176.3 1 0
dev.helix.code/internal/agent/types/coding_agent.go:178.2,178.28 1 4
dev.helix.code/internal/agent/types/coding_agent.go:178.28,180.3 1 0
dev.helix.code/internal/agent/types/coding_agent.go:183.2,188.80 2 4
dev.helix.code/internal/agent/types/coding_agent.go:188.80,190.3 1 0
dev.helix.code/internal/agent/types/coding_agent.go:192.2,192.57 1 4
dev.helix.code/internal/agent/types/coding_agent.go:196.124,199.20 2 4
dev.helix.code/internal/agent/types/coding_agent.go:199.20,211.3 3 4
dev.helix.code/internal/agent/types/coding_agent.go:214.2,215.29 2 0
dev.helix.code/internal/agent/types/coding_agent.go:215.29,217.3 1 0
dev.helix.code/internal/agent/types/coding_agent.go:217.8,219.3 1 0
dev.helix.code/internal/agent/types/coding_agent.go:221.2,222.16 2 0
dev.helix.code/internal/agent/types/coding_agent.go:222.16,224.3 1 0
dev.helix.code/internal/agent/types/coding_agent.go:227.2,234.16 3 0
dev.helix.code/internal/agent/types/coding_agent.go:234.16,236.3 1 0
dev.helix.code/internal/agent/types/coding_agent.go:239.2,250.23 3 0
dev.helix.code/internal/agent/types/coding_agent.go:254.128,266.16 4 1
dev.helix.code/internal/agent/types/coding_agent.go:266.16,269.3 2 0
dev.helix.code/internal/agent/types/coding_agent.go:270.2,273.31 2 1
dev.helix.code/internal/agent/types/coding_agent.go:273.31,274.44 1 1
dev.helix.code/internal/agent/types/coding_agent.go:274.44,288.18 4 1
dev.helix.code/internal/agent/types/coding_agent.go:288.18,289.13 1 0
dev.helix.code/internal/agent/types/coding_agent.go:292.4,304.50 4 1
dev.helix.code/internal/agent/types/coding_agent.go:309.2,312.20 3 1
dev.helix.code/internal/agent/types/coding_agent.go:316.59,319.2 2 1
dev.helix.code/internal/agent/types/debugging_agent.go:23.133,24.21 1 29
dev.helix.code/internal/agent/types/debugging_agent.go:24.21,26.3 1 1
dev.helix.code/internal/agent/types/debugging_agent.go:27.2,27.25 1 28
dev.helix.code/internal/agent/types/debugging_agent.go:27.25,29.3 1 1
dev.helix.code/internal/agent/types/debugging_agent.go:31.2,37.8 2 27
dev.helix.code/internal/agent/types/debugging_agent.go:41.91,44.2 2 1
dev.helix.code/internal/agent/types/debugging_agent.go:47.91,59.9 7 5
dev.helix.code/internal/agent/types/debugging_agent.go:59.9,64.3 4 1
dev.helix.code/internal/agent/types/debugging_agent.go:66.2,71.41 4 4
dev.helix.code/internal/agent/types/debugging_agent.go:71.41,74.17 3 0
dev.helix.code/internal/agent/types/debugging_agent.go:74.17,77.4 1 0
dev.helix.code/internal/agent/types/debugging_agent.go:81.2,82.16 2 4
dev.helix.code/internal/agent/types/debugging_agent.go:82.16,86.3 3 1
dev.helix.code/internal/agent/types/debugging_agent.go:89.2,91.20 3 3
dev.helix.code/internal/agent/types/debugging_agent.go:91.20,93.17 2 0
dev.helix.code/internal/agent/types/debugging_agent.go:93.17,99.4 1 0
dev.helix.code/internal/agent/types/debugging_agent.go:103.2,105.40 3 3
dev.helix.code/internal/agent/types/debugging_agent.go:105.40,107.17 2 0
dev.helix.code/internal/agent/types/debugging_agent.go:107.17,113.4 1 0
dev.helix.code/internal/agent/types/debugging_agent.go:117.2,136.60 5 3
dev.helix.code/internal/agent/types/debugging_agent.go:136.60,138.3 1 0
dev.helix.code/internal/agent/types/debugging_agent.go:140.2,140.20 1 3
dev.helix.code/internal/agent/types/debugging_agent.go:144.146,178.22 3 4
dev.helix.code/internal/agent/types/debugging_agent.go:178.22,180.3 1 1
dev.helix.code/internal/agent/types/debugging_agent.go:182.2,190.16 3 3
dev.helix.code/internal/agent/types/debugging_agent.go:190.16,192.3 1 0
dev.helix.code/internal/agent/types/debugging_agent.go:194.2,194.28 1 3
dev.helix.code/internal/agent/types/debugging_agent.go:194.28,196.3 1 0
dev.helix.code/internal/agent/types/debugging_agent.go:199.2,205.81 2 3
dev.helix.code/internal/agent/types/debugging_agent.go:205.81,207.3 1 0
dev.helix.code/internal/agent/types/debugging_agent.go:209.2,209.91 1 3
dev.helix.code/internal/agent/types/debugging_agent.go:213.89,215.16 2 13
dev.helix.code/internal/agent/types/debugging_agent.go:215.16,217.3 1 1
dev.helix.code/internal/agent/types/debugging_agent.go:219.2,224.16 3 12
dev.helix.code/internal/agent/types/debugging_agent.go:224.16,226.3 1 2
dev.helix.code/internal/agent/types/debugging_agent.go:229.2,230.9 2 10
dev.helix.code/internal/agent/types/debugging_agent.go:230.9,232.3 1 1
dev.helix.code/internal/agent/types/debugging_agent.go:234.2,234.21 1 9
dev.helix.code/internal/agent/types/debugging_agent.go:238.121,240.16 2 4
dev.helix.code/internal/agent/types/debugging_agent.go:240.16,242.3 1 1
dev.helix.code/internal/agent/types/debugging_agent.go:245.2,248.34 3 3
dev.helix.code/internal/agent/types/debugging_agent.go:248.34,255.17 3 6
dev.helix.code/internal/agent/types/debugging_agent.go:255.17,260.4 1 1
dev.helix.code/internal/agent/types/debugging_agent.go:260.9,265.4 1 5
dev.helix.code/internal/agent/types/debugging_agent.go:268.2,268.21 1 3
dev.helix.code/internal/agent/types/debugging_agent.go:272.99,276.62 2 5
dev.helix.code/internal/agent/types/debugging_agent.go:276.62,281.3 4 3
dev.helix.code/internal/agent/types/debugging_agent.go:285.2,285.17 1 5
dev.helix.code/internal/agent/types/debugging_agent.go:289.117,290.20 1 4
dev.helix.code/internal/agent/types/debugging_agent.go:290.20,295.3 1 1
dev.helix.code/internal/agent/types/debugging_agent.go:298.2,299.16 2 3
dev.helix.code/internal/agent/types/debugging_agent.go:299.16,301.3 1 1
dev.helix.code/internal/agent/types/debugging_agent.go:304.2,305.16 2 2
dev.helix.code/internal/agent/types/debugging_agent.go:305.16,307.3 1 1
dev.helix.code/internal/agent/types/debugging_agent.go:309.2,315.16 3 1
dev.helix.code/internal/agent/types/debugging_agent.go:315.16,317.3 1 0
dev.helix.code/internal/agent/types/debugging_agent.go:319.2,323.8 1 1
dev.helix.code/internal/agent/types/debugging_agent.go:327.103,330.16 2 9
dev.helix.code/internal/agent/types/debugging_agent.go:330.16,332.3 1 1
dev.helix.code/internal/agent/types/debugging_agent.go:334.2,352.22 3 8
dev.helix.code/internal/agent/types/debugging_agent.go:352.22,354.3 1 2
dev.helix.code/internal/agent/types/debugging_agent.go:356.2,364.16 3 6
dev.helix.code/internal/agent/types/debugging_agent.go:364.16,366.3 1 1
dev.helix.code/internal/agent/types/debugging_agent.go:368.2,368.28 1 5
dev.helix.code/internal/agent/types/debugging_agent.go:368.28,370.3 1 1
dev.helix.code/internal/agent/types/debugging_agent.go:372.2,376.79 2 4
dev.helix.code/internal/agent/types/debugging_agent.go:376.79,378.3 1 1
dev.helix.code/internal/agent/types/debugging_agent.go:380.2,380.35 1 3
dev.helix.code/internal/agent/types/debugging_agent.go:384.131,396.16 4 1
dev.helix.code/internal/agent/types/debugging_agent.go:396.16,399.3 2 0
dev.helix.code/internal/agent/types/debugging_agent.go:400.2,403.31 2 1
dev.helix.code/internal/agent/types/debugging_agent.go:403.31,404.45 1 1
dev.helix.code/internal/agent/types/debugging_agent.go:404.45,418.18 4 1
dev.helix.code/internal/agent/types/debugging_agent.go:418.18,419.13 1 0
dev.helix.code/internal/agent/types/debugging_agent.go:422.4,434.50 4 1
dev.helix.code/internal/agent/types/debugging_agent.go:439.2,442.20 3 1
dev.helix.code/internal/agent/types/debugging_agent.go:446.62,449.2 2 1
dev.helix.code/internal/agent/types/planning_agent.go:21.97,22.21 1 12
dev.helix.code/internal/agent/types/planning_agent.go:22.21,24.3 1 1
dev.helix.code/internal/agent/types/planning_agent.go:26.2,31.8 2 11
dev.helix.code/internal/agent/types/planning_agent.go:35.90,38.2 2 1
dev.helix.code/internal/agent/types/planning_agent.go:41.90,53.9 7 5
dev.helix.code/internal/agent/types/planning_agent.go:53.9,58.3 4 1
dev.helix.code/internal/agent/types/planning_agent.go:61.2,62.16 2 4
dev.helix.code/internal/agent/types/planning_agent.go:62.16,66.3 3 1
dev.helix.code/internal/agent/types/planning_agent.go:69.2,70.16 2 3
dev.helix.code/internal/agent/types/planning_agent.go:70.16,74.3 3 1
dev.helix.code/internal/agent/types/planning_agent.go:77.2,87.20 4 2
dev.helix.code/internal/agent/types/planning_agent.go:91.96,107.22 3 4
dev.helix.code/internal/agent/types/planning_agent.go:107.22,109.3 1 1
dev.helix.code/internal/agent/types/planning_agent.go:111.2,119.16 3 3
dev.helix.code/internal/agent/types/planning_agent.go:119.16,121.3 1 0
dev.helix.code/internal/agent/types/planning_agent.go:123.2,123.28 1 3
dev.helix.code/internal/agent/types/planning_agent.go:123.28,125.3 1 0
dev.helix.code/internal/agent/types/planning_agent.go:127.2,127.30 1 3
dev.helix.code/internal/agent/types/planning_agent.go:131.74,155.22 3 3
dev.helix.code/internal/agent/types/planning_agent.go:155.22,157.3 1 0
dev.helix.code/internal/agent/types/planning_agent.go:159.2,167.16 3 3
dev.helix.code/internal/agent/types/planning_agent.go:167.16,169.3 1 0
dev.helix.code/internal/agent/types/planning_agent.go:171.2,171.28 1 3
dev.helix.code/internal/agent/types/planning_agent.go:171.28,173.3 1 0
dev.helix.code/internal/agent/types/planning_agent.go:176.2,178.70 3 3
dev.helix.code/internal/agent/types/planning_agent.go:178.70,180.3 1 1
dev.helix.code/internal/agent/types/planning_agent.go:183.2,184.35 2 2
dev.helix.code/internal/agent/types/planning_agent.go:184.35,187.3 2 3
dev.helix.code/internal/agent/types/planning_agent.go:189.2,189.22 1 2
dev.helix.code/internal/agent/types/planning_agent.go:193.84,201.33 7 9
dev.helix.code/internal/agent/types/planning_agent.go:201.33,203.3 1 4
dev.helix.code/internal/agent/types/planning_agent.go:204.2,204.38 1 9
dev.helix.code/internal/agent/types/planning_agent.go:204.38,206.3 1 1
dev.helix.code/internal/agent/types/planning_agent.go:208.2,213.67 4 9
dev.helix.code/internal/agent/types/planning_agent.go:213.67,215.28 2 4
dev.helix.code/internal/agent/types/planning_agent.go:215.28,216.38 1 4
dev.helix.code/internal/agent/types/planning_agent.go:216.38,218.5 1 4
dev.helix.code/internal/agent/types/planning_agent.go:223.2,223.56 1 9
dev.helix.code/internal/agent/types/planning_agent.go:223.56,225.28 2 4
dev.helix.code/internal/agent/types/planning_agent.go:225.28,226.38 1 3
dev.helix.code/internal/agent/types/planning_agent.go:226.38,228.5 1 3
dev.helix.code/internal/agent/types/planning_agent.go:232.2,232.10 1 9
dev.helix.code/internal/agent/types/planning_agent.go:236.79,238.29 2 9
dev.helix.code/internal/agent/types/planning_agent.go:238.29,240.3 1 110
dev.helix.code/internal/agent/types/planning_agent.go:242.2,242.44 1 9
dev.helix.code/internal/agent/types/planning_agent.go:246.130,261.16 4 1
dev.helix.code/internal/agent/types/planning_agent.go:261.16,264.3 2 0
dev.helix.code/internal/agent/types/planning_agent.go:265.2,268.31 2 1
dev.helix.code/internal/agent/types/planning_agent.go:268.31,269.70 1 1
dev.helix.code/internal/agent/types/planning_agent.go:269.70,271.18 2 0
dev.helix.code/internal/agent/types/planning_agent.go:271.18,272.13 1 0
dev.helix.code/internal/agent/types/planning_agent.go:274.4,275.65 2 0
dev.helix.code/internal/agent/types/planning_agent.go:280.2,283.20 3 1
dev.helix.code/internal/agent/types/planning_agent.go:287.61,290.2 2 1
dev.helix.code/internal/agent/types/review_agent.go:23.127,24.21 1 23
dev.helix.code/internal/agent/types/review_agent.go:24.21,26.3 1 1
dev.helix.code/internal/agent/types/review_agent.go:27.2,27.25 1 22
dev.helix.code/internal/agent/types/review_agent.go:27.25,29.3 1 1
dev.helix.code/internal/agent/types/review_agent.go:31.2,37.8 2 21
dev.helix.code/internal/agent/types/review_agent.go:41.88,44.2 2 1
dev.helix.code/internal/agent/types/review_agent.go:47.88,59.9 7 9
dev.helix.code/internal/agent/types/review_agent.go:59.9,62.14 2 1
dev.helix.code/internal/agent/types/review_agent.go:62.14,67.4 4 1
dev.helix.code/internal/agent/types/review_agent.go:70.3,72.17 3 0
dev.helix.code/internal/agent/types/review_agent.go:72.17,76.4 3 0
dev.helix.code/internal/agent/types/review_agent.go:79.2,81.22 3 8
dev.helix.code/internal/agent/types/review_agent.go:81.22,83.3 1 6
dev.helix.code/internal/agent/types/review_agent.go:86.2,87.16 2 8
dev.helix.code/internal/agent/types/review_agent.go:87.16,91.3 3 1
dev.helix.code/internal/agent/types/review_agent.go:94.2,96.41 3 7
dev.helix.code/internal/agent/types/review_agent.go:96.41,98.17 2 0
dev.helix.code/internal/agent/types/review_agent.go:98.17,104.4 1 0
dev.helix.code/internal/agent/types/review_agent.go:108.2,119.22 3 7
dev.helix.code/internal/agent/types/review_agent.go:119.22,121.3 1 1
dev.helix.code/internal/agent/types/review_agent.go:123.2,133.20 4 7
dev.helix.code/internal/agent/types/review_agent.go:137.169,140.20 2 8
dev.helix.code/internal/agent/types/review_agent.go:141.18,180.55 1 1
dev.helix.code/internal/agent/types/review_agent.go:182.21,219.55 1 1
dev.helix.code/internal/agent/types/review_agent.go:221.10,266.55 1 6
dev.helix.code/internal/agent/types/review_agent.go:270.2,271.22 2 8
dev.helix.code/internal/agent/types/review_agent.go:271.22,273.3 1 1
dev.helix.code/internal/agent/types/review_agent.go:275.2,283.16 3 7
dev.helix.code/internal/agent/types/review_agent.go:283.16,285.3 1 0
dev.helix.code/internal/agent/types/review_agent.go:287.2,287.28 1 7
dev.helix.code/internal/agent/types/review_agent.go:287.28,289.3 1 0
dev.helix.code/internal/agent/types/review_agent.go:292.2,299.82 2 7
dev.helix.code/internal/agent/types/review_agent.go:299.82,301.3 1 0
dev.helix.code/internal/agent/types/review_agent.go:303.2,303.117 1 7
dev.helix.code/internal/agent/types/review_agent.go:307.86,309.16 2 4
dev.helix.code/internal/agent/types/review_agent.go:309.16,311.3 1 1
dev.helix.code/internal/agent/types/review_agent.go:313.2,318.16 3 3
dev.helix.code/internal/agent/types/review_agent.go:318.16,320.3 1 1
dev.helix.code/internal/agent/types/review_agent.go:323.2,324.9 2 2
dev.helix.code/internal/agent/types/review_agent.go:324.9,326.3 1 1
dev.helix.code/internal/agent/types/review_agent.go:328.2,328.21 1 1
dev.helix.code/internal/agent/types/review_agent.go:332.111,334.16 2 4
dev.helix.code/internal/agent/types/review_agent.go:334.16,336.3 1 1
dev.helix.code/internal/agent/types/review_agent.go:339.2,342.34 3 3
dev.helix.code/internal/agent/types/review_agent.go:342.34,349.17 3 6
dev.helix.code/internal/agent/types/review_agent.go:349.17,354.4 1 1
dev.helix.code/internal/agent/types/review_agent.go:354.9,359.4 1 5
dev.helix.code/internal/agent/types/review_agent.go:362.2,362.21 1 3
dev.helix.code/internal/agent/types/review_agent.go:366.90,370.62 2 5
dev.helix.code/internal/agent/types/review_agent.go:370.62,375.3 4 3
dev.helix.code/internal/agent/types/review_agent.go:379.2,379.17 1 5
dev.helix.code/internal/agent/types/review_agent.go:383.128,395.16 4 1
dev.helix.code/internal/agent/types/review_agent.go:395.16,398.3 2 0
dev.helix.code/internal/agent/types/review_agent.go:399.2,403.27 3 1
dev.helix.code/internal/agent/types/review_agent.go:403.27,404.32 1 0
dev.helix.code/internal/agent/types/review_agent.go:404.32,405.50 1 0
dev.helix.code/internal/agent/types/review_agent.go:405.50,408.34 2 0
dev.helix.code/internal/agent/types/review_agent.go:408.34,410.54 2 0
dev.helix.code/internal/agent/types/review_agent.go:410.54,412.7 1 0
dev.helix.code/internal/agent/types/review_agent.go:415.5,415.32 1 0
dev.helix.code/internal/agent/types/review_agent.go:415.32,428.20 4 0
dev.helix.code/internal/agent/types/review_agent.go:428.20,429.15 1 0
dev.helix.code/internal/agent/types/review_agent.go:432.6,444.52 4 0
dev.helix.code/internal/agent/types/review_agent.go:451.2,454.20 3 1
dev.helix.code/internal/agent/types/review_agent.go:458.59,461.2 2 1
dev.helix.code/internal/agent/types/test_helpers.go:19.132,25.2 1 25
dev.helix.code/internal/agent/types/test_helpers.go:27.34,29.2 1 25
dev.helix.code/internal/agent/types/test_helpers.go:31.41,33.2 1 0
dev.helix.code/internal/agent/types/test_helpers.go:35.101,36.26 1 31
dev.helix.code/internal/agent/types/test_helpers.go:36.26,38.3 1 31
dev.helix.code/internal/agent/types/test_helpers.go:39.2,39.17 1 0
dev.helix.code/internal/agent/types/test_helpers.go:42.46,49.2 1 0
dev.helix.code/internal/agent/types/test_helpers.go:51.50,53.2 1 0
dev.helix.code/internal/agent/types/test_helpers.go:55.66,57.2 1 0
dev.helix.code/internal/agent/types/test_helpers.go:78.46,83.2 1 31
dev.helix.code/internal/agent/types/test_helpers.go:85.54,89.2 3 25
dev.helix.code/internal/agent/types/test_helpers.go:91.65,96.13 4 0
dev.helix.code/internal/agent/types/test_helpers.go:96.13,98.3 1 0
dev.helix.code/internal/agent/types/test_helpers.go:99.2,99.18 1 0
dev.helix.code/internal/agent/types/test_helpers.go:103.161,106.23 2 24
dev.helix.code/internal/agent/types/test_helpers.go:106.23,108.3 1 15
dev.helix.code/internal/agent/types/test_helpers.go:110.2,110.24 1 24
dev.helix.code/internal/agent/types/test_helpers.go:110.24,112.3 1 1
dev.helix.code/internal/agent/types/test_helpers.go:114.2,114.22 1 24
dev.helix.code/internal/agent/types/test_helpers.go:114.22,116.3 1 9
dev.helix.code/internal/agent/types/test_helpers.go:118.2,118.17 1 24
dev.helix.code/internal/agent/types/test_helpers.go:123.72,125.2 1 31
dev.helix.code/internal/agent/types/testing_agent.go:23.129,24.21 1 16
dev.helix.code/internal/agent/types/testing_agent.go:24.21,26.3 1 1
dev.helix.code/internal/agent/types/testing_agent.go:27.2,27.25 1 15
dev.helix.code/internal/agent/types/testing_agent.go:27.25,29.3 1 1
dev.helix.code/internal/agent/types/testing_agent.go:31.2,37.8 2 14
dev.helix.code/internal/agent/types/testing_agent.go:41.89,44.2 2 1
dev.helix.code/internal/agent/types/testing_agent.go:47.89,59.9 7 7
dev.helix.code/internal/agent/types/testing_agent.go:59.9,64.3 4 1
dev.helix.code/internal/agent/types/testing_agent.go:66.2,68.25 3 6
dev.helix.code/internal/agent/types/testing_agent.go:68.25,70.3 1 5
dev.helix.code/internal/agent/types/testing_agent.go:73.2,74.16 2 6
dev.helix.code/internal/agent/types/testing_agent.go:74.16,78.3 3 1
dev.helix.code/internal/agent/types/testing_agent.go:81.2,83.16 3 5
dev.helix.code/internal/agent/types/testing_agent.go:83.16,87.3 3 5
dev.helix.code/internal/agent/types/testing_agent.go:90.2,92.18 3 0
dev.helix.code/internal/agent/types/testing_agent.go:92.18,94.17 2 0
dev.helix.code/internal/agent/types/testing_agent.go:94.17,100.4 1 0
dev.helix.code/internal/agent/types/testing_agent.go:104.2,124.20 6 0
dev.helix.code/internal/agent/types/testing_agent.go:128.119,157.22 3 6
dev.helix.code/internal/agent/types/testing_agent.go:157.22,159.3 1 1
dev.helix.code/internal/agent/types/testing_agent.go:161.2,169.16 3 5
dev.helix.code/internal/agent/types/testing_agent.go:169.16,171.3 1 0
dev.helix.code/internal/agent/types/testing_agent.go:173.2,173.28 1 5
dev.helix.code/internal/agent/types/testing_agent.go:173.28,175.3 1 0
dev.helix.code/internal/agent/types/testing_agent.go:178.2,183.80 2 5
dev.helix.code/internal/agent/types/testing_agent.go:183.80,185.3 1 0
dev.helix.code/internal/agent/types/testing_agent.go:187.2,187.59 1 5
dev.helix.code/internal/agent/types/testing_agent.go:191.114,194.24 2 5
dev.helix.code/internal/agent/types/testing_agent.go:194.24,206.3 3 0
dev.helix.code/internal/agent/types/testing_agent.go:209.2,210.16 2 5
dev.helix.code/internal/agent/types/testing_agent.go:210.16,212.3 1 5
dev.helix.code/internal/agent/types/testing_agent.go:215.2,222.16 3 0
dev.helix.code/internal/agent/types/testing_agent.go:222.16,224.3 1 0
dev.helix.code/internal/agent/types/testing_agent.go:227.2,238.23 3 0
dev.helix.code/internal/agent/types/testing_agent.go:242.111,245.16 2 4
dev.helix.code/internal/agent/types/testing_agent.go:245.16,247.3 1 1
dev.helix.code/internal/agent/types/testing_agent.go:251.2,259.16 4 3
dev.helix.code/internal/agent/types/testing_agent.go:259.16,261.3 1 1
dev.helix.code/internal/agent/types/testing_agent.go:264.2,269.21 2 2
dev.helix.code/internal/agent/types/testing_agent.go:273.129,285.16 4 1
dev.helix.code/internal/agent/types/testing_agent.go:285.16,288.3 2 1
dev.helix.code/internal/agent/types/testing_agent.go:289.2,292.31 2 0
dev.helix.code/internal/agent/types/testing_agent.go:292.31,293.44 1 0
dev.helix.code/internal/agent/types/testing_agent.go:293.44,304.4 2 0
dev.helix.code/internal/agent/types/testing_agent.go:308.2,311.20 3 0
dev.helix.code/internal/agent/types/testing_agent.go:315.60,318.2 2 1
dev.helix.code/internal/agent/types/testing_agent.go:322.46,323.20 1 9
dev.helix.code/internal/agent/types/testing_agent.go:323.20,325.3 1 5
dev.helix.code/internal/agent/types/testing_agent.go:327.2,327.62 1 4
dev.helix.code/internal/agent/types/testing_agent.go:327.62,329.3 1 3
dev.helix.code/internal/agent/types/testing_agent.go:330.2,330.27 1 1
dev.helix.code/internal/agent/types/testing_agent.go:333.51,335.46 1 13
dev.helix.code/internal/agent/types/testing_agent.go:335.46,336.29 1 118
dev.helix.code/internal/agent/types/testing_agent.go:336.29,338.4 1 8
dev.helix.code/internal/agent/types/testing_agent.go:340.2,340.12 1 5
dev.helix.code/internal/agent/types/utils.go:4.34,5.16 1 11
dev.helix.code/internal/agent/types/utils.go:5.16,7.3 1 1
dev.helix.code/internal/agent/types/utils.go:8.2,9.25 2 10
dev.helix.code/internal/agent/types/utils.go:9.25,10.16 1 195
dev.helix.code/internal/agent/types/utils.go:10.16,12.4 1 14
dev.helix.code/internal/agent/types/utils.go:14.2,14.14 1 10
dev.helix.code/internal/event/bus.go:93.40,99.2 1 19
dev.helix.code/internal/event/bus.go:102.75,106.54 3 86
dev.helix.code/internal/event/bus.go:106.54,108.3 1 34
dev.helix.code/internal/event/bus.go:110.2,111.112 2 86
dev.helix.code/internal/event/bus.go:115.86,116.39 1 1
dev.helix.code/internal/event/bus.go:116.39,118.3 1 3
dev.helix.code/internal/event/bus.go:122.55,128.2 4 1
dev.helix.code/internal/event/bus.go:131.70,133.20 1 277
dev.helix.code/internal/event/bus.go:133.20,135.3 1 277
dev.helix.code/internal/event/bus.go:136.2,136.30 1 277
dev.helix.code/internal/event/bus.go:136.30,138.3 1 277
dev.helix.code/internal/event/bus.go:140.2,144.35 4 277
dev.helix.code/internal/event/bus.go:144.35,147.3 2 1
dev.helix.code/internal/event/bus.go:149.2,151.15 2 276
dev.helix.code/internal/event/bus.go:151.15,153.36 1 2
dev.helix.code/internal/event/bus.go:153.36,155.14 2 2
dev.helix.code/internal/event/bus.go:155.14,156.41 1 2
dev.helix.code/internal/event/bus.go:156.41,159.6 2 1
dev.helix.code/internal/event/bus.go:162.3,162.13 1 2
dev.helix.code/internal/event/bus.go:166.2,167.35 2 274
dev.helix.code/internal/event/bus.go:167.35,168.45 1 277
dev.helix.code/internal/event/bus.go:168.45,173.4 4 153
dev.helix.code/internal/event/bus.go:176.2,176.21 1 274
dev.helix.code/internal/event/bus.go:176.21,178.3 1 152
dev.helix.code/internal/event/bus.go:179.2,179.12 1 122
dev.helix.code/internal/event/bus.go:183.77,184.16 1 1
dev.helix.code/internal/event/bus.go:184.16,187.3 1 0
dev.helix.code/internal/event/bus.go:190.2,190.20 1 1
dev.helix.code/internal/event/bus.go:190.20,192.3 1 1
dev.helix.code/internal/event/bus.go:193.2,193.30 1 1
dev.helix.code/internal/event/bus.go:193.30,195.3 1 1
dev.helix.code/internal/event/bus.go:197.2,201.35 4 1
dev.helix.code/internal/event/bus.go:201.35,204.3 2 0
dev.helix.code/internal/event/bus.go:206.2,211.35 4 1
dev.helix.code/internal/event/bus.go:211.35,214.13 3 1
dev.helix.code/internal/event/bus.go:214.13,216.40 2 1
dev.helix.code/internal/event/bus.go:216.40,218.5 1 0
dev.helix.code/internal/event/bus.go:222.2,226.30 4 1
dev.helix.code/internal/event/bus.go:226.30,229.3 2 0
dev.helix.code/internal/event/bus.go:231.2,231.21 1 1
dev.helix.code/internal/event/bus.go:231.21,233.3 1 0
dev.helix.code/internal/event/bus.go:234.2,234.12 1 1
dev.helix.code/internal/event/bus.go:238.66,242.2 3 4
dev.helix.code/internal/event/bus.go:245.48,250.43 4 4
dev.helix.code/internal/event/bus.go:250.43,252.3 1 4
dev.helix.code/internal/event/bus.go:253.2,253.14 1 4
dev.helix.code/internal/event/bus.go:257.56,262.41 4 1
dev.helix.code/internal/event/bus.go:262.41,264.3 1 3
dev.helix.code/internal/event/bus.go:265.2,265.15 1 1
dev.helix.code/internal/event/bus.go:269.42,275.29 4 154
dev.helix.code/internal/event/bus.go:275.29,277.3 1 50
dev.helix.code/internal/event/bus.go:281.42,285.2 3 5
dev.helix.code/internal/event/bus.go:288.36,292.2 3 1
dev.helix.code/internal/event/bus.go:295.37,297.2 1 2
dev.helix.code/internal/event/instance.go:12.31,13.26 1 0
dev.helix.code/internal/event/instance.go:13.26,15.3 1 0
dev.helix.code/internal/event/instance.go:16.2,16.18 1 0
dev.helix.code/internal/event/instance.go:20.34,24.2 3 0
dev.helix.code/internal/event/instance.go:27.23,32.2 4 0
dev.helix.code/internal/database/database.go:31.44,38.16 3 1
dev.helix.code/internal/database/database.go:38.16,40.3 1 0
dev.helix.code/internal/database/database.go:43.2,49.16 6 1
dev.helix.code/internal/database/database.go:49.16,51.3 1 0
dev.helix.code/internal/database/database.go:54.2,57.39 3 1
dev.helix.code/internal/database/database.go:57.39,59.3 1 1
dev.helix.code/internal/database/database.go:61.2,63.35 2 0
dev.helix.code/internal/database/database.go:67.29,68.20 1 1
dev.helix.code/internal/database/database.go:68.20,71.3 2 0
dev.helix.code/internal/database/database.go:75.46,87.16 4 0
dev.helix.code/internal/database/database.go:87.16,89.3 1 0
dev.helix.code/internal/database/database.go:91.2,91.18 1 0
dev.helix.code/internal/database/database.go:91.18,94.3 2 0
dev.helix.code/internal/database/database.go:96.2,100.16 3 0
dev.helix.code/internal/database/database.go:100.16,102.3 1 0
dev.helix.code/internal/database/database.go:104.2,105.12 2 0
dev.helix.code/internal/database/database.go:109.46,110.20 1 1
dev.helix.code/internal/database/database.go:110.20,112.3 1 1
dev.helix.code/internal/database/database.go:115.2,115.44 1 0
dev.helix.code/internal/database/database.go:119.41,120.20 1 1
dev.helix.code/internal/database/database.go:120.20,122.3 1 1
dev.helix.code/internal/database/database.go:124.2,127.26 3 0
dev.helix.code/internal/editor/diff_editor.go:15.34,17.2 1 28
dev.helix.code/internal/editor/diff_editor.go:20.46,22.9 2 8
dev.helix.code/internal/editor/diff_editor.go:22.9,24.3 1 0
dev.helix.code/internal/editor/diff_editor.go:27.2,28.16 2 8
dev.helix.code/internal/editor/diff_editor.go:28.16,30.3 1 0
dev.helix.code/internal/editor/diff_editor.go:33.2,34.16 2 8
dev.helix.code/internal/editor/diff_editor.go:34.16,36.25 1 1
dev.helix.code/internal/editor/diff_editor.go:36.25,38.4 1 1
dev.helix.code/internal/editor/diff_editor.go:38.9,40.4 1 0
dev.helix.code/internal/editor/diff_editor.go:44.2,45.16 2 8
dev.helix.code/internal/editor/diff_editor.go:45.16,47.3 1 1
dev.helix.code/internal/editor/diff_editor.go:50.2,50.62 1 7
dev.helix.code/internal/editor/diff_editor.go:50.62,52.3 1 0
dev.helix.code/internal/editor/diff_editor.go:54.2,54.12 1 7
dev.helix.code/internal/editor/diff_editor.go:73.73,78.34 4 11
dev.helix.code/internal/editor/diff_editor.go:78.34,82.71 2 75
dev.helix.code/internal/editor/diff_editor.go:82.71,83.12 1 22
dev.helix.code/internal/editor/diff_editor.go:87.3,87.36 1 53
dev.helix.code/internal/editor/diff_editor.go:87.36,88.26 1 12
dev.helix.code/internal/editor/diff_editor.go:88.26,90.5 1 2
dev.helix.code/internal/editor/diff_editor.go:92.4,93.18 2 12
dev.helix.code/internal/editor/diff_editor.go:93.18,95.5 1 0
dev.helix.code/internal/editor/diff_editor.go:96.4,97.12 2 12
dev.helix.code/internal/editor/diff_editor.go:101.3,101.25 1 41
dev.helix.code/internal/editor/diff_editor.go:101.25,102.22 1 41
dev.helix.code/internal/editor/diff_editor.go:102.22,108.5 1 0
dev.helix.code/internal/editor/diff_editor.go:108.10,108.65 1 41
dev.helix.code/internal/editor/diff_editor.go:108.65,113.5 1 41
dev.helix.code/internal/editor/diff_editor.go:117.2,117.24 1 11
dev.helix.code/internal/editor/diff_editor.go:117.24,119.3 1 10
dev.helix.code/internal/editor/diff_editor.go:121.2,121.19 1 11
dev.helix.code/internal/editor/diff_editor.go:125.70,128.20 2 16
dev.helix.code/internal/editor/diff_editor.go:128.20,130.3 1 1
dev.helix.code/internal/editor/diff_editor.go:132.2,134.26 3 15
dev.helix.code/internal/editor/diff_editor.go:134.26,136.3 1 0
dev.helix.code/internal/editor/diff_editor.go:139.2,141.16 3 15
dev.helix.code/internal/editor/diff_editor.go:141.16,143.3 1 0
dev.helix.code/internal/editor/diff_editor.go:146.2,148.16 3 15
dev.helix.code/internal/editor/diff_editor.go:148.16,150.3 1 0
dev.helix.code/internal/editor/diff_editor.go:152.2,158.8 1 15
dev.helix.code/internal/editor/diff_editor.go:162.69,165.16 3 30
dev.helix.code/internal/editor/diff_editor.go:165.16,167.3 1 0
dev.helix.code/internal/editor/diff_editor.go:169.2,170.20 2 30
dev.helix.code/internal/editor/diff_editor.go:170.20,172.17 2 27
dev.helix.code/internal/editor/diff_editor.go:172.17,174.4 1 0
dev.helix.code/internal/editor/diff_editor.go:177.2,177.26 1 30
dev.helix.code/internal/editor/diff_editor.go:181.94,185.29 3 11
dev.helix.code/internal/editor/diff_editor.go:185.29,188.64 2 12
dev.helix.code/internal/editor/diff_editor.go:188.64,191.4 2 503
dev.helix.code/internal/editor/diff_editor.go:194.3,195.39 2 12
dev.helix.code/internal/editor/diff_editor.go:195.39,196.25 1 33
dev.helix.code/internal/editor/diff_editor.go:197.13,199.40 1 16
dev.helix.code/internal/editor/diff_editor.go:199.40,201.6 1 0
dev.helix.code/internal/editor/diff_editor.go:202.5,202.53 1 16
dev.helix.code/internal/editor/diff_editor.go:202.53,205.6 1 2
dev.helix.code/internal/editor/diff_editor.go:206.5,208.20 3 14
dev.helix.code/internal/editor/diff_editor.go:209.13,211.40 1 7
dev.helix.code/internal/editor/diff_editor.go:211.40,213.6 1 0
dev.helix.code/internal/editor/diff_editor.go:214.5,214.53 1 7
dev.helix.code/internal/editor/diff_editor.go:214.53,217.6 1 0
dev.helix.code/internal/editor/diff_editor.go:218.5,219.20 2 7
dev.helix.code/internal/editor/diff_editor.go:220.13,222.46 1 10
dev.helix.code/internal/editor/diff_editor.go:228.2,228.37 1 9
dev.helix.code/internal/editor/diff_editor.go:228.37,231.3 2 500
dev.helix.code/internal/editor/diff_editor.go:233.2,233.20 1 9
dev.helix.code/internal/editor/diff_editor.go:237.67,239.16 2 8
dev.helix.code/internal/editor/diff_editor.go:239.16,241.3 1 1
dev.helix.code/internal/editor/diff_editor.go:242.2,246.21 4 7
dev.helix.code/internal/editor/diff_editor.go:246.21,248.3 1 1020
dev.helix.code/internal/editor/diff_editor.go:250.2,250.38 1 7
dev.helix.code/internal/editor/diff_editor.go:250.38,252.3 1 0
dev.helix.code/internal/editor/diff_editor.go:254.2,254.19 1 7
dev.helix.code/internal/editor/diff_editor.go:258.72,260.16 2 7
dev.helix.code/internal/editor/diff_editor.go:260.16,262.3 1 0
dev.helix.code/internal/editor/diff_editor.go:263.2,266.29 3 7
dev.helix.code/internal/editor/diff_editor.go:266.29,267.60 1 1020
dev.helix.code/internal/editor/diff_editor.go:267.60,269.4 1 0
dev.helix.code/internal/editor/diff_editor.go:272.2,272.23 1 7
dev.helix.code/internal/editor/editor.go:61.60,75.9 7 18
dev.helix.code/internal/editor/editor.go:75.9,77.3 1 1
dev.helix.code/internal/editor/editor.go:78.2,83.16 3 17
dev.helix.code/internal/editor/editor.go:87.50,92.52 3 21
dev.helix.code/internal/editor/editor.go:92.52,94.3 1 0
dev.helix.code/internal/editor/editor.go:97.2,98.9 2 21
dev.helix.code/internal/editor/editor.go:98.9,100.3 1 0
dev.helix.code/internal/editor/editor.go:103.2,103.17 1 21
dev.helix.code/internal/editor/editor.go:103.17,104.56 1 2
dev.helix.code/internal/editor/editor.go:104.56,106.4 1 0
dev.helix.code/internal/editor/editor.go:110.2,110.44 1 21
dev.helix.code/internal/editor/editor.go:110.44,112.3 1 0
dev.helix.code/internal/editor/editor.go:114.2,114.12 1 21
dev.helix.code/internal/editor/editor.go:118.53,123.2 3 7
dev.helix.code/internal/editor/editor.go:126.58,131.9 4 4
dev.helix.code/internal/editor/editor.go:131.9,133.3 1 1
dev.helix.code/internal/editor/editor.go:135.2,138.12 3 3
dev.helix.code/internal/editor/editor.go:142.46,146.2 3 7
dev.helix.code/internal/editor/editor.go:149.61,153.2 3 0
dev.helix.code/internal/editor/editor.go:156.59,158.53 1 2
dev.helix.code/internal/editor/editor.go:158.53,160.3 1 0
dev.helix.code/internal/editor/editor.go:163.2,167.16 3 2
dev.helix.code/internal/editor/editor.go:167.16,169.3 1 0
dev.helix.code/internal/editor/editor.go:170.2,174.16 3 2
dev.helix.code/internal/editor/editor.go:174.16,176.3 1 0
dev.helix.code/internal/editor/editor.go:177.2,180.45 2 2
dev.helix.code/internal/editor/editor.go:180.45,182.3 1 0
dev.helix.code/internal/editor/editor.go:184.2,184.12 1 2
dev.helix.code/internal/editor/editor.go:191.46,193.2 1 18
dev.helix.code/internal/editor/editor.go:196.55,198.25 1 34
dev.helix.code/internal/editor/editor.go:198.25,200.3 1 3
dev.helix.code/internal/editor/editor.go:203.2,203.21 1 31
dev.helix.code/internal/editor/editor.go:204.81,204.81 0 29
dev.helix.code/internal/editor/editor.go:206.10,207.60 1 2
dev.helix.code/internal/editor/editor.go:211.2,211.25 1 29
dev.helix.code/internal/editor/editor.go:211.25,213.3 1 2
dev.helix.code/internal/editor/editor.go:216.2,216.21 1 27
dev.helix.code/internal/editor/editor.go:217.22,218.42 1 6
dev.helix.code/internal/editor/editor.go:218.42,220.4 1 2
dev.helix.code/internal/editor/editor.go:221.23,222.42 1 17
dev.helix.code/internal/editor/editor.go:222.42,224.4 1 0
dev.helix.code/internal/editor/editor.go:225.31,226.51 1 3
dev.helix.code/internal/editor/editor.go:226.51,228.4 1 1
dev.helix.code/internal/editor/editor.go:229.23,230.46 1 1
dev.helix.code/internal/editor/editor.go:230.46,232.4 1 0
dev.helix.code/internal/editor/editor.go:235.2,235.12 1 24
dev.helix.code/internal/editor/line_editor.go:15.34,17.2 1 37
dev.helix.code/internal/editor/line_editor.go:27.46,29.9 2 12
dev.helix.code/internal/editor/line_editor.go:29.9,31.3 1 0
dev.helix.code/internal/editor/line_editor.go:33.2,33.21 1 12
dev.helix.code/internal/editor/line_editor.go:33.21,35.3 1 1
dev.helix.code/internal/editor/line_editor.go:38.2,39.16 2 11
dev.helix.code/internal/editor/line_editor.go:39.16,41.3 1 0
dev.helix.code/internal/editor/line_editor.go:44.2,44.33 1 11
dev.helix.code/internal/editor/line_editor.go:44.33,45.67 1 13
dev.helix.code/internal/editor/line_editor.go:45.67,47.4 1 2
dev.helix.code/internal/editor/line_editor.go:52.2,54.46 3 9
dev.helix.code/internal/editor/line_editor.go:54.46,56.3 1 2
dev.helix.code/internal/editor/line_editor.go:59.2,59.54 1 9
dev.helix.code/internal/editor/line_editor.go:59.54,61.3 1 1
dev.helix.code/internal/editor/line_editor.go:64.2,64.39 1 8
dev.helix.code/internal/editor/line_editor.go:64.39,66.17 2 9
dev.helix.code/internal/editor/line_editor.go:66.17,68.4 1 0
dev.helix.code/internal/editor/line_editor.go:72.2,72.59 1 8
dev.helix.code/internal/editor/line_editor.go:72.59,74.3 1 0
dev.helix.code/internal/editor/line_editor.go:76.2,76.12 1 8
dev.helix.code/internal/editor/line_editor.go:80.77,81.24 1 19
dev.helix.code/internal/editor/line_editor.go:81.24,83.3 1 2
dev.helix.code/internal/editor/line_editor.go:85.2,85.35 1 17
dev.helix.code/internal/editor/line_editor.go:85.35,87.3 1 2
dev.helix.code/internal/editor/line_editor.go:89.2,89.35 1 15
dev.helix.code/internal/editor/line_editor.go:89.35,91.3 1 1
dev.helix.code/internal/editor/line_editor.go:93.2,93.12 1 14
dev.helix.code/internal/editor/line_editor.go:97.61,98.36 1 14
dev.helix.code/internal/editor/line_editor.go:98.36,99.39 1 7
dev.helix.code/internal/editor/line_editor.go:99.39,100.43 1 7
dev.helix.code/internal/editor/line_editor.go:100.43,104.5 1 4
dev.helix.code/internal/editor/line_editor.go:107.2,107.12 1 10
dev.helix.code/internal/editor/line_editor.go:111.56,113.2 1 7
dev.helix.code/internal/editor/line_editor.go:116.86,122.27 3 10
dev.helix.code/internal/editor/line_editor.go:122.27,125.3 2 0
dev.helix.code/internal/editor/line_editor.go:128.2,128.26 1 10
dev.helix.code/internal/editor/line_editor.go:128.26,130.3 1 1
dev.helix.code/internal/editor/line_editor.go:133.2,145.27 5 10
dev.helix.code/internal/editor/line_editor.go:145.27,147.3 1 8
dev.helix.code/internal/editor/line_editor.go:149.2,149.20 1 10
dev.helix.code/internal/editor/line_editor.go:153.93,159.2 5 1
dev.helix.code/internal/editor/line_editor.go:162.76,165.24 3 1
dev.helix.code/internal/editor/line_editor.go:165.24,167.3 1 1
dev.helix.code/internal/editor/line_editor.go:168.2,168.15 1 1
dev.helix.code/internal/editor/line_editor.go:172.96,176.24 4 1
dev.helix.code/internal/editor/line_editor.go:176.24,178.3 1 1
dev.helix.code/internal/editor/line_editor.go:179.2,179.15 1 1
dev.helix.code/internal/editor/line_editor.go:183.77,184.51 1 5
dev.helix.code/internal/editor/line_editor.go:184.51,186.3 1 2
dev.helix.code/internal/editor/line_editor.go:187.2,189.15 3 3
dev.helix.code/internal/editor/line_editor.go:193.67,195.16 2 12
dev.helix.code/internal/editor/line_editor.go:195.16,197.3 1 0
dev.helix.code/internal/editor/line_editor.go:198.2,202.21 4 12
dev.helix.code/internal/editor/line_editor.go:202.21,204.3 1 10036
dev.helix.code/internal/editor/line_editor.go:206.2,206.38 1 12
dev.helix.code/internal/editor/line_editor.go:206.38,208.3 1 0
dev.helix.code/internal/editor/line_editor.go:210.2,210.19 1 12
dev.helix.code/internal/editor/line_editor.go:214.72,216.16 2 9
dev.helix.code/internal/editor/line_editor.go:216.16,218.3 1 0
dev.helix.code/internal/editor/line_editor.go:219.2,222.29 3 9
dev.helix.code/internal/editor/line_editor.go:222.29,223.60 1 10028
dev.helix.code/internal/editor/line_editor.go:223.60,225.4 1 0
dev.helix.code/internal/editor/line_editor.go:228.2,228.23 1 9
dev.helix.code/internal/editor/line_editor.go:240.89,245.29 2 3
dev.helix.code/internal/editor/line_editor.go:245.29,249.35 3 3
dev.helix.code/internal/editor/line_editor.go:249.35,251.4 1 1
dev.helix.code/internal/editor/line_editor.go:251.9,251.42 1 2
dev.helix.code/internal/editor/line_editor.go:251.42,253.4 1 1
dev.helix.code/internal/editor/line_editor.go:256.3,256.36 1 3
dev.helix.code/internal/editor/line_editor.go:256.36,258.4 1 1
dev.helix.code/internal/editor/line_editor.go:261.2,261.14 1 3
dev.helix.code/internal/editor/line_editor.go:265.79,266.15 1 0
dev.helix.code/internal/editor/line_editor.go:266.15,268.3 1 0
dev.helix.code/internal/editor/line_editor.go:270.2,270.17 1 0
dev.helix.code/internal/editor/line_editor.go:270.17,272.3 1 0
dev.helix.code/internal/editor/line_editor.go:274.2,274.24 1 0
dev.helix.code/internal/editor/line_editor.go:274.24,276.3 1 0
dev.helix.code/internal/editor/line_editor.go:278.2,278.22 1 0
dev.helix.code/internal/editor/line_editor.go:278.22,280.3 1 0
dev.helix.code/internal/editor/line_editor.go:282.2,282.12 1 0
dev.helix.code/internal/editor/line_editor.go:287.85,289.16 2 1
dev.helix.code/internal/editor/line_editor.go:289.16,291.3 1 0
dev.helix.code/internal/editor/line_editor.go:293.2,293.66 1 1
dev.helix.code/internal/editor/line_editor.go:293.66,295.3 1 0
dev.helix.code/internal/editor/line_editor.go:297.2,298.16 2 1
dev.helix.code/internal/editor/line_editor.go:298.16,300.3 1 0
dev.helix.code/internal/editor/line_editor.go:302.2,302.54 1 1
dev.helix.code/internal/editor/line_editor.go:302.54,304.3 1 0
dev.helix.code/internal/editor/line_editor.go:306.2,306.12 1 1
dev.helix.code/internal/editor/model_formats.go:135.56,140.58 2 45
dev.helix.code/internal/editor/model_formats.go:140.58,142.3 1 38
dev.helix.code/internal/editor/model_formats.go:145.2,145.53 1 7
dev.helix.code/internal/editor/model_formats.go:145.53,146.44 1 350
dev.helix.code/internal/editor/model_formats.go:146.44,148.4 1 0
dev.helix.code/internal/editor/model_formats.go:152.2,152.52 1 7
dev.helix.code/internal/editor/model_formats.go:152.52,153.43 1 28
dev.helix.code/internal/editor/model_formats.go:153.43,155.4 1 4
dev.helix.code/internal/editor/model_formats.go:159.2,159.32 1 3
dev.helix.code/internal/editor/model_formats.go:163.59,167.52 2 78
dev.helix.code/internal/editor/model_formats.go:167.52,168.43 1 267
dev.helix.code/internal/editor/model_formats.go:168.43,170.4 1 51
dev.helix.code/internal/editor/model_formats.go:174.2,181.3 1 27
dev.helix.code/internal/editor/model_formats.go:185.63,188.16 2 54
dev.helix.code/internal/editor/model_formats.go:189.22,190.33 1 22
dev.helix.code/internal/editor/model_formats.go:191.31,192.42 1 19
dev.helix.code/internal/editor/model_formats.go:193.23,194.34 1 1
dev.helix.code/internal/editor/model_formats.go:195.23,196.34 1 12
dev.helix.code/internal/editor/model_formats.go:197.10,198.15 1 0
dev.helix.code/internal/editor/model_formats.go:203.68,208.25 3 11
dev.helix.code/internal/editor/model_formats.go:208.25,209.31 1 3
dev.helix.code/internal/editor/model_formats.go:209.31,211.4 1 3
dev.helix.code/internal/editor/model_formats.go:215.2,215.48 1 8
dev.helix.code/internal/editor/model_formats.go:215.48,216.67 1 4
dev.helix.code/internal/editor/model_formats.go:216.67,218.4 1 2
dev.helix.code/internal/editor/model_formats.go:219.3,219.39 1 2
dev.helix.code/internal/editor/model_formats.go:219.39,221.4 1 2
dev.helix.code/internal/editor/model_formats.go:225.2,225.24 1 4
dev.helix.code/internal/editor/model_formats.go:238.62,239.16 1 4
dev.helix.code/internal/editor/model_formats.go:240.23,241.26 1 1
dev.helix.code/internal/editor/model_formats.go:242.48,243.26 1 2
dev.helix.code/internal/editor/model_formats.go:244.22,245.27 1 1
dev.helix.code/internal/editor/model_formats.go:246.10,247.26 1 0
dev.helix.code/internal/editor/model_formats.go:252.89,255.20 2 3
dev.helix.code/internal/editor/model_formats.go:256.24,257.31 1 1
dev.helix.code/internal/editor/model_formats.go:257.31,259.4 1 1
dev.helix.code/internal/editor/model_formats.go:260.3,260.14 1 0
dev.helix.code/internal/editor/model_formats.go:261.24,262.39 1 1
dev.helix.code/internal/editor/model_formats.go:262.39,264.4 1 1
dev.helix.code/internal/editor/model_formats.go:265.3,265.31 1 0
dev.helix.code/internal/editor/model_formats.go:265.31,267.4 1 0
dev.helix.code/internal/editor/model_formats.go:268.3,268.14 1 0
dev.helix.code/internal/editor/model_formats.go:269.25,270.30 1 1
dev.helix.code/internal/editor/model_formats.go:270.30,272.4 1 1
dev.helix.code/internal/editor/model_formats.go:276.2,276.40 1 0
dev.helix.code/internal/editor/model_formats.go:287.110,292.24 3 6
dev.helix.code/internal/editor/model_formats.go:292.24,298.3 1 1
dev.helix.code/internal/editor/model_formats.go:301.2,301.53 1 5
dev.helix.code/internal/editor/model_formats.go:301.53,307.3 1 1
dev.helix.code/internal/editor/model_formats.go:310.2,310.68 1 4
dev.helix.code/internal/editor/model_formats.go:310.68,316.3 1 1
dev.helix.code/internal/editor/model_formats.go:318.2,318.68 1 3
dev.helix.code/internal/editor/model_formats.go:318.68,324.3 1 2
dev.helix.code/internal/editor/model_formats.go:327.2,331.3 1 1
dev.helix.code/internal/editor/search_replace_editor.go:15.52,17.2 1 37
dev.helix.code/internal/editor/search_replace_editor.go:28.56,30.9 2 17
dev.helix.code/internal/editor/search_replace_editor.go:30.9,32.3 1 0
dev.helix.code/internal/editor/search_replace_editor.go:34.2,34.26 1 17
dev.helix.code/internal/editor/search_replace_editor.go:34.26,36.3 1 1
dev.helix.code/internal/editor/search_replace_editor.go:39.2,40.16 2 16
dev.helix.code/internal/editor/search_replace_editor.go:40.16,42.3 1 0
dev.helix.code/internal/editor/search_replace_editor.go:45.2,45.32 1 16
dev.helix.code/internal/editor/search_replace_editor.go:45.32,47.17 2 17
dev.helix.code/internal/editor/search_replace_editor.go:47.17,49.4 1 3
dev.helix.code/internal/editor/search_replace_editor.go:53.2,53.62 1 13
dev.helix.code/internal/editor/search_replace_editor.go:53.62,55.3 1 0
dev.helix.code/internal/editor/search_replace_editor.go:57.2,57.12 1 13
dev.helix.code/internal/editor/search_replace_editor.go:61.98,62.21 1 24
dev.helix.code/internal/editor/search_replace_editor.go:62.21,64.3 1 1
dev.helix.code/internal/editor/search_replace_editor.go:66.2,66.19 1 23
dev.helix.code/internal/editor/search_replace_editor.go:66.19,68.3 1 0
dev.helix.code/internal/editor/search_replace_editor.go:70.2,70.14 1 23
dev.helix.code/internal/editor/search_replace_editor.go:70.14,72.3 1 6
dev.helix.code/internal/editor/search_replace_editor.go:74.2,74.47 1 17
dev.helix.code/internal/editor/search_replace_editor.go:78.105,79.18 1 17
dev.helix.code/internal/editor/search_replace_editor.go:79.18,82.3 1 13
dev.helix.code/internal/editor/search_replace_editor.go:85.2,88.26 3 4
dev.helix.code/internal/editor/search_replace_editor.go:88.26,90.18 2 6
dev.helix.code/internal/editor/search_replace_editor.go:90.18,92.9 1 1
dev.helix.code/internal/editor/search_replace_editor.go:96.3,97.13 2 5
dev.helix.code/internal/editor/search_replace_editor.go:100.2,100.19 1 4
dev.helix.code/internal/editor/search_replace_editor.go:100.19,102.3 1 1
dev.helix.code/internal/editor/search_replace_editor.go:104.2,104.20 1 3
dev.helix.code/internal/editor/search_replace_editor.go:108.103,110.16 2 6
dev.helix.code/internal/editor/search_replace_editor.go:110.16,112.3 1 1
dev.helix.code/internal/editor/search_replace_editor.go:114.2,114.18 1 5
dev.helix.code/internal/editor/search_replace_editor.go:114.18,117.3 1 5
dev.helix.code/internal/editor/search_replace_editor.go:120.2,121.23 2 0
dev.helix.code/internal/editor/search_replace_editor.go:121.23,123.3 1 0
dev.helix.code/internal/editor/search_replace_editor.go:127.2,128.41 2 0
dev.helix.code/internal/editor/search_replace_editor.go:128.41,133.3 4 0
dev.helix.code/internal/editor/search_replace_editor.go:135.2,135.20 1 0
dev.helix.code/internal/editor/search_replace_editor.go:139.63,141.9 2 1
dev.helix.code/internal/editor/search_replace_editor.go:141.9,143.3 1 0
dev.helix.code/internal/editor/search_replace_editor.go:146.2,147.16 2 1
dev.helix.code/internal/editor/search_replace_editor.go:147.16,149.3 1 0
dev.helix.code/internal/editor/search_replace_editor.go:152.2,152.29 1 1
dev.helix.code/internal/editor/search_replace_editor.go:152.29,153.33 1 3
dev.helix.code/internal/editor/search_replace_editor.go:153.33,155.18 2 3
dev.helix.code/internal/editor/search_replace_editor.go:155.18,157.13 1 0
dev.helix.code/internal/editor/search_replace_editor.go:159.4,159.27 1 3
dev.helix.code/internal/editor/search_replace_editor.go:164.2,164.65 1 1
dev.helix.code/internal/editor/search_replace_editor.go:164.65,166.3 1 0
dev.helix.code/internal/editor/search_replace_editor.go:168.2,168.12 1 1
dev.helix.code/internal/editor/search_replace_editor.go:172.75,173.21 1 4
dev.helix.code/internal/editor/search_replace_editor.go:173.21,175.3 1 1
dev.helix.code/internal/editor/search_replace_editor.go:177.2,177.14 1 3
dev.helix.code/internal/editor/search_replace_editor.go:177.14,179.54 1 2
dev.helix.code/internal/editor/search_replace_editor.go:179.54,181.4 1 1
dev.helix.code/internal/editor/search_replace_editor.go:184.2,184.12 1 2
dev.helix.code/internal/editor/search_replace_editor.go:188.102,189.11 1 8
dev.helix.code/internal/editor/search_replace_editor.go:189.11,191.17 2 2
dev.helix.code/internal/editor/search_replace_editor.go:191.17,193.4 1 1
dev.helix.code/internal/editor/search_replace_editor.go:194.3,194.49 1 1
dev.helix.code/internal/editor/search_replace_editor.go:197.2,197.44 1 6
dev.helix.code/internal/editor/search_replace_editor.go:201.75,203.16 2 16
dev.helix.code/internal/editor/search_replace_editor.go:203.16,205.3 1 0
dev.helix.code/internal/editor/search_replace_editor.go:206.2,206.26 1 16
dev.helix.code/internal/editor/search_replace_editor.go:210.82,212.2 1 13
dev.helix.code/internal/editor/search_replace_editor.go:215.82,217.16 2 1
dev.helix.code/internal/editor/search_replace_editor.go:217.16,219.3 1 0
dev.helix.code/internal/editor/search_replace_editor.go:220.2,224.21 4 1
dev.helix.code/internal/editor/search_replace_editor.go:224.21,226.3 1 3
dev.helix.code/internal/editor/search_replace_editor.go:228.2,228.38 1 1
dev.helix.code/internal/editor/search_replace_editor.go:228.38,230.3 1 0
dev.helix.code/internal/editor/search_replace_editor.go:232.2,232.19 1 1
dev.helix.code/internal/editor/search_replace_editor.go:236.87,238.16 2 1
dev.helix.code/internal/editor/search_replace_editor.go:238.16,240.3 1 0
dev.helix.code/internal/editor/search_replace_editor.go:241.2,244.29 3 1
dev.helix.code/internal/editor/search_replace_editor.go:244.29,245.60 1 3
dev.helix.code/internal/editor/search_replace_editor.go:245.60,247.4 1 0
dev.helix.code/internal/editor/search_replace_editor.go:250.2,250.23 1 1
dev.helix.code/internal/editor/search_replace_editor.go:262.115,268.32 3 3
dev.helix.code/internal/editor/search_replace_editor.go:268.32,270.17 2 4
dev.helix.code/internal/editor/search_replace_editor.go:270.17,272.4 1 0
dev.helix.code/internal/editor/search_replace_editor.go:274.3,277.19 2 4
dev.helix.code/internal/editor/search_replace_editor.go:277.19,279.4 1 3
dev.helix.code/internal/editor/search_replace_editor.go:279.9,279.26 1 1
dev.helix.code/internal/editor/search_replace_editor.go:279.26,280.26 1 1
dev.helix.code/internal/editor/search_replace_editor.go:280.26,282.5 1 0
dev.helix.code/internal/editor/search_replace_editor.go:282.10,284.5 1 1
dev.helix.code/internal/editor/search_replace_editor.go:288.3,289.17 2 4
dev.helix.code/internal/editor/search_replace_editor.go:289.17,290.12 1 0
dev.helix.code/internal/editor/search_replace_editor.go:295.2,298.68 3 3
dev.helix.code/internal/editor/search_replace_editor.go:298.68,299.43 1 3
dev.helix.code/internal/editor/search_replace_editor.go:299.43,301.4 1 3
dev.helix.code/internal/editor/search_replace_editor.go:304.2,304.19 1 3
dev.helix.code/internal/editor/whole_editor.go:15.36,17.2 1 29
dev.helix.code/internal/editor/whole_editor.go:20.47,22.9 2 23
dev.helix.code/internal/editor/whole_editor.go:22.9,24.3 1 1
dev.helix.code/internal/editor/whole_editor.go:27.2,28.47 2 22
dev.helix.code/internal/editor/whole_editor.go:28.47,30.3 1 0
dev.helix.code/internal/editor/whole_editor.go:33.2,33.69 1 22
dev.helix.code/internal/editor/whole_editor.go:33.69,35.3 1 0
dev.helix.code/internal/editor/whole_editor.go:38.2,39.16 2 22
dev.helix.code/internal/editor/whole_editor.go:39.16,41.3 1 0
dev.helix.code/internal/editor/whole_editor.go:42.2,45.58 3 22
dev.helix.code/internal/editor/whole_editor.go:45.58,47.3 1 0
dev.helix.code/internal/editor/whole_editor.go:49.2,49.39 1 22
dev.helix.code/internal/editor/whole_editor.go:49.39,51.3 1 0
dev.helix.code/internal/editor/whole_editor.go:53.2,53.12 1 22
dev.helix.code/internal/editor/whole_editor.go:57.78,60.13 2 27
dev.helix.code/internal/editor/whole_editor.go:61.13,62.38 1 3
dev.helix.code/internal/editor/whole_editor.go:63.15,64.40 1 1
dev.helix.code/internal/editor/whole_editor.go:65.23,66.40 1 1
dev.helix.code/internal/editor/whole_editor.go:68.10,70.13 1 22
dev.helix.code/internal/editor/whole_editor.go:75.63,82.29 4 8
dev.helix.code/internal/editor/whole_editor.go:82.29,86.45 2 37
dev.helix.code/internal/editor/whole_editor.go:86.45,88.4 1 5
dev.helix.code/internal/editor/whole_editor.go:91.3,91.78 1 37
dev.helix.code/internal/editor/whole_editor.go:94.2,94.37 1 8
dev.helix.code/internal/editor/whole_editor.go:94.37,96.3 1 2
dev.helix.code/internal/editor/whole_editor.go:98.2,98.25 1 6
dev.helix.code/internal/editor/whole_editor.go:98.25,100.3 1 2
dev.helix.code/internal/editor/whole_editor.go:102.2,102.12 1 4
dev.helix.code/internal/editor/whole_editor.go:106.65,109.23 2 9
dev.helix.code/internal/editor/whole_editor.go:109.23,111.3 1 1
dev.helix.code/internal/editor/whole_editor.go:114.2,114.44 1 8
dev.helix.code/internal/editor/whole_editor.go:114.44,116.3 1 1
dev.helix.code/internal/editor/whole_editor.go:119.2,119.70 1 7
dev.helix.code/internal/editor/whole_editor.go:119.70,121.3 1 2
dev.helix.code/internal/editor/whole_editor.go:124.2,129.29 5 5
dev.helix.code/internal/editor/whole_editor.go:129.29,130.13 1 122
dev.helix.code/internal/editor/whole_editor.go:130.13,132.12 2 0
dev.helix.code/internal/editor/whole_editor.go:135.3,135.17 1 122
dev.helix.code/internal/editor/whole_editor.go:135.17,137.12 2 0
dev.helix.code/internal/editor/whole_editor.go:140.3,140.16 1 122
dev.helix.code/internal/editor/whole_editor.go:140.16,142.12 2 19
dev.helix.code/internal/editor/whole_editor.go:145.3,145.16 1 103
dev.helix.code/internal/editor/whole_editor.go:145.16,146.14 1 57
dev.helix.code/internal/editor/whole_editor.go:147.13,148.19 1 6
dev.helix.code/internal/editor/whole_editor.go:149.13,150.19 1 5
dev.helix.code/internal/editor/whole_editor.go:151.13,152.21 1 2
dev.helix.code/internal/editor/whole_editor.go:153.13,154.21 1 2
dev.helix.code/internal/editor/whole_editor.go:159.2,159.23 1 5
dev.helix.code/internal/editor/whole_editor.go:159.23,161.3 1 1
dev.helix.code/internal/editor/whole_editor.go:163.2,163.25 1 4
dev.helix.code/internal/editor/whole_editor.go:163.25,165.3 1 0
dev.helix.code/internal/editor/whole_editor.go:167.2,167.14 1 4
dev.helix.code/internal/editor/whole_editor.go:167.14,169.3 1 0
dev.helix.code/internal/editor/whole_editor.go:171.2,171.12 1 4
dev.helix.code/internal/editor/whole_editor.go:175.65,178.29 2 7
dev.helix.code/internal/editor/whole_editor.go:178.29,182.55 2 19
dev.helix.code/internal/editor/whole_editor.go:182.55,183.12 1 2
dev.helix.code/internal/editor/whole_editor.go:187.3,187.35 1 17
dev.helix.code/internal/editor/whole_editor.go:187.35,189.4 1 1
dev.helix.code/internal/editor/whole_editor.go:192.3,192.37 1 16
dev.helix.code/internal/editor/whole_editor.go:192.37,194.23 2 13
dev.helix.code/internal/editor/whole_editor.go:194.23,196.18 2 13
dev.helix.code/internal/editor/whole_editor.go:196.18,198.6 1 1
dev.helix.code/internal/editor/whole_editor.go:203.2,203.12 1 5
dev.helix.code/internal/editor/whole_editor.go:207.78,217.2 3 4
dev.helix.code/internal/auth/auth.go:67.33,78.2 1 7
dev.helix.code/internal/auth/auth.go:100.72,105.2 1 1
dev.helix.code/internal/auth/auth.go:108.115,110.74 1 0
dev.helix.code/internal/auth/auth.go:110.74,112.3 1 0
dev.helix.code/internal/auth/auth.go:115.2,115.68 1 0
dev.helix.code/internal/auth/auth.go:115.68,117.3 1 0
dev.helix.code/internal/auth/auth.go:119.2,119.62 1 0
dev.helix.code/internal/auth/auth.go:119.62,121.3 1 0
dev.helix.code/internal/auth/auth.go:124.2,125.16 2 0
dev.helix.code/internal/auth/auth.go:125.16,127.3 1 0
dev.helix.code/internal/auth/auth.go:130.2,143.65 2 0
dev.helix.code/internal/auth/auth.go:143.65,145.3 1 0
dev.helix.code/internal/auth/auth.go:147.2,147.18 1 0
dev.helix.code/internal/auth/auth.go:151.136,154.16 2 0
dev.helix.code/internal/auth/auth.go:154.16,157.17 2 0
dev.helix.code/internal/auth/auth.go:157.17,159.4 1 0
dev.helix.code/internal/auth/auth.go:163.2,163.20 1 0
dev.helix.code/internal/auth/auth.go:163.20,165.3 1 0
dev.helix.code/internal/auth/auth.go:168.2,168.47 1 0
dev.helix.code/internal/auth/auth.go:168.47,170.3 1 0
dev.helix.code/internal/auth/auth.go:173.2,173.63 1 0
dev.helix.code/internal/auth/auth.go:173.63,175.3 1 0
dev.helix.code/internal/auth/auth.go:178.2,179.16 2 0
dev.helix.code/internal/auth/auth.go:179.16,181.3 1 0
dev.helix.code/internal/auth/auth.go:183.2,184.21 2 0
dev.helix.code/internal/auth/auth.go:184.21,186.3 1 0
dev.helix.code/internal/auth/auth.go:188.2,199.57 2 0
dev.helix.code/internal/auth/auth.go:199.57,201.3 1 0
dev.helix.code/internal/auth/auth.go:203.2,203.27 1 0
dev.helix.code/internal/auth/auth.go:207.94,209.16 2 0
dev.helix.code/internal/auth/auth.go:209.16,211.3 1 0
dev.helix.code/internal/auth/auth.go:213.2,213.41 1 0
dev.helix.code/internal/auth/auth.go:213.41,217.3 2 0
dev.helix.code/internal/auth/auth.go:219.2,220.16 2 0
dev.helix.code/internal/auth/auth.go:220.16,222.3 1 0
dev.helix.code/internal/auth/auth.go:224.2,224.20 1 0
dev.helix.code/internal/auth/auth.go:224.20,226.3 1 0
dev.helix.code/internal/auth/auth.go:228.2,228.18 1 0
dev.helix.code/internal/auth/auth.go:232.78,234.2 1 0
dev.helix.code/internal/auth/auth.go:237.78,239.2 1 0
dev.helix.code/internal/auth/auth.go:242.63,253.2 3 1
dev.helix.code/internal/auth/auth.go:256.68,257.83 1 2
dev.helix.code/internal/auth/auth.go:257.83,258.58 1 1
dev.helix.code/internal/auth/auth.go:258.58,260.4 1 0
dev.helix.code/internal/auth/auth.go:261.3,261.41 1 1
dev.helix.code/internal/auth/auth.go:264.2,264.16 1 2
dev.helix.code/internal/auth/auth.go:264.16,266.3 1 1
dev.helix.code/internal/auth/auth.go:268.2,268.67 1 1
dev.helix.code/internal/auth/auth.go:268.67,270.10 2 1
dev.helix.code/internal/auth/auth.go:270.10,272.4 1 0
dev.helix.code/internal/auth/auth.go:274.3,275.17 2 1
dev.helix.code/internal/auth/auth.go:275.17,277.4 1 0
dev.helix.code/internal/auth/auth.go:281.3,285.9 1 1
dev.helix.code/internal/auth/auth.go:288.2,288.29 1 0
dev.helix.code/internal/auth/auth.go:293.84,294.46 1 4
dev.helix.code/internal/auth/auth.go:294.46,296.3 1 1
dev.helix.code/internal/auth/auth.go:298.2,298.73 1 3
dev.helix.code/internal/auth/auth.go:298.73,300.3 1 1
dev.helix.code/internal/auth/auth.go:302.2,302.23 1 2
dev.helix.code/internal/auth/auth.go:302.23,304.3 1 1
dev.helix.code/internal/auth/auth.go:306.2,306.12 1 1
dev.helix.code/internal/auth/auth.go:309.69,312.16 2 1
dev.helix.code/internal/auth/auth.go:312.16,314.3 1 0
dev.helix.code/internal/auth/auth.go:315.2,315.26 1 1
dev.helix.code/internal/auth/auth.go:318.66,321.16 2 2
dev.helix.code/internal/auth/auth.go:321.16,323.3 1 1
dev.helix.code/internal/auth/auth.go:326.2,326.47 1 1
dev.helix.code/internal/auth/auth.go:329.72,333.21 2 1
dev.helix.code/internal/auth/auth.go:333.21,335.3 1 1
dev.helix.code/internal/auth/auth.go:339.2,339.68 1 0
dev.helix.code/internal/auth/auth.go:342.62,344.44 2 1
dev.helix.code/internal/auth/auth.go:344.44,346.3 1 0
dev.helix.code/internal/auth/auth.go:347.2,347.54 1 1
dev.helix.code/internal/auth/auth_db.go:20.42,22.2 1 0
dev.helix.code/internal/auth/auth_db.go:25.89,43.16 3 0
dev.helix.code/internal/auth/auth_db.go:43.16,45.3 1 0
dev.helix.code/internal/auth/auth_db.go:47.2,47.12 1 0
dev.helix.code/internal/auth/auth_db.go:51.97,75.16 6 0
dev.helix.code/internal/auth/auth_db.go:75.16,76.27 1 0
dev.helix.code/internal/auth/auth_db.go:76.27,78.4 1 0
dev.helix.code/internal/auth/auth_db.go:79.3,79.72 1 0
dev.helix.code/internal/auth/auth_db.go:82.2,82.21 1 0
dev.helix.code/internal/auth/auth_db.go:82.21,84.3 1 0
dev.helix.code/internal/auth/auth_db.go:86.2,86.33 1 0
dev.helix.code/internal/auth/auth_db.go:90.91,114.16 6 0
dev.helix.code/internal/auth/auth_db.go:114.16,115.27 1 0
dev.helix.code/internal/auth/auth_db.go:115.27,117.4 1 0
dev.helix.code/internal/auth/auth_db.go:118.3,118.69 1 0
dev.helix.code/internal/auth/auth_db.go:121.2,121.21 1 0
dev.helix.code/internal/auth/auth_db.go:121.21,123.3 1 0
dev.helix.code/internal/auth/auth_db.go:125.2,125.33 1 0
dev.helix.code/internal/auth/auth_db.go:129.80,151.16 5 0
dev.helix.code/internal/auth/auth_db.go:151.16,152.27 1 0
dev.helix.code/internal/auth/auth_db.go:152.27,154.4 1 0
dev.helix.code/internal/auth/auth_db.go:155.3,155.62 1 0
dev.helix.code/internal/auth/auth_db.go:158.2,158.21 1 0
dev.helix.code/internal/auth/auth_db.go:158.21,160.3 1 0
dev.helix.code/internal/auth/auth_db.go:162.2,162.19 1 0
dev.helix.code/internal/auth/auth_db.go:166.79,170.16 3 0
dev.helix.code/internal/auth/auth_db.go:170.16,172.3 1 0
dev.helix.code/internal/auth/auth_db.go:174.2,174.12 1 0
dev.helix.code/internal/auth/auth_db.go:178.77,184.30 3 0
dev.helix.code/internal/auth/auth_db.go:184.30,186.3 1 0
dev.helix.code/internal/auth/auth_db.go:188.2,199.16 2 0
dev.helix.code/internal/auth/auth_db.go:199.16,201.3 1 0
dev.helix.code/internal/auth/auth_db.go:203.2,203.12 1 0
dev.helix.code/internal/auth/auth_db.go:207.82,227.16 5 0
dev.helix.code/internal/auth/auth_db.go:227.16,228.27 1 0
dev.helix.code/internal/auth/auth_db.go:228.27,230.4 1 0
dev.helix.code/internal/auth/auth_db.go:231.3,231.59 1 0
dev.helix.code/internal/auth/auth_db.go:234.2,234.18 1 0
dev.helix.code/internal/auth/auth_db.go:234.18,236.3 1 0
dev.helix.code/internal/auth/auth_db.go:238.2,238.22 1 0
dev.helix.code/internal/auth/auth_db.go:242.73,246.16 3 0
dev.helix.code/internal/auth/auth_db.go:246.16,248.3 1 0
dev.helix.code/internal/auth/auth_db.go:250.2,250.32 1 0
dev.helix.code/internal/auth/auth_db.go:250.32,252.3 1 0
dev.helix.code/internal/auth/auth_db.go:254.2,254.12 1 0
dev.helix.code/internal/auth/auth_db.go:258.82,262.16 3 0
dev.helix.code/internal/auth/auth_db.go:262.16,264.3 1 0
dev.helix.code/internal/auth/auth_db.go:266.2,266.12 1 0
dev.helix.code/internal/config/config.go:82.30,88.22 3 1
dev.helix.code/internal/config/config.go:88.22,90.3 1 1
dev.helix.code/internal/config/config.go:90.8,98.3 6 0
dev.helix.code/internal/config/config.go:101.2,116.45 12 1
dev.helix.code/internal/config/config.go:116.45,117.56 1 0
dev.helix.code/internal/config/config.go:117.56,119.4 1 0
dev.helix.code/internal/config/config.go:121.3,121.88 1 0
dev.helix.code/internal/config/config.go:122.8,124.3 1 1
dev.helix.code/internal/config/config.go:127.2,128.46 2 1
dev.helix.code/internal/config/config.go:128.46,130.3 1 0
dev.helix.code/internal/config/config.go:133.2,133.45 1 1
dev.helix.code/internal/config/config.go:133.45,135.3 1 0
dev.helix.code/internal/config/config.go:137.2,137.18 1 1
dev.helix.code/internal/config/config.go:141.20,189.2 32 1
dev.helix.code/internal/config/config.go:192.30,194.63 1 2
dev.helix.code/internal/config/config.go:194.63,195.48 1 2
dev.helix.code/internal/config/config.go:195.48,197.4 1 2
dev.helix.code/internal/config/config.go:201.2,208.37 2 0
dev.helix.code/internal/config/config.go:208.37,209.63 1 0
dev.helix.code/internal/config/config.go:209.63,210.47 1 0
dev.helix.code/internal/config/config.go:210.47,212.5 1 0
dev.helix.code/internal/config/config.go:216.2,216.11 1 0
dev.helix.code/internal/config/config.go:220.40,222.52 1 5
dev.helix.code/internal/config/config.go:222.52,224.3 1 1
dev.helix.code/internal/config/config.go:227.2,227.29 1 4
dev.helix.code/internal/config/config.go:227.29,229.3 1 1
dev.helix.code/internal/config/config.go:230.2,230.31 1 3
dev.helix.code/internal/config/config.go:230.31,232.3 1 0
dev.helix.code/internal/config/config.go:235.2,235.23 1 3
dev.helix.code/internal/config/config.go:235.23,236.27 1 1
dev.helix.code/internal/config/config.go:236.27,238.4 1 0
dev.helix.code/internal/config/config.go:239.3,239.51 1 1
dev.helix.code/internal/config/config.go:239.51,241.4 1 0
dev.helix.code/internal/config/config.go:245.2,245.93 1 3
dev.helix.code/internal/config/config.go:245.93,247.3 1 1
dev.helix.code/internal/config/config.go:250.2,250.41 1 2
dev.helix.code/internal/config/config.go:250.41,252.3 1 0
dev.helix.code/internal/config/config.go:253.2,253.40 1 2
dev.helix.code/internal/config/config.go:253.40,255.3 1 0
dev.helix.code/internal/config/config.go:258.2,258.30 1 2
dev.helix.code/internal/config/config.go:258.30,260.3 1 0
dev.helix.code/internal/config/config.go:263.2,263.27 1 2
dev.helix.code/internal/config/config.go:263.27,265.3 1 0
dev.helix.code/internal/config/config.go:266.2,266.56 1 2
dev.helix.code/internal/config/config.go:266.56,268.3 1 0
dev.helix.code/internal/config/config.go:270.2,270.12 1 2
dev.helix.code/internal/config/config.go:274.45,277.47 2 1
dev.helix.code/internal/config/config.go:277.47,279.3 1 0
dev.helix.code/internal/config/config.go:282.2,338.72 2 1
dev.helix.code/internal/config/config.go:338.72,340.3 1 0
dev.helix.code/internal/config/config.go:342.2,342.12 1 1
dev.helix.code/internal/config/config.go:346.55,347.42 1 2
dev.helix.code/internal/config/config.go:347.42,349.3 1 1
dev.helix.code/internal/config/config.go:350.2,350.21 1 1
dev.helix.code/internal/config/config.go:354.59,355.42 1 3
dev.helix.code/internal/config/config.go:355.42,356.55 1 2
dev.helix.code/internal/config/config.go:356.55,358.4 1 1
dev.helix.code/internal/config/config.go:360.2,360.21 1 2
dev.helix.code/internal/hardware/detector.go:56.30,60.2 1 4
dev.helix.code/internal/hardware/detector.go:63.52,67.38 2 2
dev.helix.code/internal/hardware/detector.go:67.38,69.3 1 0
dev.helix.code/internal/hardware/detector.go:72.2,72.38 1 2
dev.helix.code/internal/hardware/detector.go:72.38,74.3 1 0
dev.helix.code/internal/hardware/detector.go:77.2,77.41 1 2
dev.helix.code/internal/hardware/detector.go:77.41,79.3 1 0
dev.helix.code/internal/hardware/detector.go:82.2,82.43 1 2
dev.helix.code/internal/hardware/detector.go:82.43,84.3 1 0
dev.helix.code/internal/hardware/detector.go:86.2,87.20 2 2
dev.helix.code/internal/hardware/detector.go:91.49,96.45 2 14
dev.helix.code/internal/hardware/detector.go:96.45,98.3 1 0
dev.helix.code/internal/hardware/detector.go:98.8,98.52 1 14
dev.helix.code/internal/hardware/detector.go:98.52,101.3 2 0
dev.helix.code/internal/hardware/detector.go:104.2,104.52 1 14
dev.helix.code/internal/hardware/detector.go:104.52,106.3 1 6
dev.helix.code/internal/hardware/detector.go:109.2,111.9 2 14
dev.helix.code/internal/hardware/detector.go:112.25,113.15 1 0
dev.helix.code/internal/hardware/detector.go:114.25,115.15 1 0
dev.helix.code/internal/hardware/detector.go:116.24,117.15 1 6
dev.helix.code/internal/hardware/detector.go:118.24,119.14 1 0
dev.helix.code/internal/hardware/detector.go:120.10,121.14 1 8
dev.helix.code/internal/hardware/detector.go:126.55,142.2 5 9
dev.helix.code/internal/hardware/detector.go:145.51,149.29 2 3
dev.helix.code/internal/hardware/detector.go:149.29,151.3 1 0
dev.helix.code/internal/hardware/detector.go:152.2,152.30 1 3
dev.helix.code/internal/hardware/detector.go:152.30,154.3 1 1
dev.helix.code/internal/hardware/detector.go:156.2,156.14 1 3
dev.helix.code/internal/hardware/detector.go:161.38,169.22 2 2
dev.helix.code/internal/hardware/detector.go:170.15,171.28 1 0
dev.helix.code/internal/hardware/detector.go:172.16,173.28 1 2
dev.helix.code/internal/hardware/detector.go:174.10,175.30 1 0
dev.helix.code/internal/hardware/detector.go:179.43,182.16 2 0
dev.helix.code/internal/hardware/detector.go:182.16,184.3 1 0
dev.helix.code/internal/hardware/detector.go:186.2,187.29 2 0
dev.helix.code/internal/hardware/detector.go:187.29,188.44 1 0
dev.helix.code/internal/hardware/detector.go:188.44,190.22 2 0
dev.helix.code/internal/hardware/detector.go:190.22,192.5 1 0
dev.helix.code/internal/hardware/detector.go:193.9,193.50 1 0
dev.helix.code/internal/hardware/detector.go:193.50,195.22 2 0
dev.helix.code/internal/hardware/detector.go:195.22,197.5 1 0
dev.helix.code/internal/hardware/detector.go:201.2,201.12 1 0
dev.helix.code/internal/hardware/detector.go:204.43,207.45 2 2
dev.helix.code/internal/hardware/detector.go:207.45,209.3 1 2
dev.helix.code/internal/hardware/detector.go:211.2,212.45 2 2
dev.helix.code/internal/hardware/detector.go:212.45,214.3 1 0
dev.helix.code/internal/hardware/detector.go:216.2,216.12 1 2
dev.helix.code/internal/hardware/detector.go:219.45,224.2 3 0
dev.helix.code/internal/hardware/detector.go:226.38,228.22 1 2
dev.helix.code/internal/hardware/detector.go:229.15,230.28 1 0
dev.helix.code/internal/hardware/detector.go:231.16,232.28 1 2
dev.helix.code/internal/hardware/detector.go:233.10,234.30 1 0
dev.helix.code/internal/hardware/detector.go:238.43,240.55 1 0
dev.helix.code/internal/hardware/detector.go:240.55,242.3 1 0
dev.helix.code/internal/hardware/detector.go:245.2,245.29 1 0
dev.helix.code/internal/hardware/detector.go:248.43,251.45 2 2
dev.helix.code/internal/hardware/detector.go:251.45,253.30 2 2
dev.helix.code/internal/hardware/detector.go:253.30,254.48 1 42
dev.helix.code/internal/hardware/detector.go:254.48,256.23 2 2
dev.helix.code/internal/hardware/detector.go:256.23,258.6 1 2
dev.helix.code/internal/hardware/detector.go:259.10,259.45 1 40
dev.helix.code/internal/hardware/detector.go:259.45,261.23 2 0
dev.helix.code/internal/hardware/detector.go:261.23,263.6 1 0
dev.helix.code/internal/hardware/detector.go:268.2,271.12 3 2
dev.helix.code/internal/hardware/detector.go:274.45,279.2 3 0
dev.helix.code/internal/hardware/detector.go:281.41,283.45 2 0
dev.helix.code/internal/hardware/detector.go:283.45,285.21 2 0
dev.helix.code/internal/hardware/detector.go:285.21,287.23 2 0
dev.helix.code/internal/hardware/detector.go:287.23,290.5 2 0
dev.helix.code/internal/hardware/detector.go:294.2,297.12 3 0
dev.helix.code/internal/hardware/detector.go:300.41,305.2 2 2
dev.helix.code/internal/hardware/detector.go:307.43,309.16 2 2
dev.helix.code/internal/hardware/detector.go:309.16,311.3 1 0
dev.helix.code/internal/hardware/detector.go:313.2,319.12 2 2
dev.helix.code/internal/llm/compression/compressor.go:49.30,59.2 1 5
dev.helix.code/internal/llm/compression/compressor.go:150.40,151.42 1 0
dev.helix.code/internal/llm/compression/compressor.go:151.42,153.3 1 0
dev.helix.code/internal/llm/compression/compressor.go:157.56,158.42 1 1
dev.helix.code/internal/llm/compression/compressor.go:158.42,160.3 1 1
dev.helix.code/internal/llm/compression/compressor.go:164.42,165.42 1 2
dev.helix.code/internal/llm/compression/compressor.go:165.42,167.3 1 2
dev.helix.code/internal/llm/compression/compressor.go:171.58,172.42 1 0
dev.helix.code/internal/llm/compression/compressor.go:172.42,174.3 1 0
dev.helix.code/internal/llm/compression/compressor.go:178.44,179.42 1 0
dev.helix.code/internal/llm/compression/compressor.go:179.42,181.3 1 0
dev.helix.code/internal/llm/compression/compressor.go:185.95,194.27 2 5
dev.helix.code/internal/llm/compression/compressor.go:194.27,196.3 1 3
dev.helix.code/internal/llm/compression/compressor.go:198.2,198.11 1 5
dev.helix.code/internal/llm/compression/compressor.go:202.113,211.16 5 5
dev.helix.code/internal/llm/compression/compressor.go:211.16,213.3 1 0
dev.helix.code/internal/llm/compression/compressor.go:216.2,222.36 6 5
dev.helix.code/internal/llm/compression/compressor.go:222.36,225.3 1 5
dev.helix.code/internal/llm/compression/compressor.go:228.2,241.20 4 5
dev.helix.code/internal/llm/compression/compressor.go:245.85,254.50 5 2
dev.helix.code/internal/llm/compression/compressor.go:254.50,257.3 1 1
dev.helix.code/internal/llm/compression/compressor.go:260.2,260.46 1 1
dev.helix.code/internal/llm/compression/compressor.go:260.46,263.3 1 0
dev.helix.code/internal/llm/compression/compressor.go:265.2,265.18 1 1
dev.helix.code/internal/llm/compression/compressor.go:269.105,274.16 4 1
dev.helix.code/internal/llm/compression/compressor.go:274.16,276.3 1 0
dev.helix.code/internal/llm/compression/compressor.go:278.2,278.52 1 1
dev.helix.code/internal/llm/compression/compressor.go:282.64,293.2 3 3
dev.helix.code/internal/llm/compression/compressor.go:296.55,301.2 3 0
dev.helix.code/internal/llm/compression/compressor.go:304.64,309.2 3 0
dev.helix.code/internal/llm/compression/compressor.go:318.38,323.2 1 7
dev.helix.code/internal/llm/compression/compressor.go:326.51,328.44 1 8
dev.helix.code/internal/llm/compression/compressor.go:328.44,330.3 1 4
dev.helix.code/internal/llm/compression/compressor.go:333.2,338.14 3 4
dev.helix.code/internal/llm/compression/compressor.go:342.67,344.36 2 18
dev.helix.code/internal/llm/compression/compressor.go:344.36,345.26 1 523
dev.helix.code/internal/llm/compression/compressor.go:345.26,347.4 1 0
dev.helix.code/internal/llm/compression/compressor.go:348.3,348.26 1 523
dev.helix.code/internal/llm/compression/compressor.go:350.2,350.14 1 18
dev.helix.code/internal/llm/compression/compressor.go:354.64,356.31 2 0
dev.helix.code/internal/llm/compression/compressor.go:356.31,357.26 1 0
dev.helix.code/internal/llm/compression/compressor.go:357.26,359.4 1 0
dev.helix.code/internal/llm/compression/compressor.go:360.3,360.26 1 0
dev.helix.code/internal/llm/compression/compressor.go:362.2,362.14 1 0
dev.helix.code/internal/llm/compression/compressor.go:377.51,380.20 1 4
dev.helix.code/internal/llm/compression/compressor.go:380.20,382.3 1 1
dev.helix.code/internal/llm/compression/compressor.go:383.2,383.28 1 3
dev.helix.code/internal/llm/compression/compressor.go:387.54,390.24 2 0
dev.helix.code/internal/llm/compression/compressor.go:390.24,392.3 1 0
dev.helix.code/internal/llm/compression/compressor.go:393.2,393.15 1 0
dev.helix.code/internal/llm/compression/compressor.go:397.56,400.2 1 0
dev.helix.code/internal/llm/compression/compressor.go:410.45,415.2 1 8
dev.helix.code/internal/llm/compression/compressor.go:418.55,425.2 5 12
dev.helix.code/internal/llm/compression/compressor.go:428.54,433.33 3 21
dev.helix.code/internal/llm/compression/compressor.go:433.33,435.27 1 7
dev.helix.code/internal/llm/compression/compressor.go:435.27,437.9 2 7
dev.helix.code/internal/llm/compression/compressor.go:441.2,442.24 2 21
dev.helix.code/internal/llm/compression/compressor.go:446.31,451.2 3 1
dev.helix.code/internal/llm/compression/compressor.go:454.34,458.2 3 33
dev.helix.code/internal/llm/compression/compressor.go:461.50,476.2 1 1
dev.helix.code/internal/llm/compression/compressor.go:479.52,485.2 1 1
dev.helix.code/internal/llm/compression/compressor.go:488.62,490.31 2 0
dev.helix.code/internal/llm/compression/compressor.go:490.31,492.3 1 0
dev.helix.code/internal/llm/compression/compressor.go:493.2,493.20 1 0
dev.helix.code/internal/llm/compression/retention.go:35.43,36.12 1 0
dev.helix.code/internal/llm/compression/retention.go:37.20,38.18 1 0
dev.helix.code/internal/llm/compression/retention.go:39.22,40.20 1 0
dev.helix.code/internal/llm/compression/retention.go:41.20,42.18 1 0
dev.helix.code/internal/llm/compression/retention.go:43.10,44.19 1 0
dev.helix.code/internal/llm/compression/retention.go:58.48,64.2 1 18
dev.helix.code/internal/llm/compression/retention.go:67.110,76.2 3 0
dev.helix.code/internal/llm/compression/retention.go:79.86,82.43 1 402
dev.helix.code/internal/llm/compression/retention.go:82.43,83.32 1 2985
dev.helix.code/internal/llm/compression/retention.go:83.32,85.4 1 155
dev.helix.code/internal/llm/compression/retention.go:89.2,89.14 1 247
dev.helix.code/internal/llm/compression/retention.go:93.99,94.43 1 12
dev.helix.code/internal/llm/compression/retention.go:94.43,95.32 1 55
dev.helix.code/internal/llm/compression/retention.go:95.32,97.4 1 12
dev.helix.code/internal/llm/compression/retention.go:99.2,99.12 1 0
dev.helix.code/internal/llm/compression/retention.go:103.56,105.2 1 0
dev.helix.code/internal/llm/compression/retention.go:108.54,110.32 2 0
dev.helix.code/internal/llm/compression/retention.go:110.32,111.28 1 0
dev.helix.code/internal/llm/compression/retention.go:111.28,113.4 1 0
dev.helix.code/internal/llm/compression/retention.go:115.2,115.21 1 0
dev.helix.code/internal/llm/compression/retention.go:119.55,121.2 1 4
dev.helix.code/internal/llm/compression/retention.go:124.54,126.2 1 0
dev.helix.code/internal/llm/compression/retention.go:129.49,131.2 1 1
dev.helix.code/internal/llm/compression/retention.go:134.62,136.2 1 0
dev.helix.code/internal/llm/compression/retention.go:139.54,141.2 1 1
dev.helix.code/internal/llm/compression/retention.go:144.61,150.35 3 414
dev.helix.code/internal/llm/compression/retention.go:150.35,151.40 1 3726
dev.helix.code/internal/llm/compression/retention.go:151.40,152.47 1 14904
dev.helix.code/internal/llm/compression/retention.go:152.47,154.5 1 0
dev.helix.code/internal/llm/compression/retention.go:158.2,158.15 1 414
dev.helix.code/internal/llm/compression/retention.go:162.46,166.56 1 20
dev.helix.code/internal/llm/compression/retention.go:166.56,168.5 1 414
dev.helix.code/internal/llm/compression/retention.go:174.56,176.5 1 413
dev.helix.code/internal/llm/compression/retention.go:182.56,184.5 1 410
dev.helix.code/internal/llm/compression/retention.go:190.56,192.5 1 408
dev.helix.code/internal/llm/compression/retention.go:198.56,200.5 1 407
dev.helix.code/internal/llm/compression/retention.go:206.56,208.5 1 247
dev.helix.code/internal/llm/compression/retention.go:214.56,216.5 1 247
dev.helix.code/internal/llm/compression/retention.go:222.56,224.5 1 247
dev.helix.code/internal/llm/compression/retention.go:230.56,232.5 1 247
dev.helix.code/internal/llm/compression/retention.go:240.44,246.2 1 1
dev.helix.code/internal/llm/compression/retention.go:249.42,254.56 1 1
dev.helix.code/internal/llm/compression/retention.go:254.56,256.5 1 0
dev.helix.code/internal/llm/compression/retention.go:262.56,264.5 1 0
dev.helix.code/internal/llm/compression/retention.go:270.56,272.5 1 0
dev.helix.code/internal/llm/compression/retention.go:278.2,282.3 1 1
dev.helix.code/internal/llm/compression/retention.go:286.40,288.2 1 1
dev.helix.code/internal/llm/compression/retention.go:305.62,306.16 1 3
dev.helix.code/internal/llm/compression/retention.go:307.26,308.30 1 1
dev.helix.code/internal/llm/compression/retention.go:309.22,310.26 1 1
dev.helix.code/internal/llm/compression/retention.go:311.24,312.28 1 1
dev.helix.code/internal/llm/compression/retention.go:313.20,318.4 1 0
[...]
dev.helix.code/internal/llm/compression/strategies.go:210.54,212.3 1 178
dev.helix.code/internal/llm/compression/strategies.go:215.2,225.8 3 8
dev.helix.code/internal/llm/compression/strategies.go:229.119,230.42 1 2
dev.helix.code/internal/llm/compression/strategies.go:230.42,237.3 1 0
dev.helix.code/internal/llm/compression/strategies.go:239.2,242.40 3 2
dev.helix.code/internal/llm/compression/strategies.go:242.40,244.44 2 25
dev.helix.code/internal/llm/compression/strategies.go:244.44,246.4 1 25
dev.helix.code/internal/llm/compression/strategies.go:249.2,254.8 1 2
dev.helix.code/internal/llm/compression/strategies.go:266.57,268.2 1 0
dev.helix.code/internal/llm/compression/strategies.go:271.145,275.28 2 3
dev.helix.code/internal/llm/compression/strategies.go:275.28,282.3 1 0
dev.helix.code/internal/llm/compression/strategies.go:285.2,289.31 3 3
dev.helix.code/internal/llm/compression/strategies.go:289.31,291.17 2 3
dev.helix.code/internal/llm/compression/strategies.go:291.17,293.4 1 0
dev.helix.code/internal/llm/compression/strategies.go:294.3,294.41 1 3
dev.helix.code/internal/llm/compression/strategies.go:298.2,309.54 4 3
dev.helix.code/internal/llm/compression/strategies.go:309.54,311.3 1 2
dev.helix.code/internal/llm/compression/strategies.go:314.2,325.8 3 3
dev.helix.code/internal/llm/compression/strategies.go:329.127,332.28 2 1
dev.helix.code/internal/llm/compression/strategies.go:332.28,339.3 1 0
dev.helix.code/internal/llm/compression/strategies.go:341.2,350.8 4 1
dev.helix.code/internal/llm/compression/strategies.go:354.132,357.31 2 4
dev.helix.code/internal/llm/compression/strategies.go:357.31,365.108 2 90
dev.helix.code/internal/llm/compression/strategies.go:365.108,367.4 1 2
dev.helix.code/internal/llm/compression/strategies.go:367.9,369.4 1 88
dev.helix.code/internal/llm/compression/strategies.go:372.2,372.38 1 4
dev.helix.code/internal/llm/compression/strategies.go:376.77,377.38 1 89
dev.helix.code/internal/llm/compression/strategies.go:377.38,378.29 1 266
dev.helix.code/internal/llm/compression/strategies.go:378.29,380.4 1 1
dev.helix.code/internal/llm/compression/strategies.go:382.2,382.14 1 88
dev.helix.code/internal/llm/compression/strategies.go:386.91,391.31 4 4
dev.helix.code/internal/llm/compression/strategies.go:391.31,392.76 1 88
dev.helix.code/internal/llm/compression/strategies.go:392.76,396.4 3 0
dev.helix.code/internal/llm/compression/strategies.go:398.3,399.34 2 88
dev.helix.code/internal/llm/compression/strategies.go:402.2,402.27 1 4
dev.helix.code/internal/llm/compression/strategies.go:402.27,404.3 1 4
dev.helix.code/internal/llm/compression/strategies.go:406.2,406.15 1 4
dev.helix.code/internal/llm/compression/strategies.go:410.118,416.16 3 3
dev.helix.code/internal/llm/compression/strategies.go:416.16,418.3 1 0
dev.helix.code/internal/llm/compression/strategies.go:421.2,431.8 1 3
dev.helix.code/internal/llm/compression/strategies.go:435.90,441.31 4 3
dev.helix.code/internal/llm/compression/strategies.go:441.31,443.3 1 58
dev.helix.code/internal/llm/compression/strategies.go:445.2,447.24 2 3
dev.helix.code/internal/llm/compression/strategies.go:451.92,452.25 1 3
dev.helix.code/internal/llm/compression/strategies.go:452.25,454.3 1 0
dev.helix.code/internal/llm/compression/strategies.go:456.2,456.25 1 3
dev.helix.code/internal/llm/compression/strategies.go:456.25,458.3 1 3
dev.helix.code/internal/llm/compression/strategies.go:460.2,462.36 3 0
dev.helix.code/internal/llm/compression/strategies.go:462.36,464.3 1 0
dev.helix.code/internal/llm/compression/strategies.go:466.2,466.25 1 0
dev.helix.code/internal/llm/compression/strategies.go:477.41,479.2 1 0
dev.helix.code/internal/llm/compression/strategies.go:482.129,485.16 2 5
dev.helix.code/internal/llm/compression/strategies.go:485.16,487.3 1 0
dev.helix.code/internal/llm/compression/strategies.go:490.2,492.93 2 5
dev.helix.code/internal/llm/compression/strategies.go:492.93,496.31 2 1
dev.helix.code/internal/llm/compression/strategies.go:496.31,505.18 3 1
dev.helix.code/internal/llm/compression/strategies.go:505.18,508.5 1 0
dev.helix.code/internal/llm/compression/strategies.go:511.4,518.54 2 1
dev.helix.code/internal/llm/compression/strategies.go:518.54,520.5 1 23
dev.helix.code/internal/llm/compression/strategies.go:522.4,530.10 1 1
dev.helix.code/internal/llm/compression/strategies.go:535.2,535.26 1 4
dev.helix.code/internal/llm/compression/strategies.go:539.111,541.16 2 1
dev.helix.code/internal/llm/compression/strategies.go:541.16,543.3 1 0
dev.helix.code/internal/llm/compression/strategies.go:546.2,547.16 2 1
dev.helix.code/internal/llm/compression/strategies.go:547.16,549.3 1 0
dev.helix.code/internal/llm/compression/strategies.go:552.2,557.8 1 1
dev.helix.code/internal/llm/compression/strategies.go:561.93,564.42 2 1
dev.helix.code/internal/llm/compression/strategies.go:564.42,566.3 1 20
dev.helix.code/internal/llm/compression/strategies.go:569.2,570.40 2 1
dev.helix.code/internal/llm/compression/strategies.go:570.40,571.29 1 50
dev.helix.code/internal/llm/compression/strategies.go:571.29,573.4 1 30
dev.helix.code/internal/llm/compression/strategies.go:576.2,576.16 1 1
dev.helix.code/internal/llm/compression/strategies.go:580.43,582.31 2 31
dev.helix.code/internal/llm/compression/strategies.go:582.31,583.26 1 679
dev.helix.code/internal/llm/compression/strategies.go:583.26,586.4 1 0
dev.helix.code/internal/llm/compression/strategies.go:587.3,587.26 1 679
dev.helix.code/internal/llm/compression/strategies.go:589.2,589.14 1 31
dev.helix.code/internal/agent/agent.go:109.51,121.2 1 57
dev.helix.code/internal/agent/agent.go:124.33,126.2 1 158
dev.helix.code/internal/agent/agent.go:129.38,131.2 1 9
dev.helix.code/internal/agent/agent.go:134.35,136.2 1 1
dev.helix.code/internal/agent/agent.go:139.49,141.2 1 9
dev.helix.code/internal/agent/agent.go:144.42,148.2 3 37
dev.helix.code/internal/agent/agent.go:151.51,155.2 3 62
dev.helix.code/internal/agent/agent.go:158.53,159.17 1 80
dev.helix.code/internal/agent/agent.go:159.17,161.3 1 1
dev.helix.code/internal/agent/agent.go:164.2,164.51 1 79
dev.helix.code/internal/agent/agent.go:164.51,166.43 2 60
dev.helix.code/internal/agent/agent.go:166.43,167.38 1 88
dev.helix.code/internal/agent/agent.go:167.38,169.10 2 57
dev.helix.code/internal/agent/agent.go:172.3,172.13 1 60
dev.helix.code/internal/agent/agent.go:172.13,174.4 1 3
dev.helix.code/internal/agent/agent.go:177.2,177.13 1 76
dev.helix.code/internal/agent/agent.go:181.42,185.2 3 268
dev.helix.code/internal/agent/agent.go:188.43,192.2 3 84
dev.helix.code/internal/agent/agent.go:195.43,201.21 5 71
dev.helix.code/internal/agent/agent.go:201.21,203.3 1 51
dev.helix.code/internal/agent/agent.go:205.2,216.3 2 71
dev.helix.code/internal/agent/agent.go:311.40,315.2 1 45
dev.helix.code/internal/agent/agent.go:318.53,319.18 1 54
dev.helix.code/internal/agent/agent.go:319.18,321.3 1 1
dev.helix.code/internal/agent/agent.go:322.2,323.12 2 53
dev.helix.code/internal/agent/agent.go:327.52,329.2 1 5
dev.helix.code/internal/agent/agent.go:332.60,334.13 2 3
dev.helix.code/internal/agent/agent.go:334.13,336.3 1 2
dev.helix.code/internal/agent/agent.go:337.2,337.19 1 1
dev.helix.code/internal/agent/agent.go:341.64,343.33 2 15
dev.helix.code/internal/agent/agent.go:343.33,344.32 1 30
dev.helix.code/internal/agent/agent.go:344.32,346.4 1 14
dev.helix.code/internal/agent/agent.go:348.2,348.15 1 15
dev.helix.code/internal/agent/agent.go:352.72,354.33 2 6
dev.helix.code/internal/agent/agent.go:354.33,355.44 1 8
dev.helix.code/internal/agent/agent.go:355.44,356.25 1 12
dev.helix.code/internal/agent/agent.go:356.25,358.10 2 5
dev.helix.code/internal/agent/agent.go:362.2,362.15 1 6
dev.helix.code/internal/agent/agent.go:366.40,368.33 2 32
dev.helix.code/internal/agent/agent.go:368.33,370.3 1 59
dev.helix.code/internal/agent/agent.go:371.2,371.15 1 32
dev.helix.code/internal/agent/agent.go:375.37,377.2 1 5
dev.helix.code/internal/agent/agent.go:380.50,382.2 1 5
dev.helix.code/internal/agent/coordinator.go:38.61,39.19 1 37
dev.helix.code/internal/agent/coordinator.go:39.19,50.3 1 37
dev.helix.code/internal/agent/coordinator.go:52.2,64.29 3 37
dev.helix.code/internal/agent/coordinator.go:64.29,71.3 2 37
dev.helix.code/internal/agent/coordinator.go:73.2,73.20 1 37
dev.helix.code/internal/agent/coordinator.go:77.56,79.2 1 41
dev.helix.code/internal/agent/coordinator.go:82.75,86.14 3 47
dev.helix.code/internal/agent/coordinator.go:86.14,88.3 1 1
dev.helix.code/internal/agent/coordinator.go:90.2,93.12 3 46
dev.helix.code/internal/agent/coordinator.go:97.93,102.13 4 22
dev.helix.code/internal/agent/coordinator.go:102.13,104.3 1 1
dev.helix.code/internal/agent/coordinator.go:107.2,108.16 2 21
dev.helix.code/internal/agent/coordinator.go:108.16,110.3 1 1
dev.helix.code/internal/agent/coordinator.go:113.2,116.59 3 20
dev.helix.code/internal/agent/coordinator.go:116.59,121.3 3 20
dev.helix.code/internal/agent/coordinator.go:121.8,124.3 1 0
dev.helix.code/internal/agent/coordinator.go:126.2,126.16 1 20
dev.helix.code/internal/agent/coordinator.go:126.16,129.3 2 2
dev.helix.code/internal/agent/coordinator.go:131.2,137.20 5 18
dev.helix.code/internal/agent/coordinator.go:141.70,144.31 2 21
dev.helix.code/internal/agent/coordinator.go:144.31,145.57 1 22
dev.helix.code/internal/agent/coordinator.go:145.57,147.4 1 20
dev.helix.code/internal/agent/coordinator.go:150.2,150.52 1 1
dev.helix.code/internal/agent/coordinator.go:154.72,159.13 4 8
dev.helix.code/internal/agent/coordinator.go:159.13,161.3 1 1
dev.helix.code/internal/agent/coordinator.go:163.2,163.15 1 7
dev.helix.code/internal/agent/coordinator.go:167.70,172.13 4 2
dev.helix.code/internal/agent/coordinator.go:172.13,174.3 1 1
dev.helix.code/internal/agent/coordinator.go:176.2,176.20 1 1
dev.helix.code/internal/agent/coordinator.go:180.44,182.2 1 3
dev.helix.code/internal/agent/coordinator.go:185.62,189.31 3 4
dev.helix.code/internal/agent/coordinator.go:189.31,200.3 2 4
dev.helix.code/internal/agent/coordinator.go:202.2,202.14 1 4
dev.helix.code/internal/agent/coordinator.go:217.59,220.31 2 1
dev.helix.code/internal/agent/coordinator.go:220.31,221.45 1 1
dev.helix.code/internal/agent/coordinator.go:221.45,223.4 1 0
dev.helix.code/internal/agent/coordinator.go:226.2,226.12 1 1
dev.helix.code/internal/agent/coordinator.go:230.86,231.31 1 7
dev.helix.code/internal/agent/coordinator.go:231.31,233.3 1 0
dev.helix.code/internal/agent/coordinator.go:234.2,234.50 1 7
dev.helix.code/internal/agent/coordinator.go:238.65,239.31 1 0
dev.helix.code/internal/agent/coordinator.go:239.31,241.3 1 0
dev.helix.code/internal/agent/coordinator.go:242.2,242.43 1 0
dev.helix.code/internal/agent/coordinator.go:246.51,247.31 1 2
dev.helix.code/internal/agent/coordinator.go:247.31,249.3 1 0
dev.helix.code/internal/agent/coordinator.go:250.2,250.43 1 2
dev.helix.code/internal/agent/coordinator.go:254.82,255.30 1 1
dev.helix.code/internal/agent/coordinator.go:255.30,257.3 1 0
dev.helix.code/internal/agent/coordinator.go:258.2,258.44 1 1
dev.helix.code/internal/agent/coordinator.go:262.59,263.30 1 0
dev.helix.code/internal/agent/coordinator.go:263.30,265.3 1 0
dev.helix.code/internal/agent/coordinator.go:269.79,270.30 1 1
dev.helix.code/internal/agent/coordinator.go:270.30,272.3 1 0
dev.helix.code/internal/agent/coordinator.go:273.2,273.37 1 1
dev.helix.code/internal/agent/resilience.go:38.119,46.2 1 31
dev.helix.code/internal/agent/resilience.go:49.91,54.15 4 42
dev.helix.code/internal/agent/resilience.go:55.26,61.37 4 6
dev.helix.code/internal/agent/resilience.go:61.37,67.4 4 4
dev.helix.code/internal/agent/resilience.go:67.9,69.4 1 2
dev.helix.code/internal/agent/resilience.go:73.2,76.16 2 40
dev.helix.code/internal/agent/resilience.go:76.16,79.3 2 6
dev.helix.code/internal/agent/resilience.go:81.2,82.12 2 34
dev.helix.code/internal/agent/resilience.go:86.43,94.40 6 26
dev.helix.code/internal/agent/resilience.go:94.40,97.3 1 1
dev.helix.code/internal/agent/resilience.go:97.8,97.51 1 25
dev.helix.code/internal/agent/resilience.go:97.51,100.3 1 11
dev.helix.code/internal/agent/resilience.go:104.43,111.82 5 34
dev.helix.code/internal/agent/resilience.go:111.82,114.3 1 2
dev.helix.code/internal/agent/resilience.go:118.58,122.2 3 23
dev.helix.code/internal/agent/resilience.go:125.35,131.2 5 2
dev.helix.code/internal/agent/resilience.go:143.40,150.2 1 40
dev.helix.code/internal/agent/resilience.go:153.52,154.16 1 34
dev.helix.code/internal/agent/resilience.go:154.16,156.3 1 1
dev.helix.code/internal/agent/resilience.go:159.2,159.33 1 33
dev.helix.code/internal/agent/resilience.go:159.33,160.51 1 3
dev.helix.code/internal/agent/resilience.go:160.51,161.36 1 3
dev.helix.code/internal/agent/resilience.go:161.36,163.5 1 1
dev.helix.code/internal/agent/resilience.go:165.3,165.15 1 2
dev.helix.code/internal/agent/resilience.go:169.2,169.82 1 30
dev.helix.code/internal/agent/resilience.go:169.82,171.3 1 4
dev.helix.code/internal/agent/resilience.go:173.2,173.13 1 26
dev.helix.code/internal/agent/resilience.go:177.60,178.18 1 23
dev.helix.code/internal/agent/resilience.go:178.18,180.3 1 10
dev.helix.code/internal/agent/resilience.go:183.2,184.31 2 13
dev.helix.code/internal/agent/resilience.go:184.31,186.35 2 21
dev.helix.code/internal/agent/resilience.go:186.35,188.4 1 1
dev.helix.code/internal/agent/resilience.go:191.2,191.29 1 12
dev.helix.code/internal/agent/resilience.go:195.92,198.60 2 31
dev.helix.code/internal/agent/resilience.go:198.60,201.17 2 49
dev.helix.code/internal/agent/resilience.go:201.17,203.4 1 23
dev.helix.code/internal/agent/resilience.go:205.3,208.31 2 26
dev.helix.code/internal/agent/resilience.go:208.31,210.4 1 2
dev.helix.code/internal/agent/resilience.go:213.3,213.35 1 24
dev.helix.code/internal/agent/resilience.go:213.35,214.9 1 5
dev.helix.code/internal/agent/resilience.go:218.3,221.10 2 19
dev.helix.code/internal/agent/resilience.go:222.21,223.20 1 1
dev.helix.code/internal/agent/resilience.go:224.28,224.28 0 18
dev.helix.code/internal/agent/resilience.go:229.2,229.56 1 5
dev.helix.code/internal/agent/resilience.go:240.117,246.2 1 24
dev.helix.code/internal/agent/resilience.go:249.95,254.71 3 26
dev.helix.code/internal/agent/resilience.go:254.71,256.74 1 25
dev.helix.code/internal/agent/resilience.go:256.74,260.4 3 34
dev.helix.code/internal/agent/resilience.go:261.3,262.18 2 25
dev.helix.code/internal/agent/resilience.go:265.2,265.18 1 26
dev.helix.code/internal/agent/resilience.go:265.18,270.3 3 6
dev.helix.code/internal/agent/resilience.go:272.2,272.24 1 20
dev.helix.code/internal/agent/resilience.go:287.117,294.2 1 42
dev.helix.code/internal/agent/resilience.go:297.79,302.12 4 27
dev.helix.code/internal/agent/resilience.go:302.12,304.3 1 9
dev.helix.code/internal/agent/resilience.go:306.2,311.12 4 18
dev.helix.code/internal/agent/resilience.go:311.12,313.3 1 0
dev.helix.code/internal/agent/resilience.go:316.2,318.11 3 18
dev.helix.code/internal/agent/resilience.go:322.57,327.12 4 1
dev.helix.code/internal/agent/resilience.go:327.12,329.3 1 1
dev.helix.code/internal/agent/resilience.go:333.80,338.13 4 3
dev.helix.code/internal/agent/resilience.go:338.13,340.3 1 2
dev.helix.code/internal/agent/resilience.go:342.2,342.22 1 1
dev.helix.code/internal/agent/resilience.go:346.77,351.40 4 2
dev.helix.code/internal/agent/resilience.go:351.40,353.3 1 2
dev.helix.code/internal/agent/resilience.go:354.2,354.14 1 2
dev.helix.code/internal/agent/workflow.go:50.54,60.2 1 29
dev.helix.code/internal/agent/workflow.go:63.48,67.2 3 108
dev.helix.code/internal/agent/workflow.go:70.28,76.2 5 11
dev.helix.code/internal/agent/workflow.go:79.31,85.2 5 7
dev.helix.code/internal/agent/workflow.go:88.27,94.2 5 2
dev.helix.code/internal/agent/workflow.go:97.29,103.2 5 2
dev.helix.code/internal/agent/workflow.go:106.70,110.2 3 73
dev.helix.code/internal/agent/workflow.go:113.70,118.2 4 13
dev.helix.code/internal/agent/workflow.go:121.57,126.39 3 181
dev.helix.code/internal/agent/workflow.go:126.39,128.10 2 99
dev.helix.code/internal/agent/workflow.go:128.10,130.4 1 64
dev.helix.code/internal/agent/workflow.go:131.3,131.22 1 35
dev.helix.code/internal/agent/workflow.go:131.22,134.30 2 6
dev.helix.code/internal/agent/workflow.go:134.30,135.36 1 10
dev.helix.code/internal/agent/workflow.go:135.36,137.11 2 4
dev.helix.code/internal/agent/workflow.go:140.4,140.19 1 6
dev.helix.code/internal/agent/workflow.go:140.19,142.5 1 2
dev.helix.code/internal/agent/workflow.go:146.2,146.13 1 115
dev.helix.code/internal/agent/workflow.go:150.52,155.31 4 42
dev.helix.code/internal/agent/workflow.go:155.31,157.50 1 284
dev.helix.code/internal/agent/workflow.go:157.50,158.12 1 114
dev.helix.code/internal/agent/workflow.go:161.3,161.26 1 170
dev.helix.code/internal/agent/workflow.go:161.26,163.4 1 108
dev.helix.code/internal/agent/workflow.go:165.2,165.14 1 42
dev.helix.code/internal/agent/workflow.go:176.70,181.2 1 37
dev.helix.code/internal/agent/workflow.go:184.84,194.6 5 7
dev.helix.code/internal/agent/workflow.go:194.6,196.10 1 18
dev.helix.code/internal/agent/workflow.go:197.21,199.20 2 1
dev.helix.code/internal/agent/workflow.go:200.11,200.11 0 17
dev.helix.code/internal/agent/workflow.go:204.3,205.27 2 17
dev.helix.code/internal/agent/workflow.go:205.27,212.36 5 5
dev.helix.code/internal/agent/workflow.go:212.36,216.5 2 5
dev.helix.code/internal/agent/workflow.go:220.4,221.40 2 0
dev.helix.code/internal/agent/workflow.go:221.40,222.60 1 0
dev.helix.code/internal/agent/workflow.go:222.60,224.11 2 0
dev.helix.code/internal/agent/workflow.go:228.4,228.21 1 0
dev.helix.code/internal/agent/workflow.go:228.21,232.5 2 0
dev.helix.code/internal/agent/workflow.go:235.4,236.14 2 0
dev.helix.code/internal/agent/workflow.go:240.3,243.35 3 12
dev.helix.code/internal/agent/workflow.go:243.35,245.29 2 13
dev.helix.code/internal/agent/workflow.go:245.29,247.60 2 13
dev.helix.code/internal/agent/workflow.go:247.60,249.6 1 1
dev.helix.code/internal/agent/workflow.go:253.3,257.28 3 12
dev.helix.code/internal/agent/workflow.go:257.28,258.18 1 1
dev.helix.code/internal/agent/workflow.go:258.18,261.5 2 1
dev.helix.code/internal/agent/workflow.go:269.108,274.32 3 13
dev.helix.code/internal/agent/workflow.go:274.32,277.23 2 1
dev.helix.code/internal/agent/workflow.go:277.23,278.21 1 0
dev.helix.code/internal/agent/workflow.go:278.21,289.5 3 0
dev.helix.code/internal/agent/workflow.go:290.4,290.101 1 0
dev.helix.code/internal/agent/workflow.go:292.3,292.20 1 1
dev.helix.code/internal/agent/workflow.go:293.8,296.23 2 12
dev.helix.code/internal/agent/workflow.go:296.23,297.21 1 1
dev.helix.code/internal/agent/workflow.go:297.21,307.5 3 0
dev.helix.code/internal/agent/workflow.go:308.4,308.87 1 1
dev.helix.code/internal/agent/workflow.go:310.3,310.20 1 11
dev.helix.code/internal/agent/workflow.go:314.2,315.31 2 12
dev.helix.code/internal/agent/workflow.go:315.31,317.3 1 3
dev.helix.code/internal/agent/workflow.go:320.2,320.39 1 12
dev.helix.code/internal/agent/workflow.go:320.39,321.72 1 6
dev.helix.code/internal/agent/workflow.go:321.72,323.36 1 5
dev.helix.code/internal/agent/workflow.go:323.36,325.39 1 6
dev.helix.code/internal/agent/workflow.go:325.39,327.6 1 6
dev.helix.code/internal/agent/workflow.go:333.2,341.40 4 12
dev.helix.code/internal/agent/workflow.go:341.40,343.3 1 1
dev.helix.code/internal/agent/workflow.go:346.2,347.16 2 12
dev.helix.code/internal/agent/workflow.go:347.16,348.20 1 1
dev.helix.code/internal/agent/workflow.go:348.20,359.4 3 1
dev.helix.code/internal/agent/workflow.go:360.3,360.56 1 0
dev.helix.code/internal/agent/workflow.go:364.2,365.12 2 11
dev.helix.code/internal/agent/workflow.go:369.71,374.9 4 2
dev.helix.code/internal/agent/workflow.go:374.9,376.3 1 1
dev.helix.code/internal/agent/workflow.go:377.2,377.22 1 1
dev.helix.code/internal/agent/workflow.go:381.57,386.33 4 3
dev.helix.code/internal/agent/workflow.go:386.33,388.3 1 2
dev.helix.code/internal/agent/workflow.go:389.2,389.18 1 3
dev.helix.code/internal/agent/workflow.go:393.34,396.2 1 31
