mode: set
dev.helix.code/internal/agent/types/coding_agent.go:23.127,24.21 1 1
dev.helix.code/internal/agent/types/coding_agent.go:24.21,26.3 1 1
dev.helix.code/internal/agent/types/coding_agent.go:27.2,27.25 1 1
dev.helix.code/internal/agent/types/coding_agent.go:27.25,29.3 1 1
dev.helix.code/internal/agent/types/coding_agent.go:31.2,37.8 2 1
dev.helix.code/internal/agent/types/coding_agent.go:41.88,44.2 2 1
dev.helix.code/internal/agent/types/coding_agent.go:47.88,59.9 7 1
dev.helix.code/internal/agent/types/coding_agent.go:59.9,64.3 4 1
dev.helix.code/internal/agent/types/coding_agent.go:67.2,72.24 4 1
dev.helix.code/internal/agent/types/coding_agent.go:72.24,74.3 1 1
dev.helix.code/internal/agent/types/coding_agent.go:74.8,76.3 1 1
dev.helix.code/internal/agent/types/coding_agent.go:79.2,80.16 2 1
dev.helix.code/internal/agent/types/coding_agent.go:80.16,84.3 3 1
dev.helix.code/internal/agent/types/coding_agent.go:87.2,88.16 2 1
dev.helix.code/internal/agent/types/coding_agent.go:88.16,92.3 3 0
dev.helix.code/internal/agent/types/coding_agent.go:95.2,114.20 6 1
dev.helix.code/internal/agent/types/coding_agent.go:118.131,121.29 2 1
dev.helix.code/internal/agent/types/coding_agent.go:121.29,141.3 1 1
dev.helix.code/internal/agent/types/coding_agent.go:141.8,158.3 1 1
dev.helix.code/internal/agent/types/coding_agent.go:161.2,162.22 2 1
dev.helix.code/internal/agent/types/coding_agent.go:162.22,164.3 1 1
dev.helix.code/internal/agent/types/coding_agent.go:166.2,174.16 3 1
dev.helix.code/internal/agent/types/coding_agent.go:174.16,176.3 1 0
dev.helix.code/internal/agent/types/coding_agent.go:178.2,178.28 1 1
dev.helix.code/internal/agent/types/coding_agent.go:178.28,180.3 1 0
dev.helix.code/internal/agent/types/coding_agent.go:183.2,188.80 2 1
dev.helix.code/internal/agent/types/coding_agent.go:188.80,190.3 1 0
dev.helix.code/internal/agent/types/coding_agent.go:192.2,192.57 1 1
dev.helix.code/internal/agent/types/coding_agent.go:196.124,199.20 2 1
dev.helix.code/internal/agent/types/coding_agent.go:199.20,211.3 3 1
dev.helix.code/internal/agent/types/coding_agent.go:214.2,215.29 2 0
dev.helix.code/internal/agent/types/coding_agent.go:215.29,217.3 1 0
dev.helix.code/internal/agent/types/coding_agent.go:217.8,219.3 1 0
dev.helix.code/internal/agent/types/coding_agent.go:221.2,222.16 2 0
dev.helix.code/internal/agent/types/coding_agent.go:222.16,224.3 1 0
dev.helix.code/internal/agent/types/coding_agent.go:227.2,234.16 3 0
dev.helix.code/internal/agent/types/coding_agent.go:234.16,236.3 1 0
dev.helix.code/internal/agent/types/coding_agent.go:239.2,250.23 3 0
dev.helix.code/internal/agent/types/coding_agent.go:254.128,266.16 4 1
dev.helix.code/internal/agent/types/coding_agent.go:266.16,269.3 2 0
dev.helix.code/internal/agent/types/coding_agent.go:270.2,273.31 2 1
dev.helix.code/internal/agent/types/coding_agent.go:273.31,274.44 1 1
dev.helix.code/internal/agent/types/coding_agent.go:274.44,288.18 4 1
dev.helix.code/internal/agent/types/coding_agent.go:288.18,289.13 1 0
dev.helix.code/internal/agent/types/coding_agent.go:292.4,304.50 4 1
dev.helix.code/internal/agent/types/coding_agent.go:309.2,312.20 3 1
dev.helix.code/internal/agent/types/coding_agent.go:316.59,319.2 2 1
dev.helix.code/internal/agent/types/debugging_agent.go:23.133,24.21 1 1
dev.helix.code/internal/agent/types/debugging_agent.go:24.21,26.3 1 1
dev.helix.code/internal/agent/types/debugging_agent.go:27.2,27.25 1 1
dev.helix.code/internal/agent/types/debugging_agent.go:27.25,29.3 1 1
dev.helix.code/internal/agent/types/debugging_agent.go:31.2,37.8 2 1
dev.helix.code/internal/agent/types/debugging_agent.go:41.91,44.2 2 1
dev.helix.code/internal/agent/types/debugging_agent.go:47.91,59.9 7 1
dev.helix.code/internal/agent/types/debugging_agent.go:59.9,64.3 4 1
dev.helix.code/internal/agent/types/debugging_agent.go:66.2,71.41 4 1
dev.helix.code/internal/agent/types/debugging_agent.go:71.41,74.17 3 0
dev.helix.code/internal/agent/types/debugging_agent.go:74.17,77.4 1 0
dev.helix.code/internal/agent/types/debugging_agent.go:81.2,82.16 2 1
dev.helix.code/internal/agent/types/debugging_agent.go:82.16,86.3 3 1
dev.helix.code/internal/agent/types/debugging_agent.go:89.2,91.20 3 1
dev.helix.code/internal/agent/types/debugging_agent.go:91.20,93.17 2 0
dev.helix.code/internal/agent/types/debugging_agent.go:93.17,99.4 1 0
dev.helix.code/internal/agent/types/debugging_agent.go:103.2,105.40 3 1
dev.helix.code/internal/agent/types/debugging_agent.go:105.40,107.17 2 0
dev.helix.code/internal/agent/types/debugging_agent.go:107.17,113.4 1 0
dev.helix.code/internal/agent/types/debugging_agent.go:117.2,136.60 5 1
dev.helix.code/internal/agent/types/debugging_agent.go:136.60,138.3 1 0
dev.helix.code/internal/agent/types/debugging_agent.go:140.2,140.20 1 1
dev.helix.code/internal/agent/types/debugging_agent.go:144.146,178.22 3 1
dev.helix.code/internal/agent/types/debugging_agent.go:178.22,180.3 1 1
dev.helix.code/internal/agent/types/debugging_agent.go:182.2,190.16 3 1
dev.helix.code/internal/agent/types/debugging_agent.go:190.16,192.3 1 0
dev.helix.code/internal/agent/types/debugging_agent.go:194.2,194.28 1 1
dev.helix.code/internal/agent/types/debugging_agent.go:194.28,196.3 1 0
dev.helix.code/internal/agent/types/debugging_agent.go:199.2,205.81 2 1
dev.helix.code/internal/agent/types/debugging_agent.go:205.81,207.3 1 0
dev.helix.code/internal/agent/types/debugging_agent.go:209.2,209.91 1 1
dev.helix.code/internal/agent/types/debugging_agent.go:213.89,215.16 2 0
dev.helix.code/internal/agent/types/debugging_agent.go:215.16,217.3 1 0
dev.helix.code/internal/agent/types/debugging_agent.go:219.2,224.16 3 0
dev.helix.code/internal/agent/types/debugging_agent.go:224.16,226.3 1 0
dev.helix.code/internal/agent/types/debugging_agent.go:229.2,230.9 2 0
dev.helix.code/internal/agent/types/debugging_agent.go:230.9,232.3 1 0
dev.helix.code/internal/agent/types/debugging_agent.go:234.2,234.21 1 0
dev.helix.code/internal/agent/types/debugging_agent.go:238.121,240.16 2 0
dev.helix.code/internal/agent/types/debugging_agent.go:240.16,242.3 1 0
dev.helix.code/internal/agent/types/debugging_agent.go:245.2,248.34 3 0
dev.helix.code/internal/agent/types/debugging_agent.go:248.34,255.17 3 0
dev.helix.code/internal/agent/types/debugging_agent.go:255.17,260.4 1 0
dev.helix.code/internal/agent/types/debugging_agent.go:260.9,265.4 1 0
dev.helix.code/internal/agent/types/debugging_agent.go:268.2,268.21 1 0
dev.helix.code/internal/agent/types/debugging_agent.go:272.99,276.62 2 1
dev.helix.code/internal/agent/types/debugging_agent.go:276.62,281.3 4 1
dev.helix.code/internal/agent/types/debugging_agent.go:285.2,285.17 1 1
dev.helix.code/internal/agent/types/debugging_agent.go:289.117,290.20 1 0
dev.helix.code/internal/agent/types/debugging_agent.go:290.20,295.3 1 0
dev.helix.code/internal/agent/types/debugging_agent.go:298.2,299.16 2 0
dev.helix.code/internal/agent/types/debugging_agent.go:299.16,301.3 1 0
dev.helix.code/internal/agent/types/debugging_agent.go:304.2,305.16 2 0
dev.helix.code/internal/agent/types/debugging_agent.go:305.16,307.3 1 0
dev.helix.code/internal/agent/types/debugging_agent.go:309.2,315.16 3 0
dev.helix.code/internal/agent/types/debugging_agent.go:315.16,317.3 1 0
dev.helix.code/internal/agent/types/debugging_agent.go:319.2,323.8 1 0
dev.helix.code/internal/agent/types/debugging_agent.go:327.103,330.16 2 0
dev.helix.code/internal/agent/types/debugging_agent.go:330.16,332.3 1 0
dev.helix.code/internal/agent/types/debugging_agent.go:334.2,352.22 3 0
dev.helix.code/internal/agent/types/debugging_agent.go:352.22,354.3 1 0
dev.helix.code/internal/agent/types/debugging_agent.go:356.2,364.16 3 0
dev.helix.code/internal/agent/types/debugging_agent.go:364.16,366.3 1 0
dev.helix.code/internal/agent/types/debugging_agent.go:368.2,368.28 1 0
dev.helix.code/internal/agent/types/debugging_agent.go:368.28,370.3 1 0
dev.helix.code/internal/agent/types/debugging_agent.go:372.2,376.79 2 0
dev.helix.code/internal/agent/types/debugging_agent.go:376.79,378.3 1 0
dev.helix.code/internal/agent/types/debugging_agent.go:380.2,380.35 1 0
dev.helix.code/internal/agent/types/debugging_agent.go:384.131,396.16 4 1
dev.helix.code/internal/agent/types/debugging_agent.go:396.16,399.3 2 0
dev.helix.code/internal/agent/types/debugging_agent.go:400.2,403.31 2 1
dev.helix.code/internal/agent/types/debugging_agent.go:403.31,404.45 1 1
dev.helix.code/internal/agent/types/debugging_agent.go:404.45,418.18 4 1
dev.helix.code/internal/agent/types/debugging_agent.go:418.18,419.13 1 0
dev.helix.code/internal/agent/types/debugging_agent.go:422.4,434.50 4 1
dev.helix.code/internal/agent/types/debugging_agent.go:439.2,442.20 3 1
dev.helix.code/internal/agent/types/debugging_agent.go:446.62,449.2 2 1
dev.helix.code/internal/agent/types/planning_agent.go:21.97,22.21 1 1
dev.helix.code/internal/agent/types/planning_agent.go:22.21,24.3 1 1
dev.helix.code/internal/agent/types/planning_agent.go:26.2,31.8 2 1
dev.helix.code/internal/agent/types/planning_agent.go:35.90,38.2 2 1
dev.helix.code/internal/agent/types/planning_agent.go:41.90,53.9 7 1
dev.helix.code/internal/agent/types/planning_agent.go:53.9,58.3 4 1
dev.helix.code/internal/agent/types/planning_agent.go:61.2,62.16 2 1
dev.helix.code/internal/agent/types/planning_agent.go:62.16,66.3 3 1
dev.helix.code/internal/agent/types/planning_agent.go:69.2,70.16 2 1
dev.helix.code/internal/agent/types/planning_agent.go:70.16,74.3 3 1
dev.helix.code/internal/agent/types/planning_agent.go:77.2,87.20 4 1
dev.helix.code/internal/agent/types/planning_agent.go:91.96,107.22 3 1
dev.helix.code/internal/agent/types/planning_agent.go:107.22,109.3 1 1
dev.helix.code/internal/agent/types/planning_agent.go:111.2,119.16 3 1
dev.helix.code/internal/agent/types/planning_agent.go:119.16,121.3 1 0
dev.helix.code/internal/agent/types/planning_agent.go:123.2,123.28 1 1
dev.helix.code/internal/agent/types/planning_agent.go:123.28,125.3 1 0
dev.helix.code/internal/agent/types/planning_agent.go:127.2,127.30 1 1
dev.helix.code/internal/agent/types/planning_agent.go:131.74,155.22 3 1
dev.helix.code/internal/agent/types/planning_agent.go:155.22,157.3 1 0
dev.helix.code/internal/agent/types/planning_agent.go:159.2,167.16 3 1
dev.helix.code/internal/agent/types/planning_agent.go:167.16,169.3 1 0
dev.helix.code/internal/agent/types/planning_agent.go:171.2,171.28 1 1
dev.helix.code/internal/agent/types/planning_agent.go:171.28,173.3 1 0
dev.helix.code/internal/agent/types/planning_agent.go:176.2,178.70 3 1
dev.helix.code/internal/agent/types/planning_agent.go:178.70,180.3 1 1
dev.helix.code/internal/agent/types/planning_agent.go:183.2,184.35 2 1
dev.helix.code/internal/agent/types/planning_agent.go:184.35,187.3 2 1
dev.helix.code/internal/agent/types/planning_agent.go:189.2,189.22 1 1
dev.helix.code/internal/agent/types/planning_agent.go:193.84,201.33 7 1
dev.helix.code/internal/agent/types/planning_agent.go:201.33,203.3 1 1
dev.helix.code/internal/agent/types/planning_agent.go:204.2,204.38 1 1
dev.helix.code/internal/agent/types/planning_agent.go:204.38,206.3 1 1
dev.helix.code/internal/agent/types/planning_agent.go:208.2,213.67 4 1
dev.helix.code/internal/agent/types/planning_agent.go:213.67,215.28 2 1
dev.helix.code/internal/agent/types/planning_agent.go:215.28,216.38 1 1
dev.helix.code/internal/agent/types/planning_agent.go:216.38,218.5 1 1
dev.helix.code/internal/agent/types/planning_agent.go:223.2,223.56 1 1
dev.helix.code/internal/agent/types/planning_agent.go:223.56,225.28 2 1
dev.helix.code/internal/agent/types/planning_agent.go:225.28,226.38 1 1
dev.helix.code/internal/agent/types/planning_agent.go:226.38,228.5 1 1
dev.helix.code/internal/agent/types/planning_agent.go:232.2,232.10 1 1
dev.helix.code/internal/agent/types/planning_agent.go:236.79,238.29 2 1
dev.helix.code/internal/agent/types/planning_agent.go:238.29,240.3 1 1
dev.helix.code/internal/agent/types/planning_agent.go:242.2,242.44 1 1
dev.helix.code/internal/agent/types/planning_agent.go:246.130,261.16 4 1
dev.helix.code/internal/agent/types/planning_agent.go:261.16,264.3 2 0
dev.helix.code/internal/agent/types/planning_agent.go:265.2,268.31 2 1
dev.helix.code/internal/agent/types/planning_agent.go:268.31,269.70 1 1
dev.helix.code/internal/agent/types/planning_agent.go:269.70,271.18 2 0
dev.helix.code/internal/agent/types/planning_agent.go:271.18,272.13 1 0
dev.helix.code/internal/agent/types/planning_agent.go:274.4,275.65 2 0
dev.helix.code/internal/agent/types/planning_agent.go:280.2,283.20 3 1
dev.helix.code/internal/agent/types/planning_agent.go:287.61,290.2 2 1
dev.helix.code/internal/agent/types/review_agent.go:23.127,24.21 1 1
dev.helix.code/internal/agent/types/review_agent.go:24.21,26.3 1 1
dev.helix.code/internal/agent/types/review_agent.go:27.2,27.25 1 1
dev.helix.code/internal/agent/types/review_agent.go:27.25,29.3 1 1
dev.helix.code/internal/agent/types/review_agent.go:31.2,37.8 2 1
dev.helix.code/internal/agent/types/review_agent.go:41.88,44.2 2 1
dev.helix.code/internal/agent/types/review_agent.go:47.88,59.9 7 1
dev.helix.code/internal/agent/types/review_agent.go:59.9,62.14 2 1
dev.helix.code/internal/agent/types/review_agent.go:62.14,67.4 4 1
dev.helix.code/internal/agent/types/review_agent.go:70.3,72.17 3 0
dev.helix.code/internal/agent/types/review_agent.go:72.17,76.4 3 0
dev.helix.code/internal/agent/types/review_agent.go:79.2,81.22 3 1
dev.helix.code/internal/agent/types/review_agent.go:81.22,83.3 1 1
dev.helix.code/internal/agent/types/review_agent.go:86.2,87.16 2 1
dev.helix.code/internal/agent/types/review_agent.go:87.16,91.3 3 1
dev.helix.code/internal/agent/types/review_agent.go:94.2,96.41 3 1
dev.helix.code/internal/agent/types/review_agent.go:96.41,98.17 2 0
dev.helix.code/internal/agent/types/review_agent.go:98.17,104.4 1 0
dev.helix.code/internal/agent/types/review_agent.go:108.2,119.22 3 1
dev.helix.code/internal/agent/types/review_agent.go:119.22,121.3 1 1
dev.helix.code/internal/agent/types/review_agent.go:123.2,133.20 4 1
dev.helix.code/internal/agent/types/review_agent.go:137.169,140.20 2 1
dev.helix.code/internal/agent/types/review_agent.go:141.18,180.55 1 1
dev.helix.code/internal/agent/types/review_agent.go:182.21,219.55 1 1
dev.helix.code/internal/agent/types/review_agent.go:221.10,266.55 1 1
dev.helix.code/internal/agent/types/review_agent.go:270.2,271.22 2 1
dev.helix.code/internal/agent/types/review_agent.go:271.22,273.3 1 1
dev.helix.code/internal/agent/types/review_agent.go:275.2,283.16 3 1
dev.helix.code/internal/agent/types/review_agent.go:283.16,285.3 1 0
dev.helix.code/internal/agent/types/review_agent.go:287.2,287.28 1 1
dev.helix.code/internal/agent/types/review_agent.go:287.28,289.3 1 0
dev.helix.code/internal/agent/types/review_agent.go:292.2,299.82 2 1
dev.helix.code/internal/agent/types/review_agent.go:299.82,301.3 1 0
dev.helix.code/internal/agent/types/review_agent.go:303.2,303.117 1 1
dev.helix.code/internal/agent/types/review_agent.go:307.86,309.16 2 0
dev.helix.code/internal/agent/types/review_agent.go:309.16,311.3 1 0
dev.helix.code/internal/agent/types/review_agent.go:313.2,318.16 3 0
dev.helix.code/internal/agent/types/review_agent.go:318.16,320.3 1 0
dev.helix.code/internal/agent/types/review_agent.go:323.2,324.9 2 0
dev.helix.code/internal/agent/types/review_agent.go:324.9,326.3 1 0
dev.helix.code/internal/agent/types/review_agent.go:328.2,328.21 1 0
dev.helix.code/internal/agent/types/review_agent.go:332.111,334.16 2 0
dev.helix.code/internal/agent/types/review_agent.go:334.16,336.3 1 0
dev.helix.code/internal/agent/types/review_agent.go:339.2,342.34 3 0
dev.helix.code/internal/agent/types/review_agent.go:342.34,349.17 3 0
dev.helix.code/internal/agent/types/review_agent.go:349.17,354.4 1 0
dev.helix.code/internal/agent/types/review_agent.go:354.9,359.4 1 0
dev.helix.code/internal/agent/types/review_agent.go:362.2,362.21 1 0
dev.helix.code/internal/agent/types/review_agent.go:366.90,370.62 2 0
dev.helix.code/internal/agent/types/review_agent.go:370.62,375.3 4 0
dev.helix.code/internal/agent/types/review_agent.go:379.2,379.17 1 0
dev.helix.code/internal/agent/types/review_agent.go:383.128,395.16 4 1
dev.helix.code/internal/agent/types/review_agent.go:395.16,398.3 2 0
dev.helix.code/internal/agent/types/review_agent.go:399.2,403.27 3 1
dev.helix.code/internal/agent/types/review_agent.go:403.27,404.32 1 0
dev.helix.code/internal/agent/types/review_agent.go:404.32,405.50 1 0
dev.helix.code/internal/agent/types/review_agent.go:405.50,408.34 2 0
dev.helix.code/internal/agent/types/review_agent.go:408.34,410.54 2 0
dev.helix.code/internal/agent/types/review_agent.go:410.54,412.7 1 0
dev.helix.code/internal/agent/types/review_agent.go:415.5,415.32 1 0
dev.helix.code/internal/agent/types/review_agent.go:415.32,428.20 4 0
dev.helix.code/internal/agent/types/review_agent.go:428.20,429.15 1 0
dev.helix.code/internal/agent/types/review_agent.go:432.6,444.52 4 0
dev.helix.code/internal/agent/types/review_agent.go:451.2,454.20 3 1
dev.helix.code/internal/agent/types/review_agent.go:458.59,461.2 2 1
dev.helix.code/internal/agent/types/testing_agent.go:23.129,24.21 1 1
dev.helix.code/internal/agent/types/testing_agent.go:24.21,26.3 1 1
dev.helix.code/internal/agent/types/testing_agent.go:27.2,27.25 1 1
dev.helix.code/internal/agent/types/testing_agent.go:27.25,29.3 1 1
dev.helix.code/internal/agent/types/testing_agent.go:31.2,37.8 2 1
dev.helix.code/internal/agent/types/testing_agent.go:41.89,44.2 2 1
dev.helix.code/internal/agent/types/testing_agent.go:47.89,59.9 7 1
dev.helix.code/internal/agent/types/testing_agent.go:59.9,64.3 4 1
dev.helix.code/internal/agent/types/testing_agent.go:66.2,68.25 3 1
dev.helix.code/internal/agent/types/testing_agent.go:68.25,70.3 1 1
dev.helix.code/internal/agent/types/testing_agent.go:73.2,74.16 2 1
dev.helix.code/internal/agent/types/testing_agent.go:74.16,78.3 3 1
dev.helix.code/internal/agent/types/testing_agent.go:81.2,83.16 3 1
dev.helix.code/internal/agent/types/testing_agent.go:83.16,87.3 3 1
dev.helix.code/internal/agent/types/testing_agent.go:90.2,92.18 3 0
dev.helix.code/internal/agent/types/testing_agent.go:92.18,94.17 2 0
dev.helix.code/internal/agent/types/testing_agent.go:94.17,100.4 1 0
dev.helix.code/internal/agent/types/testing_agent.go:104.2,124.20 6 0
dev.helix.code/internal/agent/types/testing_agent.go:128.119,157.22 3 1
dev.helix.code/internal/agent/types/testing_agent.go:157.22,159.3 1 1
dev.helix.code/internal/agent/types/testing_agent.go:161.2,169.16 3 1
dev.helix.code/internal/agent/types/testing_agent.go:169.16,171.3 1 0
dev.helix.code/internal/agent/types/testing_agent.go:173.2,173.28 1 1
dev.helix.code/internal/agent/types/testing_agent.go:173.28,175.3 1 0
dev.helix.code/internal/agent/types/testing_agent.go:178.2,183.80 2 1
dev.helix.code/internal/agent/types/testing_agent.go:183.80,185.3 1 0
dev.helix.code/internal/agent/types/testing_agent.go:187.2,187.59 1 1
dev.helix.code/internal/agent/types/testing_agent.go:191.114,194.24 2 1
dev.helix.code/internal/agent/types/testing_agent.go:194.24,206.3 3 0
dev.helix.code/internal/agent/types/testing_agent.go:209.2,210.16 2 1
dev.helix.code/internal/agent/types/testing_agent.go:210.16,212.3 1 1
dev.helix.code/internal/agent/types/testing_agent.go:215.2,222.16 3 0
dev.helix.code/internal/agent/types/testing_agent.go:222.16,224.3 1 0
dev.helix.code/internal/agent/types/testing_agent.go:227.2,238.23 3 0
dev.helix.code/internal/agent/types/testing_agent.go:242.111,245.16 2 0
dev.helix.code/internal/agent/types/testing_agent.go:245.16,247.3 1 0
dev.helix.code/internal/agent/types/testing_agent.go:251.2,259.16 4 0
dev.helix.code/internal/agent/types/testing_agent.go:259.16,261.3 1 0
dev.helix.code/internal/agent/types/testing_agent.go:264.2,269.21 2 0
dev.helix.code/internal/agent/types/testing_agent.go:273.129,285.16 4 1
dev.helix.code/internal/agent/types/testing_agent.go:285.16,288.3 2 1
dev.helix.code/internal/agent/types/testing_agent.go:289.2,292.31 2 0
dev.helix.code/internal/agent/types/testing_agent.go:292.31,293.44 1 0
dev.helix.code/internal/agent/types/testing_agent.go:293.44,304.4 2 0
dev.helix.code/internal/agent/types/testing_agent.go:308.2,311.20 3 0
dev.helix.code/internal/agent/types/testing_agent.go:315.60,318.2 2 1
dev.helix.code/internal/agent/types/testing_agent.go:322.46,323.20 1 1
dev.helix.code/internal/agent/types/testing_agent.go:323.20,325.3 1 1
dev.helix.code/internal/agent/types/testing_agent.go:327.2,327.62 1 1
dev.helix.code/internal/agent/types/testing_agent.go:327.62,329.3 1 1
dev.helix.code/internal/agent/types/testing_agent.go:330.2,330.27 1 1
dev.helix.code/internal/agent/types/testing_agent.go:333.51,335.46 1 1
dev.helix.code/internal/agent/types/testing_agent.go:335.46,336.29 1 1
dev.helix.code/internal/agent/types/testing_agent.go:336.29,338.4 1 1
dev.helix.code/internal/agent/types/testing_agent.go:340.2,340.12 1 1
dev.helix.code/internal/agent/types/utils.go:4.34,5.16 1 1
dev.helix.code/internal/agent/types/utils.go:5.16,7.3 1 1
dev.helix.code/internal/agent/types/utils.go:8.2,9.25 2 1
dev.helix.code/internal/agent/types/utils.go:9.25,10.16 1 1
dev.helix.code/internal/agent/types/utils.go:10.16,12.4 1 1
dev.helix.code/internal/agent/types/utils.go:14.2,14.14 1 1
