mode: set
dev.helix.code/internal/server/handlers.go:15.47,22.2 1 0
dev.helix.code/internal/server/handlers.go:26.43,34.47 2 0
dev.helix.code/internal/server/handlers.go:34.47,41.3 2 0
dev.helix.code/internal/server/handlers.go:43.2,44.16 2 0
dev.helix.code/internal/server/handlers.go:44.16,51.3 2 0
dev.helix.code/internal/server/handlers.go:53.2,56.4 1 0
dev.helix.code/internal/server/handlers.go:59.40,65.47 2 0
dev.helix.code/internal/server/handlers.go:65.47,72.3 2 0
dev.helix.code/internal/server/handlers.go:74.2,75.16 2 0
dev.helix.code/internal/server/handlers.go:75.16,82.3 2 0
dev.helix.code/internal/server/handlers.go:85.2,86.16 2 0
dev.helix.code/internal/server/handlers.go:86.16,93.3 2 0
dev.helix.code/internal/server/handlers.go:95.2,100.4 1 0
dev.helix.code/internal/server/handlers.go:103.41,106.77 2 0
dev.helix.code/internal/server/handlers.go:106.77,112.3 2 0
dev.helix.code/internal/server/handlers.go:114.2,118.66 2 0
dev.helix.code/internal/server/handlers.go:118.66,121.3 1 0
dev.helix.code/internal/server/handlers.go:123.2,126.4 1 0
dev.helix.code/internal/server/handlers.go:129.47,132.13 2 0
dev.helix.code/internal/server/handlers.go:132.13,138.3 2 0
dev.helix.code/internal/server/handlers.go:140.2,141.9 2 0
dev.helix.code/internal/server/handlers.go:141.9,147.3 2 0
dev.helix.code/internal/server/handlers.go:150.2,151.16 2 0
dev.helix.code/internal/server/handlers.go:151.16,158.3 2 0
dev.helix.code/internal/server/handlers.go:160.2,163.4 1 0
dev.helix.code/internal/server/handlers.go:166.49,169.13 2 0
dev.helix.code/internal/server/handlers.go:169.13,175.3 2 0
dev.helix.code/internal/server/handlers.go:177.2,178.9 2 0
dev.helix.code/internal/server/handlers.go:178.9,184.3 2 0
dev.helix.code/internal/server/handlers.go:186.2,189.4 1 0
dev.helix.code/internal/server/handlers.go:192.48,200.47 2 0
dev.helix.code/internal/server/handlers.go:200.47,207.3 2 0
dev.helix.code/internal/server/handlers.go:211.2,224.4 2 0
dev.helix.code/internal/server/handlers.go:227.45,246.2 3 0
dev.helix.code/internal/server/handlers.go:248.48,256.47 3 0
dev.helix.code/internal/server/handlers.go:256.47,263.3 2 0
dev.helix.code/internal/server/handlers.go:267.2,280.4 2 0
dev.helix.code/internal/server/handlers.go:283.48,290.2 1 0
dev.helix.code/internal/server/handlers.go:294.44,300.2 1 0
dev.helix.code/internal/server/handlers.go:302.45,312.47 2 0
dev.helix.code/internal/server/handlers.go:312.47,319.3 2 0
dev.helix.code/internal/server/handlers.go:322.2,334.4 2 0
dev.helix.code/internal/server/handlers.go:337.42,354.2 3 0
dev.helix.code/internal/server/handlers.go:356.45,363.47 3 0
dev.helix.code/internal/server/handlers.go:363.47,370.3 2 0
dev.helix.code/internal/server/handlers.go:373.2,386.4 2 0
dev.helix.code/internal/server/handlers.go:389.45,394.2 1 0
dev.helix.code/internal/server/handlers.go:398.46,404.2 1 0
dev.helix.code/internal/server/handlers.go:406.44,422.2 3 0
dev.helix.code/internal/server/handlers.go:426.49,439.26 2 1
dev.helix.code/internal/server/handlers.go:439.26,441.17 2 0
dev.helix.code/internal/server/handlers.go:441.17,444.28 2 0
dev.helix.code/internal/server/handlers.go:444.28,445.29 1 0
dev.helix.code/internal/server/handlers.go:446.20,447.20 1 0
dev.helix.code/internal/server/handlers.go:448.20,449.20 1 0
dev.helix.code/internal/server/handlers.go:450.22,451.22 1 0
dev.helix.code/internal/server/handlers.go:452.19,453.19 1 0
dev.helix.code/internal/server/handlers.go:460.2,460.28 1 1
dev.helix.code/internal/server/handlers.go:460.28,462.17 2 0
dev.helix.code/internal/server/handlers.go:462.17,465.30 2 0
dev.helix.code/internal/server/handlers.go:465.30,466.37 1 0
dev.helix.code/internal/server/handlers.go:466.37,468.6 1 0
dev.helix.code/internal/server/handlers.go:474.2,496.4 3 1
dev.helix.code/internal/server/handlers.go:499.50,502.43 2 0
dev.helix.code/internal/server/handlers.go:502.43,504.3 1 0
dev.helix.code/internal/server/handlers.go:506.2,515.4 2 0
dev.helix.code/internal/server/handlers.go:520.58,527.16 5 0
dev.helix.code/internal/server/handlers.go:527.16,534.3 2 0
dev.helix.code/internal/server/handlers.go:536.2,539.4 1 0
dev.helix.code/internal/server/handlers.go:542.58,549.16 5 0
dev.helix.code/internal/server/handlers.go:549.16,556.3 2 0
dev.helix.code/internal/server/handlers.go:558.2,561.4 1 0
dev.helix.code/internal/server/handlers.go:564.57,571.16 5 0
dev.helix.code/internal/server/handlers.go:571.16,578.3 2 0
dev.helix.code/internal/server/handlers.go:580.2,583.4 1 0
dev.helix.code/internal/server/handlers.go:586.61,593.16 5 0
dev.helix.code/internal/server/handlers.go:593.16,600.3 2 0
dev.helix.code/internal/server/handlers.go:602.2,605.4 1 0
dev.helix.code/internal/server/server.go:39.80,41.34 1 1
dev.helix.code/internal/server/server.go:41.34,43.3 1 1
dev.helix.code/internal/server/server.go:43.8,45.3 1 1
dev.helix.code/internal/server/server.go:47.2,57.15 7 1
dev.helix.code/internal/server/server.go:57.15,66.3 3 0
dev.helix.code/internal/server/server.go:69.2,80.15 5 1
dev.helix.code/internal/server/server.go:80.15,83.3 2 0
dev.helix.code/internal/server/server.go:85.2,110.15 4 1
dev.helix.code/internal/server/server.go:114.32,117.2 2 0
dev.helix.code/internal/server/server.go:120.54,122.2 1 0
dev.helix.code/internal/server/server.go:125.32,131.2 3 1
dev.helix.code/internal/server/server.go:131.2,134.3 2 1
dev.helix.code/internal/server/server.go:134.3,139.4 4 1
dev.helix.code/internal/server/server.go:142.3,144.3 3 1
dev.helix.code/internal/server/server.go:144.3,148.4 3 1
dev.helix.code/internal/server/server.go:151.3,153.3 3 1
dev.helix.code/internal/server/server.go:153.3,161.4 7 1
dev.helix.code/internal/server/server.go:164.3,166.3 3 1
dev.helix.code/internal/server/server.go:166.3,179.4 12 1
dev.helix.code/internal/server/server.go:182.3,184.3 3 1
dev.helix.code/internal/server/server.go:184.3,197.4 10 1
dev.helix.code/internal/server/server.go:200.3,202.3 3 1
dev.helix.code/internal/server/server.go:202.3,208.4 5 1
dev.helix.code/internal/server/server.go:211.3,213.3 3 1
dev.helix.code/internal/server/server.go:213.3,216.4 2 1
dev.helix.code/internal/server/server.go:220.2,225.70 4 1
dev.helix.code/internal/server/server.go:230.46,232.17 1 1
dev.helix.code/internal/server/server.go:232.17,233.44 1 0
dev.helix.code/internal/server/server.go:233.44,240.4 2 0
dev.helix.code/internal/server/server.go:244.2,244.25 1 1
dev.helix.code/internal/server/server.go:244.25,245.108 1 0
dev.helix.code/internal/server/server.go:245.108,247.66 1 0
dev.helix.code/internal/server/server.go:247.66,254.5 2 0
dev.helix.code/internal/server/server.go:258.2,262.4 1 1
dev.helix.code/internal/server/server.go:265.49,270.2 1 0
dev.helix.code/internal/server/server.go:274.51,275.30 1 1
dev.helix.code/internal/server/server.go:275.30,278.23 2 0
dev.helix.code/internal/server/server.go:278.23,285.4 3 0
dev.helix.code/internal/server/server.go:288.3,289.93 2 0
dev.helix.code/internal/server/server.go:289.93,296.4 3 0
dev.helix.code/internal/server/server.go:298.3,302.17 3 0
dev.helix.code/internal/server/server.go:302.17,310.4 3 0
dev.helix.code/internal/server/server.go:313.3,314.11 2 0
dev.helix.code/internal/server/server.go:319.50,321.2 1 0
dev.helix.code/internal/server/server.go:324.39,325.30 1 1
dev.helix.code/internal/server/server.go:325.30,331.36 5 1
dev.helix.code/internal/server/server.go:331.36,334.4 2 1
dev.helix.code/internal/server/server.go:336.3,336.11 1 0
dev.helix.code/internal/server/server.go:341.43,342.30 1 1
dev.helix.code/internal/server/server.go:342.30,348.3 5 1
