mode: set
dev.helix.code/internal/tools/web/cache.go:50.87,53.16 2 1
dev.helix.code/internal/tools/web/cache.go:53.16,56.3 1 0
dev.helix.code/internal/tools/web/cache.go:59.2,59.20 1 1
dev.helix.code/internal/tools/web/cache.go:59.20,61.3 1 1
dev.helix.code/internal/tools/web/cache.go:63.2,71.11 2 1
dev.helix.code/internal/tools/web/cache.go:75.56,80.24 3 1
dev.helix.code/internal/tools/web/cache.go:80.24,81.44 1 1
dev.helix.code/internal/tools/web/cache.go:81.44,83.42 1 1
dev.helix.code/internal/tools/web/cache.go:83.42,86.5 2 1
dev.helix.code/internal/tools/web/cache.go:88.4,88.27 1 1
dev.helix.code/internal/tools/web/cache.go:93.2,93.44 1 1
dev.helix.code/internal/tools/web/cache.go:93.44,95.41 1 1
dev.helix.code/internal/tools/web/cache.go:95.41,97.26 1 1
dev.helix.code/internal/tools/web/cache.go:97.26,99.5 1 1
dev.helix.code/internal/tools/web/cache.go:100.4,101.28 2 1
dev.helix.code/internal/tools/web/cache.go:104.3,104.27 1 1
dev.helix.code/internal/tools/web/cache.go:107.2,108.19 2 1
dev.helix.code/internal/tools/web/cache.go:112.55,125.24 4 1
dev.helix.code/internal/tools/web/cache.go:125.24,127.3 1 1
dev.helix.code/internal/tools/web/cache.go:130.2,130.25 1 1
dev.helix.code/internal/tools/web/cache.go:130.25,132.3 1 1
dev.helix.code/internal/tools/web/cache.go:134.2,134.45 1 1
dev.helix.code/internal/tools/web/cache.go:138.44,142.24 3 0
dev.helix.code/internal/tools/web/cache.go:142.24,144.3 1 0
dev.helix.code/internal/tools/web/cache.go:146.2,146.25 1 0
dev.helix.code/internal/tools/web/cache.go:146.25,148.3 1 0
dev.helix.code/internal/tools/web/cache.go:152.39,156.24 3 1
dev.helix.code/internal/tools/web/cache.go:156.24,158.3 1 1
dev.helix.code/internal/tools/web/cache.go:160.2,160.25 1 1
dev.helix.code/internal/tools/web/cache.go:160.25,162.3 1 1
dev.helix.code/internal/tools/web/cache.go:164.2,164.12 1 0
dev.helix.code/internal/tools/web/cache.go:168.48,170.2 1 1
dev.helix.code/internal/tools/web/cache.go:173.41,174.25 1 1
dev.helix.code/internal/tools/web/cache.go:174.25,176.3 1 1
dev.helix.code/internal/tools/web/cache.go:177.2,177.12 1 0
dev.helix.code/internal/tools/web/cache.go:181.39,183.2 1 1
dev.helix.code/internal/tools/web/cache.go:186.42,190.2 1 1
dev.helix.code/internal/tools/web/cache.go:193.58,199.16 5 1
dev.helix.code/internal/tools/web/cache.go:199.16,201.3 1 1
dev.helix.code/internal/tools/web/cache.go:203.2,204.53 2 1
dev.helix.code/internal/tools/web/cache.go:204.53,206.3 1 0
dev.helix.code/internal/tools/web/cache.go:208.2,208.21 1 1
dev.helix.code/internal/tools/web/cache.go:212.63,220.47 5 1
dev.helix.code/internal/tools/web/cache.go:220.47,222.3 1 0
dev.helix.code/internal/tools/web/cache.go:224.2,225.16 2 1
dev.helix.code/internal/tools/web/cache.go:225.16,227.3 1 0
dev.helix.code/internal/tools/web/cache.go:229.2,229.55 1 1
dev.helix.code/internal/tools/web/cache.go:229.55,231.3 1 0
dev.helix.code/internal/tools/web/cache.go:233.2,233.12 1 1
dev.helix.code/internal/tools/web/cache.go:237.47,243.39 5 1
dev.helix.code/internal/tools/web/cache.go:243.39,245.3 1 0
dev.helix.code/internal/tools/web/cache.go:246.2,246.12 1 1
dev.helix.code/internal/tools/web/cache.go:250.36,254.45 3 1
dev.helix.code/internal/tools/web/cache.go:254.45,256.3 1 0
dev.helix.code/internal/tools/web/cache.go:258.2,258.12 1 1
dev.helix.code/internal/tools/web/cache.go:262.55,266.84 3 1
dev.helix.code/internal/tools/web/cache.go:266.84,267.33 1 1
dev.helix.code/internal/tools/web/cache.go:267.33,269.4 1 1
dev.helix.code/internal/tools/web/cache.go:272.3,272.39 1 1
dev.helix.code/internal/tools/web/cache.go:272.39,273.42 1 0
dev.helix.code/internal/tools/web/cache.go:273.42,275.5 1 0
dev.helix.code/internal/tools/web/cache.go:278.3,278.13 1 1
dev.helix.code/internal/tools/web/cache.go:283.49,288.2 3 1
dev.helix.code/internal/tools/web/fetch.go:46.121,53.2 1 1
dev.helix.code/internal/tools/web/fetch.go:56.102,58.46 1 1
dev.helix.code/internal/tools/web/fetch.go:58.46,60.3 1 0
dev.helix.code/internal/tools/web/fetch.go:63.2,63.27 1 1
dev.helix.code/internal/tools/web/fetch.go:63.27,65.53 2 1
dev.helix.code/internal/tools/web/fetch.go:65.53,74.4 1 1
dev.helix.code/internal/tools/web/fetch.go:78.2,78.26 1 1
dev.helix.code/internal/tools/web/fetch.go:78.26,80.62 2 1
dev.helix.code/internal/tools/web/fetch.go:80.62,82.4 1 0
dev.helix.code/internal/tools/web/fetch.go:86.2,87.16 2 1
dev.helix.code/internal/tools/web/fetch.go:87.16,89.3 1 0
dev.helix.code/internal/tools/web/fetch.go:92.2,96.16 3 1
dev.helix.code/internal/tools/web/fetch.go:96.16,98.3 1 1
dev.helix.code/internal/tools/web/fetch.go:99.2,102.53 2 1
dev.helix.code/internal/tools/web/fetch.go:102.53,109.3 2 1
dev.helix.code/internal/tools/web/fetch.go:111.2,111.38 1 1
dev.helix.code/internal/tools/web/fetch.go:111.38,114.3 2 1
dev.helix.code/internal/tools/web/fetch.go:117.2,118.18 2 1
dev.helix.code/internal/tools/web/fetch.go:118.18,120.3 1 1
dev.helix.code/internal/tools/web/fetch.go:122.2,123.16 2 1
dev.helix.code/internal/tools/web/fetch.go:123.16,125.3 1 0
dev.helix.code/internal/tools/web/fetch.go:127.2,138.27 2 1
dev.helix.code/internal/tools/web/fetch.go:138.27,141.3 2 1
dev.helix.code/internal/tools/web/fetch.go:143.2,143.20 1 1
dev.helix.code/internal/tools/web/fetch.go:147.68,150.21 2 1
dev.helix.code/internal/tools/web/fetch.go:150.21,152.3 1 1
dev.helix.code/internal/tools/web/fetch.go:153.2,161.33 5 1
dev.helix.code/internal/tools/web/fetch.go:161.33,163.3 1 0
dev.helix.code/internal/tools/web/fetch.go:167.75,170.16 3 1
dev.helix.code/internal/tools/web/fetch.go:170.16,172.3 1 0
dev.helix.code/internal/tools/web/fetch.go:173.2,173.18 1 1
dev.helix.code/internal/tools/web/fetch.go:177.44,178.35 1 1
dev.helix.code/internal/tools/web/fetch.go:178.35,180.3 1 0
dev.helix.code/internal/tools/web/fetch.go:181.2,181.65 1 1
dev.helix.code/internal/tools/web/fetch.go:185.52,187.16 2 1
dev.helix.code/internal/tools/web/fetch.go:187.16,189.3 1 0
dev.helix.code/internal/tools/web/fetch.go:192.2,192.57 1 1
dev.helix.code/internal/tools/web/fetch.go:192.57,194.3 1 1
dev.helix.code/internal/tools/web/fetch.go:197.2,197.23 1 1
dev.helix.code/internal/tools/web/fetch.go:197.23,199.3 1 1
dev.helix.code/internal/tools/web/fetch.go:202.2,202.50 1 1
dev.helix.code/internal/tools/web/fetch.go:202.50,203.40 1 1
dev.helix.code/internal/tools/web/fetch.go:203.40,205.4 1 0
dev.helix.code/internal/tools/web/fetch.go:209.2,209.31 1 1
dev.helix.code/internal/tools/web/fetch.go:209.31,210.31 1 1
dev.helix.code/internal/tools/web/fetch.go:210.31,212.4 1 1
dev.helix.code/internal/tools/web/fetch.go:215.2,215.12 1 1
dev.helix.code/internal/tools/web/fetch.go:219.47,221.38 1 1
dev.helix.code/internal/tools/web/fetch.go:221.38,224.3 2 1
dev.helix.code/internal/tools/web/fetch.go:225.2,225.26 1 0
dev.helix.code/internal/tools/web/fetch.go:229.36,231.33 1 1
dev.helix.code/internal/tools/web/fetch.go:231.33,234.17 3 1
dev.helix.code/internal/tools/web/fetch.go:234.17,236.4 1 0
dev.helix.code/internal/tools/web/fetch.go:239.2,240.15 2 1
dev.helix.code/internal/tools/web/fetch.go:240.15,243.34 2 1
dev.helix.code/internal/tools/web/fetch.go:243.34,245.4 1 0
dev.helix.code/internal/tools/web/fetch.go:246.3,246.14 1 1
dev.helix.code/internal/tools/web/fetch.go:249.2,249.42 1 1
dev.helix.code/internal/tools/web/fetch.go:253.112,262.12 5 1
dev.helix.code/internal/tools/web/fetch.go:262.12,263.28 1 1
dev.helix.code/internal/tools/web/fetch.go:263.28,264.11 1 1
dev.helix.code/internal/tools/web/fetch.go:265.22,267.13 2 0
dev.helix.code/internal/tools/web/fetch.go:268.33,268.33 0 1
dev.helix.code/internal/tools/web/fetch.go:271.4,271.31 1 1
dev.helix.code/internal/tools/web/fetch.go:271.31,272.18 1 1
dev.helix.code/internal/tools/web/fetch.go:272.18,272.33 1 1
dev.helix.code/internal/tools/web/fetch.go:273.5,275.22 3 1
dev.helix.code/internal/tools/web/fetch.go:280.3,280.39 1 1
dev.helix.code/internal/tools/web/fetch.go:280.39,282.4 1 1
dev.helix.code/internal/tools/web/fetch.go:283.3,283.14 1 1
dev.helix.code/internal/tools/web/fetch.go:286.2,286.9 1 1
dev.helix.code/internal/tools/web/fetch.go:287.14,287.14 0 1
dev.helix.code/internal/tools/web/fetch.go:288.20,289.24 1 0
dev.helix.code/internal/tools/web/fetch.go:293.2,293.29 1 1
dev.helix.code/internal/tools/web/fetch.go:293.29,294.17 1 1
dev.helix.code/internal/tools/web/fetch.go:294.17,296.4 1 0
dev.helix.code/internal/tools/web/fetch.go:299.2,299.21 1 1
dev.helix.code/internal/tools/web/parser.go:38.40,42.2 1 1
dev.helix.code/internal/tools/web/parser.go:45.84,48.16 2 1
dev.helix.code/internal/tools/web/parser.go:48.16,50.3 1 0
dev.helix.code/internal/tools/web/parser.go:53.2,56.28 2 1
dev.helix.code/internal/tools/web/parser.go:56.28,58.3 1 1
dev.helix.code/internal/tools/web/parser.go:59.2,59.27 1 1
dev.helix.code/internal/tools/web/parser.go:59.27,61.3 1 1
dev.helix.code/internal/tools/web/parser.go:62.2,62.31 1 1
dev.helix.code/internal/tools/web/parser.go:62.31,67.3 4 1
dev.helix.code/internal/tools/web/parser.go:70.2,79.8 3 1
dev.helix.code/internal/tools/web/parser.go:83.59,89.31 3 1
dev.helix.code/internal/tools/web/parser.go:89.31,90.33 1 1
dev.helix.code/internal/tools/web/parser.go:90.33,91.18 1 1
dev.helix.code/internal/tools/web/parser.go:92.17,93.28 1 1
dev.helix.code/internal/tools/web/parser.go:93.28,95.6 1 1
dev.helix.code/internal/tools/web/parser.go:96.16,97.35 1 1
dev.helix.code/internal/tools/web/parser.go:98.16,99.33 1 1
dev.helix.code/internal/tools/web/parser.go:99.33,100.28 1 1
dev.helix.code/internal/tools/web/parser.go:100.28,102.7 1 1
dev.helix.code/internal/tools/web/parser.go:107.3,107.54 1 1
dev.helix.code/internal/tools/web/parser.go:107.54,109.4 1 1
dev.helix.code/internal/tools/web/parser.go:112.2,112.30 1 1
dev.helix.code/internal/tools/web/parser.go:112.30,114.3 1 1
dev.helix.code/internal/tools/web/parser.go:116.2,116.17 1 1
dev.helix.code/internal/tools/web/parser.go:120.67,123.30 2 1
dev.helix.code/internal/tools/web/parser.go:123.30,124.19 1 1
dev.helix.code/internal/tools/web/parser.go:125.15,126.19 1 1
dev.helix.code/internal/tools/web/parser.go:127.19,128.23 1 1
dev.helix.code/internal/tools/web/parser.go:129.18,130.22 1 1
dev.helix.code/internal/tools/web/parser.go:134.2,134.14 1 1
dev.helix.code/internal/tools/web/parser.go:135.21,136.33 1 1
dev.helix.code/internal/tools/web/parser.go:137.16,138.28 1 1
dev.helix.code/internal/tools/web/parser.go:139.18,141.36 2 1
dev.helix.code/internal/tools/web/parser.go:141.36,143.4 1 1
dev.helix.code/internal/tools/web/parser.go:146.2,146.18 1 1
dev.helix.code/internal/tools/web/parser.go:147.18,148.27 1 0
dev.helix.code/internal/tools/web/parser.go:148.27,150.4 1 0
dev.helix.code/internal/tools/web/parser.go:151.24,152.33 1 0
dev.helix.code/internal/tools/web/parser.go:152.33,154.4 1 0
dev.helix.code/internal/tools/web/parser.go:155.18,156.27 1 1
dev.helix.code/internal/tools/web/parser.go:161.63,165.31 3 1
dev.helix.code/internal/tools/web/parser.go:165.31,166.60 1 1
dev.helix.code/internal/tools/web/parser.go:166.60,168.4 1 1
dev.helix.code/internal/tools/web/parser.go:169.3,169.57 1 1
dev.helix.code/internal/tools/web/parser.go:169.57,171.4 1 1
dev.helix.code/internal/tools/web/parser.go:174.2,176.32 2 1
dev.helix.code/internal/tools/web/parser.go:176.32,177.25 1 1
dev.helix.code/internal/tools/web/parser.go:177.25,179.4 1 1
dev.helix.code/internal/tools/web/parser.go:184.57,188.2 3 1
dev.helix.code/internal/tools/web/parser.go:191.77,192.16 1 1
dev.helix.code/internal/tools/web/parser.go:193.21,195.17 2 1
dev.helix.code/internal/tools/web/parser.go:195.17,198.4 2 1
dev.helix.code/internal/tools/web/parser.go:200.24,201.17 1 1
dev.helix.code/internal/tools/web/parser.go:202.13,205.27 3 1
dev.helix.code/internal/tools/web/parser.go:206.13,209.27 3 0
dev.helix.code/internal/tools/web/parser.go:210.13,213.27 3 0
dev.helix.code/internal/tools/web/parser.go:214.13,217.27 3 0
dev.helix.code/internal/tools/web/parser.go:218.13,221.27 3 0
dev.helix.code/internal/tools/web/parser.go:222.13,225.27 3 0
dev.helix.code/internal/tools/web/parser.go:226.12,229.27 3 1
dev.helix.code/internal/tools/web/parser.go:230.13,231.25 1 0
dev.helix.code/internal/tools/web/parser.go:232.22,234.18 2 1
dev.helix.code/internal/tools/web/parser.go:234.18,238.5 3 1
dev.helix.code/internal/tools/web/parser.go:239.18,242.24 3 0
dev.helix.code/internal/tools/web/parser.go:243.15,246.24 3 0
dev.helix.code/internal/tools/web/parser.go:247.14,250.32 3 0
dev.helix.code/internal/tools/web/parser.go:251.12,253.32 2 1
dev.helix.code/internal/tools/web/parser.go:253.32,254.27 1 1
dev.helix.code/internal/tools/web/parser.go:254.27,256.11 2 1
dev.helix.code/internal/tools/web/parser.go:259.4,260.32 2 1
dev.helix.code/internal/tools/web/parser.go:260.32,266.5 5 1
dev.helix.code/internal/tools/web/parser.go:266.10,268.5 1 0
dev.helix.code/internal/tools/web/parser.go:269.14,272.32 3 1
dev.helix.code/internal/tools/web/parser.go:272.32,273.26 1 1
dev.helix.code/internal/tools/web/parser.go:273.26,275.6 1 1
dev.helix.code/internal/tools/web/parser.go:275.11,275.33 1 1
dev.helix.code/internal/tools/web/parser.go:275.33,277.6 1 1
dev.helix.code/internal/tools/web/parser.go:279.4,283.24 5 1
dev.helix.code/internal/tools/web/parser.go:284.13,287.25 3 1
dev.helix.code/internal/tools/web/parser.go:288.13,291.25 3 0
dev.helix.code/internal/tools/web/parser.go:292.13,296.25 4 1
dev.helix.code/internal/tools/web/parser.go:297.21,300.27 3 0
dev.helix.code/internal/tools/web/parser.go:301.13,302.32 1 0
dev.helix.code/internal/tools/web/parser.go:303.16,306.25 3 0
dev.helix.code/internal/tools/web/parser.go:307.13,310.25 3 0
dev.helix.code/internal/tools/web/parser.go:311.19,313.26 2 0
dev.helix.code/internal/tools/web/parser.go:314.11,315.34 1 1
dev.helix.code/internal/tools/web/parser.go:318.10,319.54 1 1
dev.helix.code/internal/tools/web/parser.go:319.54,321.4 1 1
dev.helix.code/internal/tools/web/parser.go:326.76,327.53 1 1
dev.helix.code/internal/tools/web/parser.go:327.53,329.3 1 1
dev.helix.code/internal/tools/web/parser.go:333.52,336.34 3 1
dev.helix.code/internal/tools/web/parser.go:336.34,337.33 1 1
dev.helix.code/internal/tools/web/parser.go:337.33,339.4 1 1
dev.helix.code/internal/tools/web/parser.go:340.3,340.57 1 1
dev.helix.code/internal/tools/web/parser.go:340.57,342.4 1 1
dev.helix.code/internal/tools/web/parser.go:344.2,345.21 2 1
dev.helix.code/internal/tools/web/parser.go:349.56,355.29 3 1
dev.helix.code/internal/tools/web/parser.go:355.29,357.3 1 1
dev.helix.code/internal/tools/web/parser.go:358.2,363.36 3 1
dev.helix.code/internal/tools/web/parser.go:367.66,369.16 2 1
dev.helix.code/internal/tools/web/parser.go:369.16,371.3 1 0
dev.helix.code/internal/tools/web/parser.go:373.2,376.31 3 1
dev.helix.code/internal/tools/web/parser.go:376.31,377.30 1 1
dev.helix.code/internal/tools/web/parser.go:377.30,379.18 2 1
dev.helix.code/internal/tools/web/parser.go:379.18,382.5 2 1
dev.helix.code/internal/tools/web/parser.go:385.3,385.54 1 1
dev.helix.code/internal/tools/web/parser.go:385.54,387.4 1 1
dev.helix.code/internal/tools/web/parser.go:390.2,391.45 2 1
dev.helix.code/internal/tools/web/ratelimiter.go:24.36,34.2 1 1
dev.helix.code/internal/tools/web/ratelimiter.go:37.68,40.2 2 1
dev.helix.code/internal/tools/web/ratelimiter.go:43.47,46.2 2 1
dev.helix.code/internal/tools/web/ratelimiter.go:49.62,52.2 2 0
dev.helix.code/internal/tools/web/ratelimiter.go:55.61,60.8 4 1
dev.helix.code/internal/tools/web/ratelimiter.go:60.8,62.3 1 1
dev.helix.code/internal/tools/web/ratelimiter.go:64.2,68.41 3 1
dev.helix.code/internal/tools/web/ratelimiter.go:68.41,70.3 1 0
dev.helix.code/internal/tools/web/ratelimiter.go:73.2,74.34 2 1
dev.helix.code/internal/tools/web/ratelimiter.go:74.34,76.3 1 1
dev.helix.code/internal/tools/web/ratelimiter.go:78.2,81.16 3 1
dev.helix.code/internal/tools/web/ratelimiter.go:85.62,92.2 4 1
dev.helix.code/internal/tools/web/ratelimiter.go:95.55,100.9 4 0
dev.helix.code/internal/tools/web/ratelimiter.go:100.9,102.3 1 0
dev.helix.code/internal/tools/web/ratelimiter.go:103.2,103.14 1 0
dev.helix.code/internal/tools/web/ratelimiter.go:107.48,113.2 4 0
dev.helix.code/internal/tools/web/ratelimiter.go:116.32,121.2 3 0
dev.helix.code/internal/tools/web/search.go:27.42,28.12 1 0
dev.helix.code/internal/tools/web/search.go:29.22,30.18 1 0
dev.helix.code/internal/tools/web/search.go:31.20,32.16 1 0
dev.helix.code/internal/tools/web/search.go:33.26,34.22 1 0
dev.helix.code/internal/tools/web/search.go:35.10,36.19 1 0
dev.helix.code/internal/tools/web/search.go:100.131,110.59 2 1
dev.helix.code/internal/tools/web/search.go:110.59,116.3 1 0
dev.helix.code/internal/tools/web/search.go:118.2,118.29 1 1
dev.helix.code/internal/tools/web/search.go:118.29,123.3 1 0
dev.helix.code/internal/tools/web/search.go:126.2,130.11 2 1
dev.helix.code/internal/tools/web/search.go:134.110,136.26 1 0
dev.helix.code/internal/tools/web/search.go:136.26,138.3 1 0
dev.helix.code/internal/tools/web/search.go:139.2,139.59 1 0
dev.helix.code/internal/tools/web/search.go:139.59,141.3 1 0
dev.helix.code/internal/tools/web/search.go:144.2,145.28 2 0
dev.helix.code/internal/tools/web/search.go:145.28,146.54 1 0
dev.helix.code/internal/tools/web/search.go:146.54,148.58 2 0
dev.helix.code/internal/tools/web/search.go:148.58,150.5 1 0
dev.helix.code/internal/tools/web/search.go:155.2,156.21 2 0
dev.helix.code/internal/tools/web/search.go:156.21,158.3 1 0
dev.helix.code/internal/tools/web/search.go:161.2,161.27 1 0
dev.helix.code/internal/tools/web/search.go:161.27,162.74 1 0
dev.helix.code/internal/tools/web/search.go:162.74,164.4 1 0
dev.helix.code/internal/tools/web/search.go:168.2,169.16 2 0
dev.helix.code/internal/tools/web/search.go:169.16,171.3 1 0
dev.helix.code/internal/tools/web/search.go:174.2,174.28 1 0
dev.helix.code/internal/tools/web/search.go:174.28,175.52 1 0
dev.helix.code/internal/tools/web/search.go:175.52,177.4 1 0
dev.helix.code/internal/tools/web/search.go:180.2,180.20 1 0
dev.helix.code/internal/tools/web/search.go:191.41,193.2 1 0
dev.helix.code/internal/tools/web/search.go:196.112,201.16 3 0
dev.helix.code/internal/tools/web/search.go:201.16,203.3 1 0
dev.helix.code/internal/tools/web/search.go:205.2,206.16 2 0
dev.helix.code/internal/tools/web/search.go:206.16,208.3 1 0
dev.helix.code/internal/tools/web/search.go:209.2,211.38 2 0
dev.helix.code/internal/tools/web/search.go:211.38,214.3 2 0
dev.helix.code/internal/tools/web/search.go:217.2,218.68 2 0
dev.helix.code/internal/tools/web/search.go:218.68,220.3 1 0
dev.helix.code/internal/tools/web/search.go:222.2,222.49 1 0
dev.helix.code/internal/tools/web/search.go:226.83,232.25 5 0
dev.helix.code/internal/tools/web/search.go:232.25,234.3 1 0
dev.helix.code/internal/tools/web/search.go:235.2,235.25 1 0
dev.helix.code/internal/tools/web/search.go:235.25,237.3 1 0
dev.helix.code/internal/tools/web/search.go:238.2,238.24 1 0
dev.helix.code/internal/tools/web/search.go:238.24,240.3 1 0
dev.helix.code/internal/tools/web/search.go:241.2,241.21 1 0
dev.helix.code/internal/tools/web/search.go:241.21,243.3 1 0
dev.helix.code/internal/tools/web/search.go:244.2,244.25 1 0
dev.helix.code/internal/tools/web/search.go:244.25,246.3 1 0
dev.helix.code/internal/tools/web/search.go:247.2,247.21 1 0
dev.helix.code/internal/tools/web/search.go:247.21,249.3 1 0
dev.helix.code/internal/tools/web/search.go:251.2,251.86 1 0
dev.helix.code/internal/tools/web/search.go:269.102,278.96 2 0
dev.helix.code/internal/tools/web/search.go:278.96,280.3 1 0
dev.helix.code/internal/tools/web/search.go:282.2,282.37 1 0
dev.helix.code/internal/tools/web/search.go:282.37,290.3 1 0
dev.helix.code/internal/tools/web/search.go:292.2,292.15 1 0
dev.helix.code/internal/tools/web/search.go:302.39,304.2 1 0
dev.helix.code/internal/tools/web/search.go:307.110,311.16 3 0
dev.helix.code/internal/tools/web/search.go:311.16,313.3 1 0
dev.helix.code/internal/tools/web/search.go:316.2,319.16 3 0
dev.helix.code/internal/tools/web/search.go:319.16,321.3 1 0
dev.helix.code/internal/tools/web/search.go:322.2,324.38 2 0
dev.helix.code/internal/tools/web/search.go:324.38,327.3 2 0
dev.helix.code/internal/tools/web/search.go:329.2,330.68 2 0
dev.helix.code/internal/tools/web/search.go:330.68,332.3 1 0
dev.helix.code/internal/tools/web/search.go:334.2,334.49 1 0
dev.helix.code/internal/tools/web/search.go:338.81,342.25 3 0
dev.helix.code/internal/tools/web/search.go:342.25,344.3 1 0
dev.helix.code/internal/tools/web/search.go:345.2,345.21 1 0
dev.helix.code/internal/tools/web/search.go:345.21,347.3 1 0
dev.helix.code/internal/tools/web/search.go:349.2,349.86 1 0
dev.helix.code/internal/tools/web/search.go:366.98,375.46 2 0
dev.helix.code/internal/tools/web/search.go:375.46,383.3 1 0
dev.helix.code/internal/tools/web/search.go:385.2,385.15 1 0
dev.helix.code/internal/tools/web/search.go:394.46,396.2 1 0
dev.helix.code/internal/tools/web/search.go:399.117,404.16 3 0
dev.helix.code/internal/tools/web/search.go:404.16,406.3 1 0
dev.helix.code/internal/tools/web/search.go:409.2,412.16 3 0
dev.helix.code/internal/tools/web/search.go:412.16,414.3 1 0
dev.helix.code/internal/tools/web/search.go:415.2,417.38 2 0
dev.helix.code/internal/tools/web/search.go:417.38,419.3 1 0
dev.helix.code/internal/tools/web/search.go:422.2,422.57 1 0
dev.helix.code/internal/tools/web/search.go:426.111,428.16 2 0
dev.helix.code/internal/tools/web/search.go:428.16,430.3 1 0
dev.helix.code/internal/tools/web/search.go:432.2,442.31 4 0
dev.helix.code/internal/tools/web/search.go:442.31,443.58 1 0
dev.helix.code/internal/tools/web/search.go:443.58,445.4 1 0
dev.helix.code/internal/tools/web/search.go:447.3,447.52 1 0
dev.helix.code/internal/tools/web/search.go:447.52,449.32 1 0
dev.helix.code/internal/tools/web/search.go:449.32,450.68 1 0
dev.helix.code/internal/tools/web/search.go:450.68,452.21 2 0
dev.helix.code/internal/tools/web/search.go:452.21,455.7 2 0
dev.helix.code/internal/tools/web/search.go:460.3,460.54 1 0
dev.helix.code/internal/tools/web/search.go:460.54,462.4 1 0
dev.helix.code/internal/tools/web/search.go:464.2,467.20 3 0
dev.helix.code/internal/tools/web/search.go:471.90,477.34 3 0
dev.helix.code/internal/tools/web/search.go:477.34,478.36 1 0
dev.helix.code/internal/tools/web/search.go:478.36,479.24 1 0
dev.helix.code/internal/tools/web/search.go:479.24,480.36 1 0
dev.helix.code/internal/tools/web/search.go:480.36,481.72 1 0
dev.helix.code/internal/tools/web/search.go:481.72,483.33 1 0
dev.helix.code/internal/tools/web/search.go:483.33,485.8 1 0
dev.helix.code/internal/tools/web/search.go:487.6,487.28 1 0
dev.helix.code/internal/tools/web/search.go:487.28,489.7 1 0
dev.helix.code/internal/tools/web/search.go:491.10,491.31 1 0
dev.helix.code/internal/tools/web/search.go:491.31,492.36 1 0
dev.helix.code/internal/tools/web/search.go:492.36,493.78 1 0
dev.helix.code/internal/tools/web/search.go:493.78,495.7 1 0
dev.helix.code/internal/tools/web/search.go:500.3,500.57 1 0
dev.helix.code/internal/tools/web/search.go:500.57,502.4 1 0
dev.helix.code/internal/tools/web/search.go:504.2,506.40 2 0
dev.helix.code/internal/tools/web/search.go:506.40,508.3 1 0
dev.helix.code/internal/tools/web/search.go:509.2,509.12 1 0
dev.helix.code/internal/tools/web/search.go:513.39,516.34 3 0
dev.helix.code/internal/tools/web/search.go:516.34,517.33 1 0
dev.helix.code/internal/tools/web/search.go:517.33,519.4 1 0
dev.helix.code/internal/tools/web/search.go:520.3,520.57 1 0
dev.helix.code/internal/tools/web/search.go:520.57,522.4 1 0
dev.helix.code/internal/tools/web/search.go:524.2,525.41 2 0
dev.helix.code/internal/tools/web/web.go:61.30,89.2 1 1
dev.helix.code/internal/tools/web/web.go:92.53,93.19 1 1
dev.helix.code/internal/tools/web/web.go:93.19,95.3 1 1
dev.helix.code/internal/tools/web/web.go:98.2,109.29 2 1
dev.helix.code/internal/tools/web/web.go:109.29,110.81 1 1
dev.helix.code/internal/tools/web/web.go:110.81,112.4 1 1
dev.helix.code/internal/tools/web/web.go:113.8,113.36 1 1
dev.helix.code/internal/tools/web/web.go:113.36,114.81 1 1
dev.helix.code/internal/tools/web/web.go:114.81,115.39 1 0
dev.helix.code/internal/tools/web/web.go:115.39,117.5 1 0
dev.helix.code/internal/tools/web/web.go:118.4,118.14 1 0
dev.helix.code/internal/tools/web/web.go:122.2,128.25 2 1
dev.helix.code/internal/tools/web/web.go:128.25,130.3 1 1
dev.helix.code/internal/tools/web/web.go:133.2,133.29 1 1
dev.helix.code/internal/tools/web/web.go:133.29,135.3 1 1
dev.helix.code/internal/tools/web/web.go:138.2,146.16 4 1
dev.helix.code/internal/tools/web/web.go:150.106,151.17 1 1
dev.helix.code/internal/tools/web/web.go:151.17,153.3 1 1
dev.helix.code/internal/tools/web/web.go:155.2,155.49 1 0
dev.helix.code/internal/tools/web/web.go:159.101,160.15 1 1
dev.helix.code/internal/tools/web/web.go:160.15,162.3 1 1
dev.helix.code/internal/tools/web/web.go:164.2,164.41 1 1
dev.helix.code/internal/tools/web/web.go:168.95,171.16 2 1
dev.helix.code/internal/tools/web/web.go:171.16,173.3 1 0
dev.helix.code/internal/tools/web/web.go:176.2,176.27 1 1
dev.helix.code/internal/tools/web/web.go:176.27,178.3 1 0
dev.helix.code/internal/tools/web/web.go:181.2,182.16 2 1
dev.helix.code/internal/tools/web/web.go:182.16,184.3 1 0
dev.helix.code/internal/tools/web/web.go:186.2,186.47 1 1
dev.helix.code/internal/tools/web/web.go:190.98,195.16 2 0
dev.helix.code/internal/tools/web/web.go:195.16,197.3 1 0
dev.helix.code/internal/tools/web/web.go:199.2,199.36 1 0
dev.helix.code/internal/tools/web/web.go:199.36,201.3 1 0
dev.helix.code/internal/tools/web/web.go:204.2,205.35 2 0
dev.helix.code/internal/tools/web/web.go:209.40,210.28 1 0
dev.helix.code/internal/tools/web/web.go:210.28,212.3 1 0
dev.helix.code/internal/tools/web/web.go:213.2,213.12 1 0
dev.helix.code/internal/tools/web/web.go:217.49,218.28 1 0
dev.helix.code/internal/tools/web/web.go:218.28,220.3 1 0
dev.helix.code/internal/tools/web/web.go:221.2,221.12 1 0
dev.helix.code/internal/tools/web/web.go:225.35,227.28 2 1
dev.helix.code/internal/tools/web/web.go:227.28,229.3 1 1
dev.helix.code/internal/tools/web/web.go:230.2,230.12 1 1
