mode: set
dev.helix.code/internal/database/database.go:31.44,38.16 3 1
dev.helix.code/internal/database/database.go:38.16,40.3 1 0
dev.helix.code/internal/database/database.go:43.2,49.16 6 1
dev.helix.code/internal/database/database.go:49.16,51.3 1 0
dev.helix.code/internal/database/database.go:54.2,57.39 3 1
dev.helix.code/internal/database/database.go:57.39,59.3 1 1
dev.helix.code/internal/database/database.go:61.2,63.35 2 0
dev.helix.code/internal/database/database.go:67.29,68.20 1 1
dev.helix.code/internal/database/database.go:68.20,71.3 2 0
dev.helix.code/internal/database/database.go:75.46,87.16 4 0
dev.helix.code/internal/database/database.go:87.16,89.3 1 0
dev.helix.code/internal/database/database.go:91.2,91.18 1 0
dev.helix.code/internal/database/database.go:91.18,94.3 2 0
dev.helix.code/internal/database/database.go:96.2,100.16 3 0
dev.helix.code/internal/database/database.go:100.16,102.3 1 0
dev.helix.code/internal/database/database.go:104.2,105.12 2 0
dev.helix.code/internal/database/database.go:109.46,110.20 1 1
dev.helix.code/internal/database/database.go:110.20,112.3 1 1
dev.helix.code/internal/database/database.go:115.2,115.44 1 0
dev.helix.code/internal/database/database.go:119.41,120.20 1 1
dev.helix.code/internal/database/database.go:120.20,122.3 1 1
dev.helix.code/internal/database/database.go:124.2,127.26 3 0
dev.helix.code/internal/config/config.go:82.30,88.22 3 1
dev.helix.code/internal/config/config.go:88.22,90.3 1 1
dev.helix.code/internal/config/config.go:90.8,98.3 6 0
dev.helix.code/internal/config/config.go:101.2,105.45 3 1
dev.helix.code/internal/config/config.go:105.45,106.56 1 0
dev.helix.code/internal/config/config.go:106.56,108.4 1 0
dev.helix.code/internal/config/config.go:110.3,110.88 1 0
dev.helix.code/internal/config/config.go:111.8,113.3 1 1
dev.helix.code/internal/config/config.go:116.2,117.46 2 1
dev.helix.code/internal/config/config.go:117.46,119.3 1 0
dev.helix.code/internal/config/config.go:122.2,122.45 1 1
dev.helix.code/internal/config/config.go:122.45,124.3 1 0
dev.helix.code/internal/config/config.go:126.2,126.18 1 1
dev.helix.code/internal/config/config.go:130.20,178.2 32 1
dev.helix.code/internal/config/config.go:181.30,183.63 1 1
dev.helix.code/internal/config/config.go:183.63,184.48 1 1
dev.helix.code/internal/config/config.go:184.48,186.4 1 1
dev.helix.code/internal/config/config.go:190.2,197.37 2 0
dev.helix.code/internal/config/config.go:197.37,198.63 1 0
dev.helix.code/internal/config/config.go:198.63,199.47 1 0
dev.helix.code/internal/config/config.go:199.47,201.5 1 0
dev.helix.code/internal/config/config.go:205.2,205.11 1 0
dev.helix.code/internal/config/config.go:209.40,211.52 1 1
dev.helix.code/internal/config/config.go:211.52,213.3 1 1
dev.helix.code/internal/config/config.go:216.2,216.29 1 1
dev.helix.code/internal/config/config.go:216.29,218.3 1 1
dev.helix.code/internal/config/config.go:219.2,219.31 1 1
dev.helix.code/internal/config/config.go:219.31,221.3 1 0
dev.helix.code/internal/config/config.go:224.2,224.23 1 1
dev.helix.code/internal/config/config.go:224.23,225.27 1 1
dev.helix.code/internal/config/config.go:225.27,227.4 1 0
dev.helix.code/internal/config/config.go:228.3,228.51 1 1
dev.helix.code/internal/config/config.go:228.51,230.4 1 0
dev.helix.code/internal/config/config.go:234.2,234.93 1 1
dev.helix.code/internal/config/config.go:234.93,236.3 1 1
dev.helix.code/internal/config/config.go:239.2,239.41 1 1
dev.helix.code/internal/config/config.go:239.41,241.3 1 0
dev.helix.code/internal/config/config.go:242.2,242.40 1 1
dev.helix.code/internal/config/config.go:242.40,244.3 1 0
dev.helix.code/internal/config/config.go:247.2,247.30 1 1
dev.helix.code/internal/config/config.go:247.30,249.3 1 0
dev.helix.code/internal/config/config.go:252.2,252.27 1 1
dev.helix.code/internal/config/config.go:252.27,254.3 1 0
dev.helix.code/internal/config/config.go:255.2,255.56 1 1
dev.helix.code/internal/config/config.go:255.56,257.3 1 0
dev.helix.code/internal/config/config.go:259.2,259.12 1 1
dev.helix.code/internal/config/config.go:263.45,266.47 2 1
dev.helix.code/internal/config/config.go:266.47,268.3 1 0
dev.helix.code/internal/config/config.go:271.2,327.72 2 1
dev.helix.code/internal/config/config.go:327.72,329.3 1 0
dev.helix.code/internal/config/config.go:331.2,331.12 1 1
dev.helix.code/internal/config/config.go:335.55,336.42 1 1
dev.helix.code/internal/config/config.go:336.42,338.3 1 1
dev.helix.code/internal/config/config.go:339.2,339.21 1 1
dev.helix.code/internal/config/config.go:343.59,344.42 1 1
dev.helix.code/internal/config/config.go:344.42,345.55 1 1
dev.helix.code/internal/config/config.go:345.55,347.4 1 1
dev.helix.code/internal/config/config.go:349.2,349.21 1 1
dev.helix.code/internal/hardware/detector.go:56.30,60.2 1 1
dev.helix.code/internal/hardware/detector.go:63.52,67.38 2 1
dev.helix.code/internal/hardware/detector.go:67.38,69.3 1 0
dev.helix.code/internal/hardware/detector.go:72.2,72.38 1 1
dev.helix.code/internal/hardware/detector.go:72.38,74.3 1 0
dev.helix.code/internal/hardware/detector.go:77.2,77.41 1 1
dev.helix.code/internal/hardware/detector.go:77.41,79.3 1 0
dev.helix.code/internal/hardware/detector.go:82.2,82.43 1 1
dev.helix.code/internal/hardware/detector.go:82.43,84.3 1 0
dev.helix.code/internal/hardware/detector.go:86.2,87.20 2 1
dev.helix.code/internal/hardware/detector.go:91.49,96.45 2 1
dev.helix.code/internal/hardware/detector.go:96.45,98.3 1 0
dev.helix.code/internal/hardware/detector.go:98.8,98.52 1 1
dev.helix.code/internal/hardware/detector.go:98.52,101.3 2 0
dev.helix.code/internal/hardware/detector.go:104.2,104.52 1 1
dev.helix.code/internal/hardware/detector.go:104.52,106.3 1 1
dev.helix.code/internal/hardware/detector.go:109.2,111.9 2 1
dev.helix.code/internal/hardware/detector.go:112.25,113.15 1 0
dev.helix.code/internal/hardware/detector.go:114.25,115.15 1 0
dev.helix.code/internal/hardware/detector.go:116.24,117.15 1 1
dev.helix.code/internal/hardware/detector.go:118.24,119.14 1 0
dev.helix.code/internal/hardware/detector.go:120.10,121.14 1 1
dev.helix.code/internal/hardware/detector.go:126.55,142.2 5 1
dev.helix.code/internal/hardware/detector.go:145.51,149.29 2 1
dev.helix.code/internal/hardware/detector.go:149.29,151.3 1 0
dev.helix.code/internal/hardware/detector.go:152.2,152.30 1 1
dev.helix.code/internal/hardware/detector.go:152.30,154.3 1 1
dev.helix.code/internal/hardware/detector.go:156.2,156.14 1 1
dev.helix.code/internal/hardware/detector.go:161.38,169.22 2 1
dev.helix.code/internal/hardware/detector.go:170.15,171.28 1 0
dev.helix.code/internal/hardware/detector.go:172.16,173.28 1 1
dev.helix.code/internal/hardware/detector.go:174.10,175.30 1 0
dev.helix.code/internal/hardware/detector.go:179.43,182.16 2 0
dev.helix.code/internal/hardware/detector.go:182.16,184.3 1 0
dev.helix.code/internal/hardware/detector.go:186.2,187.29 2 0
dev.helix.code/internal/hardware/detector.go:187.29,188.44 1 0
dev.helix.code/internal/hardware/detector.go:188.44,190.22 2 0
dev.helix.code/internal/hardware/detector.go:190.22,192.5 1 0
dev.helix.code/internal/hardware/detector.go:193.9,193.50 1 0
dev.helix.code/internal/hardware/detector.go:193.50,195.22 2 0
dev.helix.code/internal/hardware/detector.go:195.22,197.5 1 0
dev.helix.code/internal/hardware/detector.go:201.2,201.12 1 0
dev.helix.code/internal/hardware/detector.go:204.43,207.45 2 1
dev.helix.code/internal/hardware/detector.go:207.45,209.3 1 1
dev.helix.code/internal/hardware/detector.go:211.2,212.45 2 1
dev.helix.code/internal/hardware/detector.go:212.45,214.3 1 0
dev.helix.code/internal/hardware/detector.go:216.2,216.12 1 1
dev.helix.code/internal/hardware/detector.go:219.45,224.2 3 0
dev.helix.code/internal/hardware/detector.go:226.38,228.22 1 1
dev.helix.code/internal/hardware/detector.go:229.15,230.28 1 0
dev.helix.code/internal/hardware/detector.go:231.16,232.28 1 1
dev.helix.code/internal/hardware/detector.go:233.10,234.30 1 0
dev.helix.code/internal/hardware/detector.go:238.43,240.55 1 0
dev.helix.code/internal/hardware/detector.go:240.55,242.3 1 0
dev.helix.code/internal/hardware/detector.go:245.2,245.29 1 0
dev.helix.code/internal/hardware/detector.go:248.43,251.45 2 1
dev.helix.code/internal/hardware/detector.go:251.45,253.30 2 1
dev.helix.code/internal/hardware/detector.go:253.30,254.48 1 1
dev.helix.code/internal/hardware/detector.go:254.48,256.23 2 1
dev.helix.code/internal/hardware/detector.go:256.23,258.6 1 1
dev.helix.code/internal/hardware/detector.go:259.10,259.45 1 1
dev.helix.code/internal/hardware/detector.go:259.45,261.23 2 0
dev.helix.code/internal/hardware/detector.go:261.23,263.6 1 0
dev.helix.code/internal/hardware/detector.go:268.2,271.12 3 1
dev.helix.code/internal/hardware/detector.go:274.45,279.2 3 0
dev.helix.code/internal/hardware/detector.go:281.41,283.45 2 0
dev.helix.code/internal/hardware/detector.go:283.45,285.21 2 0
dev.helix.code/internal/hardware/detector.go:285.21,287.23 2 0
dev.helix.code/internal/hardware/detector.go:287.23,290.5 2 0
dev.helix.code/internal/hardware/detector.go:294.2,297.12 3 0
dev.helix.code/internal/hardware/detector.go:300.41,305.2 2 1
dev.helix.code/internal/hardware/detector.go:307.43,309.16 2 1
dev.helix.code/internal/hardware/detector.go:309.16,311.3 1 0
dev.helix.code/internal/hardware/detector.go:313.2,319.12 2 1
dev.helix.code/internal/auth/auth.go:67.33,78.2 1 1
dev.helix.code/internal/auth/auth.go:100.72,105.2 1 1
dev.helix.code/internal/auth/auth.go:108.115,110.74 1 0
dev.helix.code/internal/auth/auth.go:110.74,112.3 1 0
dev.helix.code/internal/auth/auth.go:115.2,115.68 1 0
dev.helix.code/internal/auth/auth.go:115.68,117.3 1 0
dev.helix.code/internal/auth/auth.go:119.2,119.62 1 0
dev.helix.code/internal/auth/auth.go:119.62,121.3 1 0
dev.helix.code/internal/auth/auth.go:124.2,125.16 2 0
dev.helix.code/internal/auth/auth.go:125.16,127.3 1 0
dev.helix.code/internal/auth/auth.go:130.2,143.65 2 0
dev.helix.code/internal/auth/auth.go:143.65,145.3 1 0
dev.helix.code/internal/auth/auth.go:147.2,147.18 1 0
dev.helix.code/internal/auth/auth.go:151.136,154.16 2 0
dev.helix.code/internal/auth/auth.go:154.16,157.17 2 0
dev.helix.code/internal/auth/auth.go:157.17,159.4 1 0
dev.helix.code/internal/auth/auth.go:163.2,163.20 1 0
dev.helix.code/internal/auth/auth.go:163.20,165.3 1 0
dev.helix.code/internal/auth/auth.go:168.2,168.47 1 0
dev.helix.code/internal/auth/auth.go:168.47,170.3 1 0
dev.helix.code/internal/auth/auth.go:173.2,173.63 1 0
dev.helix.code/internal/auth/auth.go:173.63,175.3 1 0
dev.helix.code/internal/auth/auth.go:178.2,179.16 2 0
dev.helix.code/internal/auth/auth.go:179.16,181.3 1 0
dev.helix.code/internal/auth/auth.go:183.2,184.21 2 0
dev.helix.code/internal/auth/auth.go:184.21,186.3 1 0
dev.helix.code/internal/auth/auth.go:188.2,199.57 2 0
dev.helix.code/internal/auth/auth.go:199.57,201.3 1 0
dev.helix.code/internal/auth/auth.go:203.2,203.27 1 0
dev.helix.code/internal/auth/auth.go:207.94,209.16 2 0
dev.helix.code/internal/auth/auth.go:209.16,211.3 1 0
dev.helix.code/internal/auth/auth.go:213.2,213.41 1 0
dev.helix.code/internal/auth/auth.go:213.41,217.3 2 0
dev.helix.code/internal/auth/auth.go:219.2,220.16 2 0
dev.helix.code/internal/auth/auth.go:220.16,222.3 1 0
dev.helix.code/internal/auth/auth.go:224.2,224.20 1 0
dev.helix.code/internal/auth/auth.go:224.20,226.3 1 0
dev.helix.code/internal/auth/auth.go:228.2,228.18 1 0
dev.helix.code/internal/auth/auth.go:232.78,234.2 1 0
dev.helix.code/internal/auth/auth.go:237.78,239.2 1 0
dev.helix.code/internal/auth/auth.go:242.63,253.2 3 1
dev.helix.code/internal/auth/auth.go:256.68,257.83 1 1
dev.helix.code/internal/auth/auth.go:257.83,258.58 1 1
dev.helix.code/internal/auth/auth.go:258.58,260.4 1 0
dev.helix.code/internal/auth/auth.go:261.3,261.41 1 1
dev.helix.code/internal/auth/auth.go:264.2,264.16 1 1
dev.helix.code/internal/auth/auth.go:264.16,266.3 1 1
dev.helix.code/internal/auth/auth.go:268.2,268.67 1 1
dev.helix.code/internal/auth/auth.go:268.67,270.10 2 1
dev.helix.code/internal/auth/auth.go:270.10,272.4 1 0
dev.helix.code/internal/auth/auth.go:274.3,275.17 2 1
dev.helix.code/internal/auth/auth.go:275.17,277.4 1 0
dev.helix.code/internal/auth/auth.go:281.3,285.9 1 1
dev.helix.code/internal/auth/auth.go:288.2,288.29 1 0
dev.helix.code/internal/auth/auth.go:293.84,294.46 1 1
dev.helix.code/internal/auth/auth.go:294.46,296.3 1 1
dev.helix.code/internal/auth/auth.go:298.2,298.73 1 1
dev.helix.code/internal/auth/auth.go:298.73,300.3 1 1
dev.helix.code/internal/auth/auth.go:302.2,302.23 1 1
dev.helix.code/internal/auth/auth.go:302.23,304.3 1 1
dev.helix.code/internal/auth/auth.go:306.2,306.12 1 1
dev.helix.code/internal/auth/auth.go:309.69,312.16 2 1
dev.helix.code/internal/auth/auth.go:312.16,314.3 1 0
dev.helix.code/internal/auth/auth.go:315.2,315.26 1 1
dev.helix.code/internal/auth/auth.go:318.66,321.16 2 1
dev.helix.code/internal/auth/auth.go:321.16,323.3 1 1
dev.helix.code/internal/auth/auth.go:326.2,326.47 1 1
dev.helix.code/internal/auth/auth.go:329.72,333.21 2 1
dev.helix.code/internal/auth/auth.go:333.21,335.3 1 1
dev.helix.code/internal/auth/auth.go:339.2,339.68 1 0
dev.helix.code/internal/auth/auth.go:342.62,344.44 2 1
dev.helix.code/internal/auth/auth.go:344.44,346.3 1 0
dev.helix.code/internal/auth/auth.go:347.2,347.54 1 1
dev.helix.code/internal/auth/auth_db.go:20.42,22.2 1 0
dev.helix.code/internal/auth/auth_db.go:25.89,43.16 3 0
dev.helix.code/internal/auth/auth_db.go:43.16,45.3 1 0
dev.helix.code/internal/auth/auth_db.go:47.2,47.12 1 0
dev.helix.code/internal/auth/auth_db.go:51.97,75.16 6 0
dev.helix.code/internal/auth/auth_db.go:75.16,76.27 1 0
dev.helix.code/internal/auth/auth_db.go:76.27,78.4 1 0
dev.helix.code/internal/auth/auth_db.go:79.3,79.72 1 0
dev.helix.code/internal/auth/auth_db.go:82.2,82.21 1 0
dev.helix.code/internal/auth/auth_db.go:82.21,84.3 1 0
dev.helix.code/internal/auth/auth_db.go:86.2,86.33 1 0
dev.helix.code/internal/auth/auth_db.go:90.91,114.16 6 0
dev.helix.code/internal/auth/auth_db.go:114.16,115.27 1 0
dev.helix.code/internal/auth/auth_db.go:115.27,117.4 1 0
dev.helix.code/internal/auth/auth_db.go:118.3,118.69 1 0
dev.helix.code/internal/auth/auth_db.go:121.2,121.21 1 0
dev.helix.code/internal/auth/auth_db.go:121.21,123.3 1 0
dev.helix.code/internal/auth/auth_db.go:125.2,125.33 1 0
dev.helix.code/internal/auth/auth_db.go:129.80,151.16 5 0
dev.helix.code/internal/auth/auth_db.go:151.16,152.27 1 0
dev.helix.code/internal/auth/auth_db.go:152.27,154.4 1 0
dev.helix.code/internal/auth/auth_db.go:155.3,155.62 1 0
dev.helix.code/internal/auth/auth_db.go:158.2,158.21 1 0
dev.helix.code/internal/auth/auth_db.go:158.21,160.3 1 0
dev.helix.code/internal/auth/auth_db.go:162.2,162.19 1 0
dev.helix.code/internal/auth/auth_db.go:166.79,170.16 3 0
dev.helix.code/internal/auth/auth_db.go:170.16,172.3 1 0
dev.helix.code/internal/auth/auth_db.go:174.2,174.12 1 0
dev.helix.code/internal/auth/auth_db.go:178.77,184.30 3 0
dev.helix.code/internal/auth/auth_db.go:184.30,186.3 1 0
dev.helix.code/internal/auth/auth_db.go:188.2,199.16 2 0
dev.helix.code/internal/auth/auth_db.go:199.16,201.3 1 0
dev.helix.code/internal/auth/auth_db.go:203.2,203.12 1 0
dev.helix.code/internal/auth/auth_db.go:207.82,227.16 5 0
dev.helix.code/internal/auth/auth_db.go:227.16,228.27 1 0
dev.helix.code/internal/auth/auth_db.go:228.27,230.4 1 0
dev.helix.code/internal/auth/auth_db.go:231.3,231.59 1 0
dev.helix.code/internal/auth/auth_db.go:234.2,234.18 1 0
dev.helix.code/internal/auth/auth_db.go:234.18,236.3 1 0
dev.helix.code/internal/auth/auth_db.go:238.2,238.22 1 0
dev.helix.code/internal/auth/auth_db.go:242.73,246.16 3 0
dev.helix.code/internal/auth/auth_db.go:246.16,248.3 1 0
dev.helix.code/internal/auth/auth_db.go:250.2,250.32 1 0
dev.helix.code/internal/auth/auth_db.go:250.32,252.3 1 0
dev.helix.code/internal/auth/auth_db.go:254.2,254.12 1 0
dev.helix.code/internal/auth/auth_db.go:258.82,262.16 3 0
dev.helix.code/internal/auth/auth_db.go:262.16,264.3 1 0
dev.helix.code/internal/auth/auth_db.go:266.2,266.12 1 0
dev.helix.code/internal/llm/llamacpp_provider.go:30.73,38.2 3 0
dev.helix.code/internal/llm/llamacpp_provider.go:41.51,43.2 1 0
dev.helix.code/internal/llm/llamacpp_provider.go:46.45,48.2 1 0
dev.helix.code/internal/llm/llamacpp_provider.go:51.52,64.2 1 0
dev.helix.code/internal/llm/llamacpp_provider.go:67.64,77.2 1 0
dev.helix.code/internal/llm/llamacpp_provider.go:80.101,81.18 1 0
dev.helix.code/internal/llm/llamacpp_provider.go:81.18,83.3 1 0
dev.helix.code/internal/llm/llamacpp_provider.go:86.2,99.8 2 0
dev.helix.code/internal/llm/llamacpp_provider.go:103.114,104.18 1 0
dev.helix.code/internal/llm/llamacpp_provider.go:104.18,106.3 1 0
dev.helix.code/internal/llm/llamacpp_provider.go:109.2,110.31 2 0
dev.helix.code/internal/llm/llamacpp_provider.go:110.31,111.10 1 0
dev.helix.code/internal/llm/llamacpp_provider.go:112.21,113.20 1 0
dev.helix.code/internal/llm/llamacpp_provider.go:119.5,120.37 1 0
dev.helix.code/internal/llm/llamacpp_provider.go:124.2,124.12 1 0
dev.helix.code/internal/llm/llamacpp_provider.go:128.66,130.2 1 0
dev.helix.code/internal/llm/llamacpp_provider.go:133.84,134.18 1 0
dev.helix.code/internal/llm/llamacpp_provider.go:134.18,140.3 1 0
dev.helix.code/internal/llm/llamacpp_provider.go:142.2,147.8 1 0
dev.helix.code/internal/llm/llamacpp_provider.go:151.42,155.2 3 0
dev.helix.code/internal/llm/local_provider.go:27.75,29.20 2 0
dev.helix.code/internal/llm/local_provider.go:29.20,31.3 1 0
dev.helix.code/internal/llm/local_provider.go:33.2,46.52 2 0
dev.helix.code/internal/llm/local_provider.go:46.52,48.3 1 0
dev.helix.code/internal/llm/local_provider.go:50.2,50.22 1 0
dev.helix.code/internal/llm/local_provider.go:54.49,56.2 1 0
dev.helix.code/internal/llm/local_provider.go:59.43,61.2 1 0
dev.helix.code/internal/llm/local_provider.go:64.50,66.2 1 0
dev.helix.code/internal/llm/local_provider.go:69.62,79.2 1 0
dev.helix.code/internal/llm/local_provider.go:82.99,87.16 3 0
dev.helix.code/internal/llm/local_provider.go:87.16,89.3 1 0
dev.helix.code/internal/llm/local_provider.go:92.2,93.16 2 0
dev.helix.code/internal/llm/local_provider.go:93.16,95.3 1 0
dev.helix.code/internal/llm/local_provider.go:98.2,100.25 2 0
dev.helix.code/internal/llm/local_provider.go:104.112,109.16 3 0
dev.helix.code/internal/llm/local_provider.go:109.16,111.3 1 0
dev.helix.code/internal/llm/local_provider.go:114.2,117.71 2 0
dev.helix.code/internal/llm/local_provider.go:121.64,124.2 2 0
dev.helix.code/internal/llm/local_provider.go:127.82,130.16 2 0
dev.helix.code/internal/llm/local_provider.go:130.16,133.3 2 0
dev.helix.code/internal/llm/local_provider.go:135.2,139.16 4 0
dev.helix.code/internal/llm/local_provider.go:139.16,142.3 2 0
dev.helix.code/internal/llm/local_provider.go:143.2,145.38 2 0
dev.helix.code/internal/llm/local_provider.go:145.38,148.3 2 0
dev.helix.code/internal/llm/local_provider.go:151.2,157.73 2 0
dev.helix.code/internal/llm/local_provider.go:157.73,160.3 2 0
dev.helix.code/internal/llm/local_provider.go:162.2,165.27 3 0
dev.helix.code/internal/llm/local_provider.go:169.40,172.2 2 0
dev.helix.code/internal/llm/local_provider.go:176.51,181.16 4 0
dev.helix.code/internal/llm/local_provider.go:181.16,183.3 1 0
dev.helix.code/internal/llm/local_provider.go:185.2,186.16 2 0
dev.helix.code/internal/llm/local_provider.go:186.16,188.3 1 0
dev.helix.code/internal/llm/local_provider.go:189.2,191.38 2 0
dev.helix.code/internal/llm/local_provider.go:191.38,193.3 1 0
dev.helix.code/internal/llm/local_provider.go:195.2,204.73 2 0
dev.helix.code/internal/llm/local_provider.go:204.73,206.3 1 0
dev.helix.code/internal/llm/local_provider.go:209.2,209.44 1 0
dev.helix.code/internal/llm/local_provider.go:209.44,221.3 2 0
dev.helix.code/internal/llm/local_provider.go:223.2,224.12 2 0
dev.helix.code/internal/llm/local_provider.go:227.94,230.39 2 0
dev.helix.code/internal/llm/local_provider.go:230.39,231.19 1 0
dev.helix.code/internal/llm/local_provider.go:232.17,233.64 1 0
dev.helix.code/internal/llm/local_provider.go:234.15,235.62 1 0
dev.helix.code/internal/llm/local_provider.go:236.20,237.67 1 0
dev.helix.code/internal/llm/local_provider.go:240.2,251.8 2 0
dev.helix.code/internal/llm/local_provider.go:254.144,268.2 1 0
dev.helix.code/internal/llm/local_provider.go:270.114,272.16 2 0
dev.helix.code/internal/llm/local_provider.go:272.16,274.3 1 0
dev.helix.code/internal/llm/local_provider.go:276.2,277.16 2 0
dev.helix.code/internal/llm/local_provider.go:277.16,279.3 1 0
dev.helix.code/internal/llm/local_provider.go:280.2,283.16 3 0
dev.helix.code/internal/llm/local_provider.go:283.16,285.3 1 0
dev.helix.code/internal/llm/local_provider.go:286.2,288.38 2 0
dev.helix.code/internal/llm/local_provider.go:288.38,291.3 2 0
dev.helix.code/internal/llm/local_provider.go:293.2,294.69 2 0
dev.helix.code/internal/llm/local_provider.go:294.69,296.3 1 0
dev.helix.code/internal/llm/local_provider.go:298.2,298.23 1 0
dev.helix.code/internal/llm/local_provider.go:301.145,303.16 2 0
dev.helix.code/internal/llm/local_provider.go:303.16,305.3 1 0
dev.helix.code/internal/llm/local_provider.go:307.2,308.16 2 0
dev.helix.code/internal/llm/local_provider.go:308.16,310.3 1 0
dev.helix.code/internal/llm/local_provider.go:311.2,314.16 3 0
dev.helix.code/internal/llm/local_provider.go:314.16,316.3 1 0
dev.helix.code/internal/llm/local_provider.go:317.2,319.38 2 0
dev.helix.code/internal/llm/local_provider.go:319.38,322.3 2 0
dev.helix.code/internal/llm/local_provider.go:325.2,326.21 2 0
dev.helix.code/internal/llm/local_provider.go:326.21,328.53 2 0
dev.helix.code/internal/llm/local_provider.go:328.53,330.4 1 0
dev.helix.code/internal/llm/local_provider.go:332.3,339.10 2 0
dev.helix.code/internal/llm/local_provider.go:340.23,340.23 0 0
dev.helix.code/internal/llm/local_provider.go:341.21,342.20 1 0
dev.helix.code/internal/llm/local_provider.go:345.3,345.22 1 0
dev.helix.code/internal/llm/local_provider.go:345.22,346.9 1 0
dev.helix.code/internal/llm/local_provider.go:350.2,350.12 1 0
dev.helix.code/internal/llm/local_provider.go:353.93,358.2 4 0
dev.helix.code/internal/llm/model_manager.go:42.38,48.2 1 0
dev.helix.code/internal/llm/model_manager.go:51.66,56.52 4 0
dev.helix.code/internal/llm/model_manager.go:56.52,58.3 1 0
dev.helix.code/internal/llm/model_manager.go:60.2,64.24 3 0
dev.helix.code/internal/llm/model_manager.go:64.24,68.3 3 0
dev.helix.code/internal/llm/model_manager.go:70.2,71.12 2 0
dev.helix.code/internal/llm/model_manager.go:75.96,81.31 4 0
dev.helix.code/internal/llm/model_manager.go:81.31,83.3 1 0
dev.helix.code/internal/llm/model_manager.go:86.2,87.28 2 0
dev.helix.code/internal/llm/model_manager.go:87.28,89.3 1 0
dev.helix.code/internal/llm/model_manager.go:92.2,92.47 1 0
dev.helix.code/internal/llm/model_manager.go:92.47,94.3 1 0
dev.helix.code/internal/llm/model_manager.go:96.2,100.29 3 0
dev.helix.code/internal/llm/model_manager.go:104.58,109.2 3 0
dev.helix.code/internal/llm/model_manager.go:112.91,117.40 4 0
dev.helix.code/internal/llm/model_manager.go:117.40,118.61 1 0
dev.helix.code/internal/llm/model_manager.go:118.61,120.4 1 0
dev.helix.code/internal/llm/model_manager.go:123.2,123.17 1 0
dev.helix.code/internal/llm/model_manager.go:127.107,132.53 4 0
dev.helix.code/internal/llm/model_manager.go:132.53,134.3 1 0
dev.helix.code/internal/llm/model_manager.go:136.2,137.13 2 0
dev.helix.code/internal/llm/model_manager.go:137.13,139.3 1 0
dev.helix.code/internal/llm/model_manager.go:141.2,141.22 1 0
dev.helix.code/internal/llm/model_manager.go:145.90,150.50 4 0
dev.helix.code/internal/llm/model_manager.go:150.50,151.63 1 0
dev.helix.code/internal/llm/model_manager.go:151.63,153.4 1 0
dev.helix.code/internal/llm/model_manager.go:153.9,159.4 1 0
dev.helix.code/internal/llm/model_manager.go:162.2,162.15 1 0
dev.helix.code/internal/llm/model_manager.go:167.58,169.40 2 0
dev.helix.code/internal/llm/model_manager.go:169.40,171.3 1 0
dev.helix.code/internal/llm/model_manager.go:172.2,172.15 1 0
dev.helix.code/internal/llm/model_manager.go:175.103,178.31 2 0
dev.helix.code/internal/llm/model_manager.go:178.31,180.22 2 0
dev.helix.code/internal/llm/model_manager.go:180.22,182.4 1 0
dev.helix.code/internal/llm/model_manager.go:185.2,185.15 1 0
dev.helix.code/internal/llm/model_manager.go:188.106,196.26 4 0
dev.helix.code/internal/llm/model_manager.go:196.26,198.3 1 0
dev.helix.code/internal/llm/model_manager.go:199.2,202.70 2 0
dev.helix.code/internal/llm/model_manager.go:202.70,204.3 1 0
dev.helix.code/internal/llm/model_manager.go:205.2,206.24 2 0
dev.helix.code/internal/llm/model_manager.go:206.24,208.3 1 0
dev.helix.code/internal/llm/model_manager.go:209.2,225.60 9 0
dev.helix.code/internal/llm/model_manager.go:225.60,227.3 1 0
dev.helix.code/internal/llm/model_manager.go:229.2,238.3 3 0
dev.helix.code/internal/llm/model_manager.go:241.96,242.24 1 0
dev.helix.code/internal/llm/model_manager.go:242.24,244.3 1 0
dev.helix.code/internal/llm/model_manager.go:246.2,247.32 2 0
dev.helix.code/internal/llm/model_manager.go:247.32,249.3 1 0
dev.helix.code/internal/llm/model_manager.go:251.2,252.31 2 0
dev.helix.code/internal/llm/model_manager.go:252.31,253.24 1 0
dev.helix.code/internal/llm/model_manager.go:253.24,255.4 1 0
dev.helix.code/internal/llm/model_manager.go:258.2,258.50 1 0
dev.helix.code/internal/llm/model_manager.go:261.92,263.18 1 0
dev.helix.code/internal/llm/model_manager.go:264.18,266.62 1 0
dev.helix.code/internal/llm/model_manager.go:266.62,268.4 1 0
dev.helix.code/internal/llm/model_manager.go:269.25,271.68 1 0
dev.helix.code/internal/llm/model_manager.go:271.68,273.4 1 0
dev.helix.code/internal/llm/model_manager.go:274.19,276.63 1 0
dev.helix.code/internal/llm/model_manager.go:276.63,278.4 1 0
dev.helix.code/internal/llm/model_manager.go:279.17,281.61 1 0
dev.helix.code/internal/llm/model_manager.go:281.61,283.4 1 0
dev.helix.code/internal/llm/model_manager.go:284.21,286.65 1 0
dev.helix.code/internal/llm/model_manager.go:286.65,288.4 1 0
dev.helix.code/internal/llm/model_manager.go:291.2,291.12 1 0
dev.helix.code/internal/llm/model_manager.go:294.81,297.16 2 0
dev.helix.code/internal/llm/model_manager.go:297.16,300.3 2 0
dev.helix.code/internal/llm/model_manager.go:303.2,304.21 2 0
dev.helix.code/internal/llm/model_manager.go:304.21,305.49 1 0
dev.helix.code/internal/llm/model_manager.go:305.49,307.4 1 0
dev.helix.code/internal/llm/model_manager.go:310.2,310.12 1 0
dev.helix.code/internal/llm/model_manager.go:313.91,319.19 3 0
dev.helix.code/internal/llm/model_manager.go:320.13,321.24 1 0
dev.helix.code/internal/llm/model_manager.go:322.13,323.24 1 0
dev.helix.code/internal/llm/model_manager.go:324.13,325.24 1 0
dev.helix.code/internal/llm/model_manager.go:326.12,327.24 1 0
dev.helix.code/internal/llm/model_manager.go:328.12,329.24 1 0
dev.helix.code/internal/llm/model_manager.go:330.10,331.24 1 0
dev.helix.code/internal/llm/model_manager.go:335.2,335.20 1 0
dev.helix.code/internal/llm/model_manager.go:336.17,337.31 1 0
dev.helix.code/internal/llm/model_manager.go:338.14,339.31 1 0
dev.helix.code/internal/llm/model_manager.go:340.18,341.14 1 0
dev.helix.code/internal/llm/model_manager.go:342.10,343.13 1 0
dev.helix.code/internal/llm/model_manager.go:347.103,352.44 2 0
dev.helix.code/internal/llm/model_manager.go:352.44,355.3 2 0
dev.helix.code/internal/llm/model_manager.go:358.2,358.29 1 0
dev.helix.code/internal/llm/model_manager.go:358.29,361.3 2 0
dev.helix.code/internal/llm/model_manager.go:364.2,364.22 1 0
dev.helix.code/internal/llm/model_manager.go:364.22,366.3 1 0
dev.helix.code/internal/llm/model_manager.go:368.2,368.19 1 0
dev.helix.code/internal/llm/model_manager.go:371.67,374.68 2 0
dev.helix.code/internal/llm/model_manager.go:374.68,376.3 1 0
dev.helix.code/internal/llm/model_manager.go:377.2,377.68 1 0
dev.helix.code/internal/llm/model_manager.go:377.68,379.3 1 0
dev.helix.code/internal/llm/model_manager.go:380.2,380.68 1 0
dev.helix.code/internal/llm/model_manager.go:380.68,382.3 1 0
dev.helix.code/internal/llm/model_manager.go:383.2,383.66 1 0
dev.helix.code/internal/llm/model_manager.go:383.66,385.3 1 0
dev.helix.code/internal/llm/model_manager.go:386.2,386.66 1 0
dev.helix.code/internal/llm/model_manager.go:386.66,388.3 1 0
dev.helix.code/internal/llm/model_manager.go:390.2,390.11 1 0
dev.helix.code/internal/llm/model_manager.go:393.87,395.32 2 0
dev.helix.code/internal/llm/model_manager.go:395.32,397.3 1 0
dev.helix.code/internal/llm/model_manager.go:399.2,399.31 1 0
dev.helix.code/internal/llm/model_manager.go:399.31,400.25 1 0
dev.helix.code/internal/llm/model_manager.go:400.25,402.4 1 0
dev.helix.code/internal/llm/model_manager.go:405.2,405.13 1 0
dev.helix.code/internal/llm/model_manager.go:408.103,409.35 1 0
dev.helix.code/internal/llm/model_manager.go:409.35,410.24 1 0
dev.helix.code/internal/llm/model_manager.go:410.24,412.4 1 0
dev.helix.code/internal/llm/model_manager.go:414.2,414.14 1 0
dev.helix.code/internal/llm/model_manager.go:417.88,419.2 1 0
dev.helix.code/internal/llm/ollama_provider.go:75.70,85.50 2 0
dev.helix.code/internal/llm/ollama_provider.go:85.50,87.3 1 0
dev.helix.code/internal/llm/ollama_provider.go:89.2,90.22 2 0
dev.helix.code/internal/llm/ollama_provider.go:94.49,96.2 1 0
dev.helix.code/internal/llm/ollama_provider.go:99.43,101.2 1 0
dev.helix.code/internal/llm/ollama_provider.go:104.50,107.33 2 0
dev.helix.code/internal/llm/ollama_provider.go:107.33,118.3 1 0
dev.helix.code/internal/llm/ollama_provider.go:120.2,120.19 1 0
dev.helix.code/internal/llm/ollama_provider.go:124.62,134.2 1 0
dev.helix.code/internal/llm/ollama_provider.go:137.99,138.18 1 0
dev.helix.code/internal/llm/ollama_provider.go:138.18,140.3 1 0
dev.helix.code/internal/llm/ollama_provider.go:143.2,157.16 4 0
dev.helix.code/internal/llm/ollama_provider.go:157.16,159.3 1 0
dev.helix.code/internal/llm/ollama_provider.go:161.2,174.8 2 0
dev.helix.code/internal/llm/ollama_provider.go:178.112,179.18 1 0
dev.helix.code/internal/llm/ollama_provider.go:179.18,181.3 1 0
dev.helix.code/internal/llm/ollama_provider.go:184.2,196.52 2 0
dev.helix.code/internal/llm/ollama_provider.go:200.64,201.18 1 0
dev.helix.code/internal/llm/ollama_provider.go:201.18,203.3 1 0
dev.helix.code/internal/llm/ollama_provider.go:206.2,207.16 2 0
dev.helix.code/internal/llm/ollama_provider.go:207.16,209.3 1 0
dev.helix.code/internal/llm/ollama_provider.go:210.2,212.41 2 0
dev.helix.code/internal/llm/ollama_provider.go:216.82,217.18 1 0
dev.helix.code/internal/llm/ollama_provider.go:217.18,223.3 1 0
dev.helix.code/internal/llm/ollama_provider.go:226.2,230.52 4 0
dev.helix.code/internal/llm/ollama_provider.go:230.52,238.3 1 0
dev.helix.code/internal/llm/ollama_provider.go:240.2,246.8 1 0
dev.helix.code/internal/llm/ollama_provider.go:250.40,254.2 3 0
dev.helix.code/internal/llm/ollama_provider.go:258.49,260.16 2 0
dev.helix.code/internal/llm/ollama_provider.go:260.16,262.3 1 0
dev.helix.code/internal/llm/ollama_provider.go:263.2,265.38 2 0
dev.helix.code/internal/llm/ollama_provider.go:265.38,267.3 1 0
dev.helix.code/internal/llm/ollama_provider.go:269.2,273.69 2 0
dev.helix.code/internal/llm/ollama_provider.go:273.69,275.3 1 0
dev.helix.code/internal/llm/ollama_provider.go:277.2,278.12 2 0
dev.helix.code/internal/llm/ollama_provider.go:281.69,282.26 1 0
dev.helix.code/internal/llm/ollama_provider.go:282.26,284.3 1 0
dev.helix.code/internal/llm/ollama_provider.go:286.2,286.33 1 0
dev.helix.code/internal/llm/ollama_provider.go:286.33,288.3 1 0
dev.helix.code/internal/llm/ollama_provider.go:291.2,291.23 1 0
dev.helix.code/internal/llm/ollama_provider.go:291.23,293.3 1 0
dev.helix.code/internal/llm/ollama_provider.go:295.2,295.17 1 0
dev.helix.code/internal/llm/ollama_provider.go:298.56,300.19 2 0
dev.helix.code/internal/llm/ollama_provider.go:300.19,302.3 1 0
dev.helix.code/internal/llm/ollama_provider.go:304.2,304.48 1 0
dev.helix.code/internal/llm/ollama_provider.go:307.116,311.16 3 0
dev.helix.code/internal/llm/ollama_provider.go:311.16,313.3 1 0
dev.helix.code/internal/llm/ollama_provider.go:315.2,316.16 2 0
dev.helix.code/internal/llm/ollama_provider.go:316.16,318.3 1 0
dev.helix.code/internal/llm/ollama_provider.go:320.2,323.16 3 0
dev.helix.code/internal/llm/ollama_provider.go:323.16,325.3 1 0
dev.helix.code/internal/llm/ollama_provider.go:326.2,328.38 2 0
dev.helix.code/internal/llm/ollama_provider.go:328.38,330.3 1 0
dev.helix.code/internal/llm/ollama_provider.go:332.2,333.69 2 0
dev.helix.code/internal/llm/ollama_provider.go:333.69,335.3 1 0
dev.helix.code/internal/llm/ollama_provider.go:337.2,337.23 1 0
dev.helix.code/internal/llm/ollama_provider.go:340.123,347.16 3 0
dev.helix.code/internal/llm/ollama_provider.go:347.16,349.3 1 0
dev.helix.code/internal/llm/ollama_provider.go:351.2,352.16 2 0
dev.helix.code/internal/llm/ollama_provider.go:352.16,354.3 1 0
dev.helix.code/internal/llm/ollama_provider.go:356.2,359.16 3 0
dev.helix.code/internal/llm/ollama_provider.go:359.16,361.3 1 0
dev.helix.code/internal/llm/ollama_provider.go:362.2,364.38 2 0
dev.helix.code/internal/llm/ollama_provider.go:364.38,366.3 1 0
dev.helix.code/internal/llm/ollama_provider.go:368.2,369.69 2 0
dev.helix.code/internal/llm/ollama_provider.go:369.69,371.3 1 0
dev.helix.code/internal/llm/ollama_provider.go:374.2,374.9 1 0
dev.helix.code/internal/llm/ollama_provider.go:375.20,376.19 1 0
dev.helix.code/internal/llm/ollama_provider.go:381.4,381.4 0 0
dev.helix.code/internal/llm/ollama_provider.go:384.2,384.12 1 0
dev.helix.code/internal/llm/openai_provider.go:27.77,29.20 2 0
dev.helix.code/internal/llm/openai_provider.go:29.20,31.3 1 0
dev.helix.code/internal/llm/openai_provider.go:33.2,34.18 2 0
dev.helix.code/internal/llm/openai_provider.go:34.18,36.3 1 0
dev.helix.code/internal/llm/openai_provider.go:38.2,54.22 3 0
dev.helix.code/internal/llm/openai_provider.go:58.50,60.2 1 0
dev.helix.code/internal/llm/openai_provider.go:63.44,65.2 1 0
dev.helix.code/internal/llm/openai_provider.go:68.51,70.2 1 0
dev.helix.code/internal/llm/openai_provider.go:73.63,84.2 1 0
dev.helix.code/internal/llm/openai_provider.go:87.100,92.16 3 0
dev.helix.code/internal/llm/openai_provider.go:92.16,94.3 1 0
dev.helix.code/internal/llm/openai_provider.go:97.2,98.16 2 0
dev.helix.code/internal/llm/openai_provider.go:98.16,100.3 1 0
dev.helix.code/internal/llm/openai_provider.go:103.2,105.25 2 0
dev.helix.code/internal/llm/openai_provider.go:109.113,114.16 3 0
dev.helix.code/internal/llm/openai_provider.go:114.16,116.3 1 0
dev.helix.code/internal/llm/openai_provider.go:119.2,122.71 2 0
dev.helix.code/internal/llm/openai_provider.go:126.65,129.2 2 0
dev.helix.code/internal/llm/openai_provider.go:132.83,135.16 2 0
dev.helix.code/internal/llm/openai_provider.go:135.16,138.3 2 0
dev.helix.code/internal/llm/openai_provider.go:140.2,146.16 5 0
dev.helix.code/internal/llm/openai_provider.go:146.16,149.3 2 0
dev.helix.code/internal/llm/openai_provider.go:150.2,152.38 2 0
dev.helix.code/internal/llm/openai_provider.go:152.38,155.3 2 0
dev.helix.code/internal/llm/openai_provider.go:158.2,164.75 2 0
dev.helix.code/internal/llm/openai_provider.go:164.75,167.3 2 0
dev.helix.code/internal/llm/openai_provider.go:169.2,172.27 3 0
dev.helix.code/internal/llm/openai_provider.go:176.41,179.2 2 0
dev.helix.code/internal/llm/openai_provider.go:183.46,229.2 2 0
dev.helix.code/internal/llm/openai_provider.go:231.95,234.39 2 0
dev.helix.code/internal/llm/openai_provider.go:234.39,239.21 2 0
dev.helix.code/internal/llm/openai_provider.go:239.21,241.4 1 0
dev.helix.code/internal/llm/openai_provider.go:242.3,242.41 1 0
dev.helix.code/internal/llm/openai_provider.go:245.2,252.8 1 0
dev.helix.code/internal/llm/openai_provider.go:255.145,258.33 2 0
dev.helix.code/internal/llm/openai_provider.go:258.33,261.3 2 0
dev.helix.code/internal/llm/openai_provider.go:263.2,275.3 1 0
dev.helix.code/internal/llm/openai_provider.go:278.115,280.16 2 0
dev.helix.code/internal/llm/openai_provider.go:280.16,282.3 1 0
dev.helix.code/internal/llm/openai_provider.go:284.2,285.16 2 0
dev.helix.code/internal/llm/openai_provider.go:285.16,287.3 1 0
dev.helix.code/internal/llm/openai_provider.go:289.2,293.16 4 0
dev.helix.code/internal/llm/openai_provider.go:293.16,295.3 1 0
dev.helix.code/internal/llm/openai_provider.go:296.2,298.38 2 0
dev.helix.code/internal/llm/openai_provider.go:298.38,301.3 2 0
dev.helix.code/internal/llm/openai_provider.go:303.2,304.69 2 0
dev.helix.code/internal/llm/openai_provider.go:304.69,306.3 1 0
dev.helix.code/internal/llm/openai_provider.go:308.2,308.23 1 0
dev.helix.code/internal/llm/openai_provider.go:311.146,313.16 2 0
dev.helix.code/internal/llm/openai_provider.go:313.16,315.3 1 0
dev.helix.code/internal/llm/openai_provider.go:317.2,318.16 2 0
dev.helix.code/internal/llm/openai_provider.go:318.16,320.3 1 0
dev.helix.code/internal/llm/openai_provider.go:322.2,326.16 4 0
dev.helix.code/internal/llm/openai_provider.go:326.16,328.3 1 0
dev.helix.code/internal/llm/openai_provider.go:329.2,331.38 2 0
dev.helix.code/internal/llm/openai_provider.go:331.38,334.3 2 0
dev.helix.code/internal/llm/openai_provider.go:337.2,338.21 2 0
dev.helix.code/internal/llm/openai_provider.go:338.21,340.53 2 0
dev.helix.code/internal/llm/openai_provider.go:340.53,342.4 1 0
dev.helix.code/internal/llm/openai_provider.go:344.3,344.34 1 0
dev.helix.code/internal/llm/openai_provider.go:344.34,346.34 2 0
dev.helix.code/internal/llm/openai_provider.go:346.34,354.12 2 0
dev.helix.code/internal/llm/openai_provider.go:355.25,355.25 0 0
dev.helix.code/internal/llm/openai_provider.go:356.23,357.22 1 0
dev.helix.code/internal/llm/openai_provider.go:362.3,362.47 1 0
dev.helix.code/internal/llm/openai_provider.go:362.47,363.9 1 0
dev.helix.code/internal/llm/openai_provider.go:367.2,367.12 1 0
dev.helix.code/internal/llm/openai_provider.go:370.61,372.2 1 0
dev.helix.code/internal/llm/openai_provider.go:374.94,379.2 4 0
dev.helix.code/internal/llm/provider.go:172.65,177.2 1 0
dev.helix.code/internal/llm/provider.go:180.70,183.53 2 0
dev.helix.code/internal/llm/provider.go:183.53,185.3 1 0
dev.helix.code/internal/llm/provider.go:187.2,189.12 3 0
dev.helix.code/internal/llm/provider.go:193.85,195.13 2 0
dev.helix.code/internal/llm/provider.go:195.13,197.3 1 0
dev.helix.code/internal/llm/provider.go:199.2,199.49 1 0
dev.helix.code/internal/llm/provider.go:199.49,201.3 1 0
dev.helix.code/internal/llm/provider.go:203.2,203.22 1 0
dev.helix.code/internal/llm/provider.go:207.67,209.2 1 0
dev.helix.code/internal/llm/provider.go:212.101,217.32 3 0
dev.helix.code/internal/llm/provider.go:217.32,219.3 1 0
dev.helix.code/internal/llm/provider.go:219.8,221.3 1 0
dev.helix.code/internal/llm/provider.go:223.2,223.16 1 0
dev.helix.code/internal/llm/provider.go:223.16,225.3 1 0
dev.helix.code/internal/llm/provider.go:228.2,228.28 1 0
dev.helix.code/internal/llm/provider.go:228.28,230.3 1 0
dev.helix.code/internal/llm/provider.go:231.2,235.16 3 0
dev.helix.code/internal/llm/provider.go:235.16,237.3 1 0
dev.helix.code/internal/llm/provider.go:239.2,239.22 1 0
dev.helix.code/internal/llm/provider.go:243.63,246.40 2 0
dev.helix.code/internal/llm/provider.go:246.40,247.49 1 0
dev.helix.code/internal/llm/provider.go:247.49,249.4 1 0
dev.helix.code/internal/llm/provider.go:252.2,252.18 1 0
dev.helix.code/internal/llm/provider.go:256.100,259.51 2 0
dev.helix.code/internal/llm/provider.go:259.51,260.63 1 0
dev.helix.code/internal/llm/provider.go:260.63,262.4 1 0
dev.helix.code/internal/llm/provider.go:262.9,268.4 1 0
dev.helix.code/internal/llm/provider.go:271.2,271.15 1 0
dev.helix.code/internal/llm/provider.go:275.99,278.54 2 0
dev.helix.code/internal/llm/provider.go:278.54,280.53 2 0
dev.helix.code/internal/llm/provider.go:280.53,282.4 1 0
dev.helix.code/internal/llm/provider.go:285.2,285.17 1 0
dev.helix.code/internal/llm/provider.go:289.42,292.40 2 0
dev.helix.code/internal/llm/provider.go:292.40,293.42 1 0
dev.helix.code/internal/llm/provider.go:293.42,295.4 1 0
dev.helix.code/internal/llm/provider.go:298.2,298.21 1 0
dev.helix.code/internal/llm/provider.go:298.21,300.3 1 0
dev.helix.code/internal/llm/provider.go:302.2,302.12 1 0
dev.helix.code/internal/llm/provider.go:307.87,309.32 2 0
dev.helix.code/internal/llm/provider.go:309.32,311.3 1 0
dev.helix.code/internal/llm/provider.go:313.2,313.31 1 0
dev.helix.code/internal/llm/provider.go:313.31,314.25 1 0
dev.helix.code/internal/llm/provider.go:314.25,316.4 1 0
dev.helix.code/internal/llm/provider.go:319.2,319.13 1 0
dev.helix.code/internal/llm/provider.go:335.89,336.21 1 0
dev.helix.code/internal/llm/provider.go:337.25,338.34 1 0
dev.helix.code/internal/llm/provider.go:339.26,340.35 1 0
dev.helix.code/internal/llm/provider.go:341.10,342.71 1 0
dev.helix.code/internal/llm/reasoning.go:82.61,89.2 1 1
dev.helix.code/internal/llm/reasoning.go:92.66,93.21 1 1
dev.helix.code/internal/llm/reasoning.go:93.21,95.3 1 1
dev.helix.code/internal/llm/reasoning.go:96.2,96.25 1 1
dev.helix.code/internal/llm/reasoning.go:96.25,98.3 1 0
dev.helix.code/internal/llm/reasoning.go:99.2,99.45 1 1
dev.helix.code/internal/llm/reasoning.go:99.45,101.3 1 1
dev.helix.code/internal/llm/reasoning.go:102.2,104.12 3 1
dev.helix.code/internal/llm/reasoning.go:108.120,117.47 3 1
dev.helix.code/internal/llm/reasoning.go:117.47,120.3 2 0
dev.helix.code/internal/llm/reasoning.go:123.2,124.27 2 1
dev.helix.code/internal/llm/reasoning.go:125.35,126.52 1 1
dev.helix.code/internal/llm/reasoning.go:127.35,128.52 1 0
dev.helix.code/internal/llm/reasoning.go:129.35,130.52 1 0
dev.helix.code/internal/llm/reasoning.go:131.32,132.58 1 0
dev.helix.code/internal/llm/reasoning.go:133.10,134.72 1 0
dev.helix.code/internal/llm/reasoning.go:137.2,138.16 2 1
dev.helix.code/internal/llm/reasoning.go:138.16,140.3 1 0
dev.helix.code/internal/llm/reasoning.go:142.2,142.22 1 1
dev.helix.code/internal/llm/reasoning.go:146.127,150.27 3 1
dev.helix.code/internal/llm/reasoning.go:150.27,154.17 3 1
dev.helix.code/internal/llm/reasoning.go:154.17,156.4 1 0
dev.helix.code/internal/llm/reasoning.go:159.3,159.31 1 1
dev.helix.code/internal/llm/reasoning.go:159.31,161.9 2 1
dev.helix.code/internal/llm/reasoning.go:165.3,167.20 3 0
dev.helix.code/internal/llm/reasoning.go:167.20,169.18 2 0
dev.helix.code/internal/llm/reasoning.go:169.18,173.5 2 0
dev.helix.code/internal/llm/reasoning.go:174.4,174.70 1 0
dev.helix.code/internal/llm/reasoning.go:178.3,189.37 3 0
dev.helix.code/internal/llm/reasoning.go:189.37,191.4 1 0
dev.helix.code/internal/llm/reasoning.go:191.9,193.4 1 0
dev.helix.code/internal/llm/reasoning.go:195.3,195.9 1 0
dev.helix.code/internal/llm/reasoning.go:199.2,199.68 1 1
dev.helix.code/internal/llm/reasoning.go:199.68,202.3 2 0
dev.helix.code/internal/llm/reasoning.go:204.2,204.12 1 1
dev.helix.code/internal/llm/reasoning.go:209.71,210.22 1 1
dev.helix.code/internal/llm/reasoning.go:210.22,212.3 1 1
dev.helix.code/internal/llm/reasoning.go:213.2,213.23 1 1
dev.helix.code/internal/llm/reasoning.go:213.23,215.3 1 1
dev.helix.code/internal/llm/reasoning.go:216.2,216.50 1 1
dev.helix.code/internal/llm/reasoning.go:216.50,218.3 1 1
dev.helix.code/internal/llm/reasoning.go:219.2,219.12 1 1
dev.helix.code/internal/llm/reasoning.go:222.103,230.2 1 1
dev.helix.code/internal/llm/reasoning.go:232.116,242.16 3 1
dev.helix.code/internal/llm/reasoning.go:242.16,244.3 1 0
dev.helix.code/internal/llm/reasoning.go:246.2,246.26 1 1
dev.helix.code/internal/llm/reasoning.go:249.62,251.2 1 1
dev.helix.code/internal/llm/reasoning.go:253.69,254.80 1 1
dev.helix.code/internal/llm/reasoning.go:254.80,256.3 1 1
dev.helix.code/internal/llm/reasoning.go:257.2,257.16 1 0
dev.helix.code/internal/llm/reasoning.go:260.84,262.32 1 0
dev.helix.code/internal/llm/reasoning.go:262.32,263.76 1 0
dev.helix.code/internal/llm/reasoning.go:263.76,268.4 1 0
dev.helix.code/internal/llm/reasoning.go:270.2,270.19 1 0
dev.helix.code/internal/llm/reasoning.go:273.110,275.13 2 0
dev.helix.code/internal/llm/reasoning.go:275.13,277.3 1 0
dev.helix.code/internal/llm/reasoning.go:279.2,279.46 1 0
dev.helix.code/internal/llm/reasoning.go:282.81,283.14 1 0
dev.helix.code/internal/llm/reasoning.go:283.14,285.3 1 0
dev.helix.code/internal/llm/reasoning.go:286.2,286.30 1 0
dev.helix.code/internal/llm/reasoning.go:286.30,288.3 1 0
dev.helix.code/internal/llm/reasoning.go:289.2,289.25 1 0
dev.helix.code/internal/llm/reasoning.go:292.71,297.24 2 0
dev.helix.code/internal/llm/reasoning.go:297.24,299.3 1 0
dev.helix.code/internal/llm/reasoning.go:302.2,304.54 1 0
dev.helix.code/internal/llm/reasoning.go:304.54,306.3 1 0
dev.helix.code/internal/llm/reasoning.go:309.2,309.22 1 0
dev.helix.code/internal/llm/reasoning.go:309.22,311.3 1 0
dev.helix.code/internal/llm/reasoning.go:313.2,313.19 1 0
dev.helix.code/internal/llm/reasoning.go:318.127,321.2 1 0
dev.helix.code/internal/llm/reasoning.go:323.127,326.2 1 0
dev.helix.code/internal/llm/reasoning.go:328.133,331.2 1 0
dev.helix.code/internal/llm/tool_provider.go:63.73,69.2 1 0
dev.helix.code/internal/llm/tool_provider.go:72.130,88.16 5 0
dev.helix.code/internal/llm/tool_provider.go:88.16,90.3 1 0
dev.helix.code/internal/llm/tool_provider.go:93.2,96.24 2 0
dev.helix.code/internal/llm/tool_provider.go:96.24,98.17 2 0
dev.helix.code/internal/llm/tool_provider.go:98.17,100.4 1 0
dev.helix.code/internal/llm/tool_provider.go:103.3,107.17 4 0
dev.helix.code/internal/llm/tool_provider.go:107.17,109.4 1 0
dev.helix.code/internal/llm/tool_provider.go:110.3,110.19 1 0
dev.helix.code/internal/llm/tool_provider.go:113.2,122.8 1 0
dev.helix.code/internal/llm/tool_provider.go:126.127,129.12 2 0
dev.helix.code/internal/llm/tool_provider.go:129.12,146.17 6 0
dev.helix.code/internal/llm/tool_provider.go:146.17,153.4 2 0
dev.helix.code/internal/llm/tool_provider.go:155.3,159.30 4 0
dev.helix.code/internal/llm/tool_provider.go:159.30,173.4 2 0
dev.helix.code/internal/llm/tool_provider.go:176.3,179.25 2 0
dev.helix.code/internal/llm/tool_provider.go:179.25,181.18 2 0
dev.helix.code/internal/llm/tool_provider.go:181.18,183.5 1 0
dev.helix.code/internal/llm/tool_provider.go:186.4,199.18 5 0
dev.helix.code/internal/llm/tool_provider.go:199.18,206.5 2 0
dev.helix.code/internal/llm/tool_provider.go:208.4,208.36 1 0
dev.helix.code/internal/llm/tool_provider.go:208.36,219.5 1 0
dev.helix.code/internal/llm/tool_provider.go:220.9,229.4 1 0
dev.helix.code/internal/llm/tool_provider.go:232.2,232.16 1 0
dev.helix.code/internal/llm/tool_provider.go:236.59,238.31 2 0
dev.helix.code/internal/llm/tool_provider.go:238.31,240.3 1 0
dev.helix.code/internal/llm/tool_provider.go:241.2,241.14 1 0
dev.helix.code/internal/llm/tool_provider.go:245.61,246.54 1 0
dev.helix.code/internal/llm/tool_provider.go:246.54,248.3 1 0
dev.helix.code/internal/llm/tool_provider.go:249.2,252.30 2 0
dev.helix.code/internal/llm/tool_provider.go:252.30,258.89 1 0
dev.helix.code/internal/llm/tool_provider.go:258.89,261.5 1 0
dev.helix.code/internal/llm/tool_provider.go:263.3,263.48 1 0
dev.helix.code/internal/llm/tool_provider.go:266.2,267.12 2 0
dev.helix.code/internal/llm/tool_provider.go:272.54,274.2 1 0
dev.helix.code/internal/llm/tool_provider.go:276.48,278.2 1 0
dev.helix.code/internal/llm/tool_provider.go:280.55,282.2 1 0
dev.helix.code/internal/llm/tool_provider.go:284.67,286.2 1 0
dev.helix.code/internal/llm/tool_provider.go:288.100,290.2 1 0
dev.helix.code/internal/llm/tool_provider.go:292.113,294.2 1 0
dev.helix.code/internal/llm/tool_provider.go:296.69,298.2 1 0
dev.helix.code/internal/llm/tool_provider.go:300.87,302.2 1 0
dev.helix.code/internal/llm/tool_provider.go:304.45,306.2 1 0
dev.helix.code/internal/llm/tool_provider.go:312.91,314.29 2 0
dev.helix.code/internal/llm/tool_provider.go:314.29,318.3 2 0
dev.helix.code/internal/llm/tool_provider.go:320.2,330.43 1 0
dev.helix.code/internal/llm/tool_provider.go:333.94,340.29 4 0
dev.helix.code/internal/llm/tool_provider.go:340.29,341.43 1 0
dev.helix.code/internal/llm/tool_provider.go:341.43,345.40 3 0
dev.helix.code/internal/llm/tool_provider.go:345.40,348.70 3 0
dev.helix.code/internal/llm/tool_provider.go:348.70,350.6 1 0
dev.helix.code/internal/llm/tool_provider.go:352.9,352.51 1 0
dev.helix.code/internal/llm/tool_provider.go:352.51,355.4 1 0
dev.helix.code/internal/llm/tool_provider.go:358.2,358.48 1 0
dev.helix.code/internal/llm/tool_provider.go:361.123,364.37 2 0
dev.helix.code/internal/llm/tool_provider.go:364.37,366.14 2 0
dev.helix.code/internal/llm/tool_provider.go:366.14,368.12 2 0
dev.helix.code/internal/llm/tool_provider.go:371.3,372.17 2 0
dev.helix.code/internal/llm/tool_provider.go:372.17,374.4 1 0
dev.helix.code/internal/llm/tool_provider.go:374.9,376.4 1 0
dev.helix.code/internal/llm/tool_provider.go:379.2,379.21 1 0
dev.helix.code/internal/llm/tool_provider.go:383.138,388.2 1 0
dev.helix.code/internal/llm/tool_provider.go:390.131,392.44 2 0
dev.helix.code/internal/llm/tool_provider.go:392.44,394.3 1 0
dev.helix.code/internal/llm/tool_provider.go:396.2,404.47 1 0
dev.helix.code/applications/aurora-os/main.go:75.32,93.2 3 0
dev.helix.code/applications/aurora-os/main.go:96.42,99.16 2 0
dev.helix.code/applications/aurora-os/main.go:99.16,101.3 1 0
dev.helix.code/applications/aurora-os/main.go:102.2,106.16 3 0
dev.helix.code/applications/aurora-os/main.go:106.16,108.3 1 0
dev.helix.code/applications/aurora-os/main.go:109.2,113.16 3 0
dev.helix.code/applications/aurora-os/main.go:113.16,115.3 1 0
dev.helix.code/applications/aurora-os/main.go:118.2,129.55 6 0
dev.helix.code/applications/aurora-os/main.go:129.55,131.3 1 0
dev.helix.code/applications/aurora-os/main.go:134.2,136.12 2 0
dev.helix.code/applications/aurora-os/main.go:140.56,159.2 12 0
dev.helix.code/applications/aurora-os/main.go:162.33,189.2 8 0
dev.helix.code/applications/aurora-os/main.go:192.68,219.50 12 0
dev.helix.code/applications/aurora-os/main.go:219.50,219.80 1 0
dev.helix.code/applications/aurora-os/main.go:220.45,220.70 1 0
dev.helix.code/applications/aurora-os/main.go:221.49,221.82 1 0
dev.helix.code/applications/aurora-os/main.go:222.41,222.42 0 0
dev.helix.code/applications/aurora-os/main.go:226.2,228.67 2 0
dev.helix.code/applications/aurora-os/main.go:232.65,240.14 2 0
dev.helix.code/applications/aurora-os/main.go:240.14,240.66 1 0
dev.helix.code/applications/aurora-os/main.go:241.28,243.4 1 0
dev.helix.code/applications/aurora-os/main.go:244.53,246.62 2 0
dev.helix.code/applications/aurora-os/main.go:246.62,248.5 1 0
dev.helix.code/applications/aurora-os/main.go:249.4,249.26 1 0
dev.helix.code/applications/aurora-os/main.go:249.26,253.5 3 0
dev.helix.code/applications/aurora-os/main.go:257.2,261.50 2 0
dev.helix.code/applications/aurora-os/main.go:261.50,261.77 1 0
dev.helix.code/applications/aurora-os/main.go:262.51,262.80 1 0
dev.helix.code/applications/aurora-os/main.go:263.49,263.79 1 0
dev.helix.code/applications/aurora-os/main.go:266.2,266.100 1 0
dev.helix.code/applications/aurora-os/main.go:270.67,278.14 2 0
dev.helix.code/applications/aurora-os/main.go:278.14,278.63 1 0
dev.helix.code/applications/aurora-os/main.go:279.28,281.4 1 0
dev.helix.code/applications/aurora-os/main.go:282.53,284.56 2 0
dev.helix.code/applications/aurora-os/main.go:284.56,286.5 1 0
dev.helix.code/applications/aurora-os/main.go:287.4,287.23 1 0
dev.helix.code/applications/aurora-os/main.go:287.23,291.5 3 0
dev.helix.code/applications/aurora-os/main.go:295.2,299.48 2 0
dev.helix.code/applications/aurora-os/main.go:299.48,299.73 1 0
dev.helix.code/applications/aurora-os/main.go:300.45,300.67 1 0
dev.helix.code/applications/aurora-os/main.go:301.51,301.80 1 0
dev.helix.code/applications/aurora-os/main.go:304.2,304.95 1 0
dev.helix.code/applications/aurora-os/main.go:308.46,311.2 1 0
dev.helix.code/applications/aurora-os/main.go:313.41,316.2 2 0
dev.helix.code/applications/aurora-os/main.go:318.49,321.2 1 0
dev.helix.code/applications/aurora-os/main.go:323.43,329.2 4 0
dev.helix.code/applications/aurora-os/main.go:331.45,334.2 1 0
dev.helix.code/applications/aurora-os/main.go:336.38,339.2 1 0
dev.helix.code/applications/aurora-os/main.go:341.45,344.2 1 0
dev.helix.code/applications/aurora-os/main.go:347.29,358.2 5 0
dev.helix.code/applications/aurora-os/main.go:361.58,364.14 1 0
dev.helix.code/applications/aurora-os/main.go:364.14,364.26 1 0
dev.helix.code/applications/aurora-os/main.go:365.28,367.4 1 0
dev.helix.code/applications/aurora-os/main.go:368.53,371.4 2 0
dev.helix.code/applications/aurora-os/main.go:374.2,378.39 2 0
dev.helix.code/applications/aurora-os/main.go:378.40,378.41 0 0
dev.helix.code/applications/aurora-os/main.go:379.39,379.40 0 0
dev.helix.code/applications/aurora-os/main.go:382.2,382.62 1 0
dev.helix.code/applications/aurora-os/main.go:386.60,388.14 1 0
dev.helix.code/applications/aurora-os/main.go:388.14,388.26 1 0
dev.helix.code/applications/aurora-os/main.go:389.28,391.4 1 0
dev.helix.code/applications/aurora-os/main.go:392.53,394.4 1 0
dev.helix.code/applications/aurora-os/main.go:397.2,400.41 2 0
dev.helix.code/applications/aurora-os/main.go:400.42,400.43 0 0
dev.helix.code/applications/aurora-os/main.go:401.39,401.40 0 0
dev.helix.code/applications/aurora-os/main.go:404.2,404.64 1 0
dev.helix.code/applications/aurora-os/main.go:408.61,410.2 1 0
dev.helix.code/applications/aurora-os/main.go:413.61,415.2 1 0
dev.helix.code/applications/aurora-os/main.go:418.56,420.2 1 0
dev.helix.code/applications/aurora-os/main.go:423.61,425.95 1 0
dev.helix.code/applications/aurora-os/main.go:425.95,428.3 1 0
dev.helix.code/applications/aurora-os/main.go:429.2,442.47 7 0
dev.helix.code/applications/aurora-os/main.go:446.37,447.19 1 0
dev.helix.code/applications/aurora-os/main.go:447.19,449.3 1 0
dev.helix.code/applications/aurora-os/main.go:450.2,450.12 1 0
dev.helix.code/applications/aurora-os/main.go:453.13,456.47 2 0
dev.helix.code/applications/aurora-os/main.go:456.47,458.3 1 0
dev.helix.code/applications/aurora-os/main.go:459.2,461.17 2 0
dev.helix.code/applications/aurora-os/theme.go:100.38,115.2 7 0
dev.helix.code/applications/aurora-os/theme.go:118.52,120.52 1 0
dev.helix.code/applications/aurora-os/theme.go:120.52,121.61 1 0
dev.helix.code/applications/aurora-os/theme.go:121.61,123.4 1 0
dev.helix.code/applications/aurora-os/theme.go:127.2,127.30 1 0
dev.helix.code/applications/aurora-os/theme.go:127.30,129.3 1 0
dev.helix.code/applications/aurora-os/theme.go:132.2,132.20 1 0
dev.helix.code/applications/aurora-os/theme.go:136.50,138.2 1 0
dev.helix.code/applications/aurora-os/theme.go:141.57,142.68 1 0
dev.helix.code/applications/aurora-os/theme.go:142.68,145.3 2 0
dev.helix.code/applications/aurora-os/theme.go:146.2,146.14 1 0
dev.helix.code/applications/aurora-os/theme.go:150.55,152.30 2 0
dev.helix.code/applications/aurora-os/theme.go:152.30,154.3 1 0
dev.helix.code/applications/aurora-os/theme.go:155.2,155.14 1 0
dev.helix.code/applications/aurora-os/theme.go:159.59,161.36 2 0
dev.helix.code/applications/aurora-os/theme.go:162.17,163.23 1 0
dev.helix.code/applications/aurora-os/theme.go:164.19,165.25 1 0
dev.helix.code/applications/aurora-os/theme.go:166.16,167.22 1 0
dev.helix.code/applications/aurora-os/theme.go:168.14,169.20 1 0
dev.helix.code/applications/aurora-os/theme.go:170.20,171.26 1 0
dev.helix.code/applications/aurora-os/theme.go:172.16,173.22 1 0
dev.helix.code/applications/aurora-os/theme.go:174.17,175.23 1 0
dev.helix.code/applications/aurora-os/theme.go:176.17,177.23 1 0
dev.helix.code/applications/aurora-os/theme.go:178.15,179.21 1 0
dev.helix.code/applications/aurora-os/theme.go:180.14,181.20 1 0
dev.helix.code/applications/aurora-os/theme.go:182.10,183.20 1 0
dev.helix.code/applications/aurora-os/theme.go:193.36,198.2 2 0
dev.helix.code/applications/aurora-os/theme.go:201.51,203.28 2 0
dev.helix.code/applications/aurora-os/theme.go:203.28,205.3 1 0
dev.helix.code/applications/aurora-os/theme.go:209.51,211.2 1 0
dev.helix.code/applications/aurora-os/theme.go:214.53,216.2 1 0
dev.helix.code/applications/aurora-os/theme.go:219.48,221.2 1 0
dev.helix.code/applications/aurora-os/theme.go:224.54,226.2 1 0
dev.helix.code/applications/aurora-os/theme.go:229.50,231.2 1 0
dev.helix.code/applications/aurora-os/theme.go:234.58,236.2 1 0
dev.helix.code/applications/aurora-os/theme.go:239.56,241.2 1 0
dev.helix.code/applications/aurora-os/theme.go:244.48,246.2 1 0
dev.helix.code/applications/aurora-os/theme.go:249.56,251.2 1 0
dev.helix.code/applications/aurora-os/theme.go:254.55,256.2 1 0
dev.helix.code/applications/aurora-os/theme.go:259.55,261.2 1 0
dev.helix.code/applications/aurora-os/theme.go:264.49,266.2 1 0
dev.helix.code/applications/aurora-os/theme.go:269.53,271.2 1 0
dev.helix.code/applications/aurora-os/theme.go:274.50,276.2 1 0
dev.helix.code/applications/aurora-os/theme.go:279.43,281.2 1 0
dev.helix.code/applications/aurora-os/theme.go:284.49,286.2 1 0
dev.helix.code/applications/aurora-os/theme.go:289.53,291.2 1 0
dev.helix.code/applications/aurora-os/theme.go:294.55,296.2 1 0
dev.helix.code/applications/aurora-os/theme.go:299.59,301.2 1 0
dev.helix.code/applications/aurora-os/theme.go:304.58,306.2 1 0
dev.helix.code/applications/aurora-os/theme.go:309.50,311.2 1 0
dev.helix.code/applications/aurora-os/theme.go:314.42,316.2 1 0
dev.helix.code/applications/aurora-os/theme.go:319.49,321.2 1 0
dev.helix.code/applications/aurora-os/theme.go:324.48,326.2 1 0
dev.helix.code/applications/aurora-os/theme.go:329.53,331.2 1 0
dev.helix.code/applications/aurora-os/theme.go:334.44,336.35 1 0
dev.helix.code/applications/aurora-os/theme.go:336.35,338.3 1 0
dev.helix.code/applications/aurora-os/theme.go:341.2,341.19 1 0
dev.helix.code/applications/aurora-os/theme.go:341.19,343.51 2 0
dev.helix.code/applications/aurora-os/theme.go:343.51,345.4 1 0
dev.helix.code/applications/aurora-os/theme.go:346.3,346.51 1 0
dev.helix.code/applications/aurora-os/theme.go:346.51,348.4 1 0
dev.helix.code/applications/aurora-os/theme.go:349.3,349.51 1 0
dev.helix.code/applications/aurora-os/theme.go:349.51,351.4 1 0
dev.helix.code/applications/aurora-os/theme.go:352.3,352.34 1 0
dev.helix.code/applications/aurora-os/theme.go:356.2,356.20 1 0
dev.helix.code/applications/aurora-os/theme.go:360.95,361.14 1 0
dev.helix.code/applications/aurora-os/theme.go:362.30,363.48 1 0
dev.helix.code/applications/aurora-os/theme.go:364.33,365.51 1 0
dev.helix.code/applications/aurora-os/theme.go:366.29,367.50 1 0
dev.helix.code/applications/aurora-os/theme.go:368.37,369.47 1 0
dev.helix.code/applications/aurora-os/theme.go:370.28,371.46 1 0
dev.helix.code/applications/aurora-os/theme.go:372.28,373.47 1 0
dev.helix.code/applications/aurora-os/theme.go:374.33,375.45 1 0
dev.helix.code/applications/aurora-os/theme.go:376.31,377.47 1 0
dev.helix.code/applications/aurora-os/theme.go:378.34,379.47 1 0
dev.helix.code/applications/aurora-os/theme.go:380.30,381.47 1 0
dev.helix.code/applications/aurora-os/theme.go:382.32,383.47 1 0
dev.helix.code/applications/aurora-os/theme.go:384.29,385.34 1 0
dev.helix.code/applications/aurora-os/theme.go:386.38,387.29 1 0
dev.helix.code/applications/aurora-os/theme.go:387.29,389.4 1 0
dev.helix.code/applications/aurora-os/theme.go:390.3,390.34 1 0
dev.helix.code/applications/aurora-os/theme.go:391.37,392.51 1 0
dev.helix.code/applications/aurora-os/theme.go:393.40,394.34 1 0
dev.helix.code/applications/aurora-os/theme.go:395.32,396.47 1 0
dev.helix.code/applications/aurora-os/theme.go:397.10,398.45 1 0
dev.helix.code/applications/aurora-os/theme.go:403.65,404.21 1 0
dev.helix.code/applications/aurora-os/theme.go:404.21,406.3 1 0
dev.helix.code/applications/aurora-os/theme.go:407.2,407.16 1 0
dev.helix.code/applications/aurora-os/theme.go:407.16,408.19 1 0
dev.helix.code/applications/aurora-os/theme.go:408.19,410.4 1 0
dev.helix.code/applications/aurora-os/theme.go:411.3,411.37 1 0
dev.helix.code/applications/aurora-os/theme.go:413.2,413.18 1 0
dev.helix.code/applications/aurora-os/theme.go:413.18,415.3 1 0
dev.helix.code/applications/aurora-os/theme.go:416.2,416.32 1 0
dev.helix.code/applications/aurora-os/theme.go:420.62,421.14 1 0
dev.helix.code/applications/aurora-os/theme.go:422.26,423.12 1 0
dev.helix.code/applications/aurora-os/theme.go:424.33,425.12 1 0
dev.helix.code/applications/aurora-os/theme.go:426.36,427.12 1 0
dev.helix.code/applications/aurora-os/theme.go:428.33,429.12 1 0
dev.helix.code/applications/aurora-os/theme.go:430.29,431.11 1 0
dev.helix.code/applications/aurora-os/theme.go:432.34,433.11 1 0
dev.helix.code/applications/aurora-os/theme.go:434.31,435.12 1 0
dev.helix.code/applications/aurora-os/theme.go:436.36,437.12 1 0
dev.helix.code/applications/aurora-os/theme.go:438.40,439.11 1 0
dev.helix.code/applications/aurora-os/theme.go:440.32,441.12 1 0
dev.helix.code/applications/aurora-os/theme.go:442.10,443.12 1 0
dev.helix.code/applications/aurora-os/theme.go:448.68,450.2 1 0
dev.helix.code/applications/aurora-os/theme.go:453.44,455.22 2 0
dev.helix.code/applications/aurora-os/theme.go:455.22,457.10 2 0
dev.helix.code/applications/aurora-os/theme.go:458.29,459.28 1 0
dev.helix.code/applications/aurora-os/theme.go:460.29,461.33 1 0
dev.helix.code/applications/aurora-os/theme.go:462.29,463.33 1 0
dev.helix.code/applications/aurora-os/theme.go:464.11,465.56 1 0
dev.helix.code/applications/aurora-os/theme.go:468.2,468.20 1 0
dev.helix.code/internal/redis/redis.go:19.58,20.18 1 1
dev.helix.code/internal/redis/redis.go:20.18,22.3 1 1
dev.helix.code/internal/redis/redis.go:24.2,34.44 4 1
dev.helix.code/internal/redis/redis.go:34.44,36.3 1 1
dev.helix.code/internal/redis/redis.go:38.2,41.8 1 0
dev.helix.code/internal/redis/redis.go:45.32,46.21 1 1
dev.helix.code/internal/redis/redis.go:46.21,48.3 1 0
dev.helix.code/internal/redis/redis.go:49.2,49.12 1 1
dev.helix.code/internal/redis/redis.go:53.35,55.2 1 1
dev.helix.code/internal/redis/redis.go:58.44,60.2 1 1
dev.helix.code/internal/redis/redis.go:63.106,64.20 1 1
dev.helix.code/internal/redis/redis.go:64.20,66.3 1 1
dev.helix.code/internal/redis/redis.go:67.2,67.56 1 0
dev.helix.code/internal/redis/redis.go:71.71,72.20 1 1
dev.helix.code/internal/redis/redis.go:72.20,74.3 1 1
dev.helix.code/internal/redis/redis.go:75.2,75.40 1 0
dev.helix.code/internal/redis/redis.go:79.65,80.20 1 1
dev.helix.code/internal/redis/redis.go:80.20,82.3 1 1
dev.helix.code/internal/redis/redis.go:83.2,83.41 1 0
dev.helix.code/internal/redis/redis.go:87.77,88.20 1 1
dev.helix.code/internal/redis/redis.go:88.20,90.3 1 1
dev.helix.code/internal/redis/redis.go:91.2,91.47 1 0
dev.helix.code/internal/redis/redis.go:95.90,96.20 1 1
dev.helix.code/internal/redis/redis.go:96.20,98.3 1 1
dev.helix.code/internal/redis/redis.go:99.2,99.52 1 0
dev.helix.code/internal/redis/redis.go:103.78,104.20 1 1
dev.helix.code/internal/redis/redis.go:104.20,106.3 1 1
dev.helix.code/internal/redis/redis.go:107.2,107.40 1 0
dev.helix.code/internal/redis/redis.go:111.85,112.20 1 1
dev.helix.code/internal/redis/redis.go:112.20,114.3 1 1
dev.helix.code/internal/redis/redis.go:115.2,115.49 1 0
dev.helix.code/internal/redis/redis.go:119.79,120.20 1 1
dev.helix.code/internal/redis/redis.go:120.20,122.3 1 1
dev.helix.code/internal/redis/redis.go:123.2,123.48 1 0
dev.helix.code/internal/redis/redis.go:127.86,128.20 1 1
dev.helix.code/internal/redis/redis.go:128.20,130.3 1 1
dev.helix.code/internal/redis/redis.go:131.2,131.44 1 0
dev.helix.code/internal/redis/redis.go:135.80,136.20 1 1
dev.helix.code/internal/redis/redis.go:136.20,138.3 1 1
dev.helix.code/internal/redis/redis.go:139.2,139.49 1 0
dev.helix.code/internal/redis/redis.go:143.90,144.20 1 1
dev.helix.code/internal/redis/redis.go:144.20,146.3 1 1
dev.helix.code/internal/redis/redis.go:147.2,147.54 1 0
dev.helix.code/internal/redis/redis.go:151.83,152.20 1 1
dev.helix.code/internal/redis/redis.go:152.20,154.3 1 1
dev.helix.code/internal/redis/redis.go:155.2,155.45 1 0
dev.helix.code/internal/redis/redis.go:159.86,160.20 1 1
dev.helix.code/internal/redis/redis.go:160.20,162.3 1 1
dev.helix.code/internal/redis/redis.go:163.2,163.50 1 0
dev.helix.code/internal/redis/redis.go:167.72,168.20 1 1
dev.helix.code/internal/redis/redis.go:168.20,170.3 1 1
dev.helix.code/internal/redis/redis.go:171.2,171.41 1 0
dev.helix.code/internal/redis/redis.go:175.102,176.20 1 1
dev.helix.code/internal/redis/redis.go:176.20,178.3 1 1
dev.helix.code/internal/redis/redis.go:179.2,179.55 1 0
dev.helix.code/internal/redis/redis.go:183.71,184.20 1 1
dev.helix.code/internal/redis/redis.go:184.20,186.3 1 1
dev.helix.code/internal/redis/redis.go:187.2,187.41 1 0
dev.helix.code/internal/redis/redis.go:191.86,192.20 1 1
dev.helix.code/internal/redis/redis.go:192.20,194.3 1 1
dev.helix.code/internal/redis/redis.go:195.2,195.50 1 0
dev.helix.code/internal/redis/redis.go:199.78,200.20 1 1
dev.helix.code/internal/redis/redis.go:200.20,202.3 1 1
dev.helix.code/internal/redis/redis.go:203.2,203.45 1 0
dev.helix.code/internal/redis/redis.go:207.86,208.20 1 1
dev.helix.code/internal/redis/redis.go:208.20,210.3 1 1
dev.helix.code/internal/redis/redis.go:211.2,211.50 1 0
dev.helix.code/internal/redis/redis.go:215.83,216.20 1 1
dev.helix.code/internal/redis/redis.go:216.20,218.3 1 1
dev.helix.code/internal/redis/redis.go:219.2,219.50 1 0
dev.helix.code/internal/redis/redis.go:223.95,224.20 1 1
dev.helix.code/internal/redis/redis.go:224.20,226.3 1 1
dev.helix.code/internal/redis/redis.go:227.2,227.56 1 0
dev.helix.code/internal/redis/redis.go:231.86,232.20 1 1
dev.helix.code/internal/redis/redis.go:232.20,234.3 1 1
dev.helix.code/internal/redis/redis.go:235.2,235.50 1 0
dev.helix.code/applications/desktop/main.go:44.34,51.2 3 1
dev.helix.code/applications/desktop/main.go:54.43,57.16 2 0
dev.helix.code/applications/desktop/main.go:57.16,59.3 1 0
dev.helix.code/applications/desktop/main.go:60.2,64.16 3 0
dev.helix.code/applications/desktop/main.go:64.16,66.3 1 0
dev.helix.code/applications/desktop/main.go:67.2,71.16 3 0
dev.helix.code/applications/desktop/main.go:71.16,73.3 1 0
dev.helix.code/applications/desktop/main.go:76.2,89.12 7 0
dev.helix.code/applications/desktop/main.go:93.34,118.2 8 0
dev.helix.code/applications/desktop/main.go:121.63,144.40 12 0
dev.helix.code/applications/desktop/main.go:144.41,144.42 0 0
dev.helix.code/applications/desktop/main.go:145.43,145.44 0 0
dev.helix.code/applications/desktop/main.go:146.41,146.42 0 0
dev.helix.code/applications/desktop/main.go:150.2,152.67 2 0
dev.helix.code/applications/desktop/main.go:156.59,159.14 1 0
dev.helix.code/applications/desktop/main.go:159.14,159.26 1 0
dev.helix.code/applications/desktop/main.go:160.28,162.4 1 0
dev.helix.code/applications/desktop/main.go:163.53,166.4 2 0
dev.helix.code/applications/desktop/main.go:169.2,173.39 2 0
dev.helix.code/applications/desktop/main.go:173.40,173.41 0 0
dev.helix.code/applications/desktop/main.go:174.39,174.40 0 0
dev.helix.code/applications/desktop/main.go:177.2,177.62 1 0
dev.helix.code/applications/desktop/main.go:181.61,183.14 1 0
dev.helix.code/applications/desktop/main.go:183.14,183.26 1 0
dev.helix.code/applications/desktop/main.go:184.28,186.4 1 0
dev.helix.code/applications/desktop/main.go:187.53,189.4 1 0
dev.helix.code/applications/desktop/main.go:192.2,195.41 2 0
dev.helix.code/applications/desktop/main.go:195.42,195.43 0 0
dev.helix.code/applications/desktop/main.go:196.39,196.40 0 0
dev.helix.code/applications/desktop/main.go:199.2,199.64 1 0
dev.helix.code/applications/desktop/main.go:203.62,205.2 1 0
dev.helix.code/applications/desktop/main.go:208.62,210.2 1 0
dev.helix.code/applications/desktop/main.go:213.57,215.2 1 0
dev.helix.code/applications/desktop/main.go:218.62,220.95 1 0
dev.helix.code/applications/desktop/main.go:220.95,223.3 1 0
dev.helix.code/applications/desktop/main.go:224.2,237.47 7 0
dev.helix.code/applications/desktop/main.go:241.30,252.2 5 0
dev.helix.code/applications/desktop/main.go:255.38,256.19 1 0
dev.helix.code/applications/desktop/main.go:256.19,258.3 1 0
dev.helix.code/applications/desktop/main.go:259.2,259.12 1 0
dev.helix.code/applications/desktop/main.go:262.13,265.48 2 0
dev.helix.code/applications/desktop/main.go:265.48,267.3 1 0
dev.helix.code/applications/desktop/main.go:268.2,270.18 2 0
dev.helix.code/applications/desktop/theme.go:85.38,99.2 6 1
dev.helix.code/applications/desktop/theme.go:102.52,104.52 1 1
dev.helix.code/applications/desktop/theme.go:104.52,105.61 1 0
dev.helix.code/applications/desktop/theme.go:105.61,107.4 1 0
dev.helix.code/applications/desktop/theme.go:111.2,111.30 1 1
dev.helix.code/applications/desktop/theme.go:111.30,115.3 1 1
dev.helix.code/applications/desktop/theme.go:118.2,118.20 1 0
dev.helix.code/applications/desktop/theme.go:122.50,124.2 1 1
dev.helix.code/applications/desktop/theme.go:127.57,128.68 1 1
dev.helix.code/applications/desktop/theme.go:128.68,131.3 2 1
dev.helix.code/applications/desktop/theme.go:132.2,132.14 1 1
dev.helix.code/applications/desktop/theme.go:136.55,138.30 2 1
dev.helix.code/applications/desktop/theme.go:138.30,140.3 1 1
dev.helix.code/applications/desktop/theme.go:141.2,141.14 1 1
dev.helix.code/applications/desktop/theme.go:145.59,147.36 2 1
dev.helix.code/applications/desktop/theme.go:148.17,149.23 1 1
dev.helix.code/applications/desktop/theme.go:150.19,151.25 1 0
dev.helix.code/applications/desktop/theme.go:152.16,153.22 1 0
dev.helix.code/applications/desktop/theme.go:154.14,155.20 1 1
dev.helix.code/applications/desktop/theme.go:156.20,157.26 1 1
dev.helix.code/applications/desktop/theme.go:158.16,159.22 1 0
dev.helix.code/applications/desktop/theme.go:160.17,161.23 1 0
dev.helix.code/applications/desktop/theme.go:162.17,163.23 1 0
dev.helix.code/applications/desktop/theme.go:164.15,165.21 1 0
dev.helix.code/applications/desktop/theme.go:166.14,167.20 1 0
dev.helix.code/applications/desktop/theme.go:168.10,169.20 1 1
dev.helix.code/applications/desktop/theme.go:179.36,184.2 2 1
dev.helix.code/applications/desktop/theme.go:187.51,189.28 2 0
dev.helix.code/applications/desktop/theme.go:189.28,191.3 1 0
dev.helix.code/applications/desktop/theme.go:195.51,197.2 1 0
dev.helix.code/applications/desktop/theme.go:200.53,202.2 1 0
dev.helix.code/applications/desktop/theme.go:205.48,207.2 1 0
dev.helix.code/applications/desktop/theme.go:210.54,212.2 1 0
dev.helix.code/applications/desktop/theme.go:215.50,217.2 1 0
dev.helix.code/applications/desktop/theme.go:220.58,222.2 1 0
dev.helix.code/applications/desktop/theme.go:225.56,227.2 1 0
dev.helix.code/applications/desktop/theme.go:230.48,232.2 1 0
dev.helix.code/applications/desktop/theme.go:235.56,237.2 1 0
dev.helix.code/applications/desktop/theme.go:240.55,242.2 1 0
dev.helix.code/applications/desktop/theme.go:245.55,247.2 1 0
dev.helix.code/applications/desktop/theme.go:250.49,252.2 1 0
dev.helix.code/applications/desktop/theme.go:255.53,257.2 1 0
dev.helix.code/applications/desktop/theme.go:260.50,262.2 1 0
dev.helix.code/applications/desktop/theme.go:265.43,267.2 1 0
dev.helix.code/applications/desktop/theme.go:270.49,272.2 1 0
dev.helix.code/applications/desktop/theme.go:275.53,277.2 1 0
dev.helix.code/applications/desktop/theme.go:280.55,282.2 1 0
dev.helix.code/applications/desktop/theme.go:285.59,287.2 1 0
dev.helix.code/applications/desktop/theme.go:290.58,292.2 1 0
dev.helix.code/applications/desktop/theme.go:295.50,297.2 1 0
dev.helix.code/applications/desktop/theme.go:300.42,302.2 1 0
dev.helix.code/applications/desktop/theme.go:305.49,307.2 1 0
dev.helix.code/applications/desktop/theme.go:310.48,312.2 1 0
dev.helix.code/applications/desktop/theme.go:315.53,317.2 1 0
dev.helix.code/applications/desktop/theme.go:320.44,322.35 1 1
dev.helix.code/applications/desktop/theme.go:322.35,324.3 1 1
dev.helix.code/applications/desktop/theme.go:327.2,327.19 1 1
dev.helix.code/applications/desktop/theme.go:327.19,329.51 2 1
dev.helix.code/applications/desktop/theme.go:329.51,331.4 1 1
dev.helix.code/applications/desktop/theme.go:332.3,332.51 1 1
dev.helix.code/applications/desktop/theme.go:332.51,334.4 1 1
dev.helix.code/applications/desktop/theme.go:335.3,335.51 1 1
dev.helix.code/applications/desktop/theme.go:335.51,337.4 1 1
dev.helix.code/applications/desktop/theme.go:338.3,338.34 1 1
dev.helix.code/applications/desktop/theme.go:342.2,342.20 1 0
dev.helix.code/applications/desktop/theme.go:346.95,347.14 1 1
dev.helix.code/applications/desktop/theme.go:348.30,349.48 1 1
dev.helix.code/applications/desktop/theme.go:350.33,351.51 1 0
dev.helix.code/applications/desktop/theme.go:352.29,353.50 1 0
dev.helix.code/applications/desktop/theme.go:354.37,355.47 1 0
dev.helix.code/applications/desktop/theme.go:356.28,357.46 1 0
dev.helix.code/applications/desktop/theme.go:358.28,359.47 1 0
dev.helix.code/applications/desktop/theme.go:360.33,361.45 1 0
dev.helix.code/applications/desktop/theme.go:362.31,363.47 1 0
dev.helix.code/applications/desktop/theme.go:364.34,365.47 1 0
dev.helix.code/applications/desktop/theme.go:366.30,367.47 1 0
dev.helix.code/applications/desktop/theme.go:368.32,369.47 1 0
dev.helix.code/applications/desktop/theme.go:370.29,371.34 1 0
dev.helix.code/applications/desktop/theme.go:372.38,373.29 1 0
dev.helix.code/applications/desktop/theme.go:373.29,375.4 1 0
dev.helix.code/applications/desktop/theme.go:376.3,376.34 1 0
dev.helix.code/applications/desktop/theme.go:377.37,378.51 1 0
dev.helix.code/applications/desktop/theme.go:379.40,380.34 1 0
dev.helix.code/applications/desktop/theme.go:381.32,382.47 1 0
dev.helix.code/applications/desktop/theme.go:383.10,384.45 1 0
dev.helix.code/applications/desktop/theme.go:389.65,390.21 1 1
dev.helix.code/applications/desktop/theme.go:390.21,392.3 1 0
dev.helix.code/applications/desktop/theme.go:393.2,393.16 1 1
dev.helix.code/applications/desktop/theme.go:393.16,394.19 1 0
dev.helix.code/applications/desktop/theme.go:394.19,396.4 1 0
dev.helix.code/applications/desktop/theme.go:397.3,397.37 1 0
dev.helix.code/applications/desktop/theme.go:399.2,399.18 1 1
dev.helix.code/applications/desktop/theme.go:399.18,401.3 1 0
dev.helix.code/applications/desktop/theme.go:402.2,402.32 1 1
dev.helix.code/applications/desktop/theme.go:406.62,407.14 1 1
dev.helix.code/applications/desktop/theme.go:408.26,409.12 1 1
dev.helix.code/applications/desktop/theme.go:410.33,411.12 1 0
dev.helix.code/applications/desktop/theme.go:412.36,413.12 1 0
dev.helix.code/applications/desktop/theme.go:414.33,415.12 1 0
dev.helix.code/applications/desktop/theme.go:416.29,417.11 1 0
dev.helix.code/applications/desktop/theme.go:418.34,419.11 1 0
dev.helix.code/applications/desktop/theme.go:420.31,421.12 1 0
dev.helix.code/applications/desktop/theme.go:422.36,423.12 1 0
dev.helix.code/applications/desktop/theme.go:424.40,425.11 1 0
dev.helix.code/applications/desktop/theme.go:426.32,427.12 1 0
dev.helix.code/applications/desktop/theme.go:428.10,429.12 1 0
dev.helix.code/applications/desktop/theme.go:434.68,436.2 1 1
dev.helix.code/applications/desktop/theme.go:439.44,441.22 2 1
dev.helix.code/applications/desktop/theme.go:441.22,443.10 2 1
dev.helix.code/applications/desktop/theme.go:444.29,445.28 1 1
dev.helix.code/applications/desktop/theme.go:446.29,447.33 1 0
dev.helix.code/applications/desktop/theme.go:448.29,449.33 1 1
dev.helix.code/applications/desktop/theme.go:450.11,451.56 1 1
dev.helix.code/applications/desktop/theme.go:454.2,454.20 1 1
dev.helix.code/internal/worker/manager.go:101.86,107.2 1 0
dev.helix.code/internal/worker/manager.go:110.84,116.35 4 0
dev.helix.code/internal/worker/manager.go:116.35,120.3 2 0
dev.helix.code/internal/worker/manager.go:120.8,124.3 2 0
dev.helix.code/internal/worker/manager.go:126.2,131.58 5 0
dev.helix.code/internal/worker/manager.go:131.58,133.3 1 0
dev.helix.code/internal/worker/manager.go:136.2,139.12 3 0
dev.helix.code/internal/worker/manager.go:143.119,148.16 4 0
dev.helix.code/internal/worker/manager.go:148.16,150.3 1 0
dev.helix.code/internal/worker/manager.go:152.2,156.20 3 0
dev.helix.code/internal/worker/manager.go:156.20,166.61 8 0
dev.helix.code/internal/worker/manager.go:166.61,168.4 1 0
dev.helix.code/internal/worker/manager.go:171.3,171.66 1 0
dev.helix.code/internal/worker/manager.go:174.2,174.58 1 0
dev.helix.code/internal/worker/manager.go:174.58,176.3 1 0
dev.helix.code/internal/worker/manager.go:179.2,181.12 2 0
dev.helix.code/internal/worker/manager.go:185.109,191.16 4 0
dev.helix.code/internal/worker/manager.go:191.16,193.3 1 0
dev.helix.code/internal/worker/manager.go:195.2,196.33 2 0
dev.helix.code/internal/worker/manager.go:196.33,201.31 1 0
dev.helix.code/internal/worker/manager.go:201.31,203.4 1 0
dev.helix.code/internal/worker/manager.go:206.2,206.23 1 0
dev.helix.code/internal/worker/manager.go:210.84,215.16 4 0
dev.helix.code/internal/worker/manager.go:215.16,217.3 1 0
dev.helix.code/internal/worker/manager.go:219.2,219.59 1 0
dev.helix.code/internal/worker/manager.go:219.59,221.3 1 0
dev.helix.code/internal/worker/manager.go:223.2,226.58 3 0
dev.helix.code/internal/worker/manager.go:226.58,228.3 1 0
dev.helix.code/internal/worker/manager.go:231.2,233.12 2 0
dev.helix.code/internal/worker/manager.go:237.86,242.16 4 0
dev.helix.code/internal/worker/manager.go:242.16,244.3 1 0
dev.helix.code/internal/worker/manager.go:246.2,246.34 1 0
dev.helix.code/internal/worker/manager.go:246.34,250.59 3 0
dev.helix.code/internal/worker/manager.go:250.59,252.4 1 0
dev.helix.code/internal/worker/manager.go:255.3,255.32 1 0
dev.helix.code/internal/worker/manager.go:258.2,258.12 1 0
dev.helix.code/internal/worker/manager.go:262.65,267.16 4 0
dev.helix.code/internal/worker/manager.go:267.16,269.3 1 0
dev.helix.code/internal/worker/manager.go:271.2,272.33 2 0
dev.helix.code/internal/worker/manager.go:272.33,274.51 1 0
dev.helix.code/internal/worker/manager.go:274.51,279.60 4 0
dev.helix.code/internal/worker/manager.go:279.60,281.5 1 0
dev.helix.code/internal/worker/manager.go:281.10,284.5 1 0
dev.helix.code/internal/worker/manager.go:287.4,287.34 1 0
dev.helix.code/internal/worker/manager.go:291.2,291.12 1 0
dev.helix.code/internal/worker/manager.go:295.84,300.16 4 0
dev.helix.code/internal/worker/manager.go:300.16,302.3 1 0
dev.helix.code/internal/worker/manager.go:304.2,317.33 4 0
dev.helix.code/internal/worker/manager.go:317.33,318.42 1 0
dev.helix.code/internal/worker/manager.go:318.42,320.4 1 0
dev.helix.code/internal/worker/manager.go:321.3,321.49 1 0
dev.helix.code/internal/worker/manager.go:321.49,323.4 1 0
dev.helix.code/internal/worker/manager.go:325.3,329.43 4 0
dev.helix.code/internal/worker/manager.go:332.2,332.22 1 0
dev.helix.code/internal/worker/manager.go:332.22,335.3 2 0
dev.helix.code/internal/worker/manager.go:337.2,337.19 1 0
dev.helix.code/internal/worker/manager.go:353.82,354.24 1 0
dev.helix.code/internal/worker/manager.go:354.24,356.3 1 0
dev.helix.code/internal/worker/manager.go:358.2,359.42 2 0
dev.helix.code/internal/worker/manager.go:359.42,361.3 1 0
dev.helix.code/internal/worker/manager.go:363.2,363.31 1 0
dev.helix.code/internal/worker/manager.go:363.31,364.23 1 0
dev.helix.code/internal/worker/manager.go:364.23,366.4 1 0
dev.helix.code/internal/worker/manager.go:369.2,369.13 1 0
dev.helix.code/internal/worker/manager.go:372.63,375.2 1 0
dev.helix.code/internal/worker/manager.go:377.101,379.102 1 0
dev.helix.code/internal/worker/manager.go:379.102,381.3 1 0
dev.helix.code/internal/worker/manager.go:383.2,383.102 1 0
dev.helix.code/internal/worker/manager.go:383.102,385.3 1 0
dev.helix.code/internal/worker/manager.go:387.2,387.28 1 0
dev.helix.code/internal/worker/manager.go:400.60,402.68 2 0
dev.helix.code/internal/worker/manager.go:402.68,404.3 1 0
dev.helix.code/internal/worker/manager.go:406.2,413.58 2 0
dev.helix.code/internal/worker/manager.go:413.58,415.3 1 0
dev.helix.code/internal/worker/manager.go:416.2,416.53 1 0
dev.helix.code/internal/worker/manager.go:416.53,418.3 1 0
dev.helix.code/internal/worker/manager.go:420.2,420.23 1 0
dev.helix.code/internal/worker/manager.go:423.75,424.36 1 0
dev.helix.code/internal/worker/manager.go:424.36,426.3 1 0
dev.helix.code/internal/worker/manager.go:427.2,427.21 1 0
dev.helix.code/internal/worker/manager.go:430.73,431.37 1 0
dev.helix.code/internal/worker/manager.go:431.37,433.3 1 0
[...]
dev.helix.code/internal/server/handlers.go:426.49,496.2 10 0
dev.helix.code/internal/server/handlers.go:498.50,501.43 2 0
dev.helix.code/internal/server/handlers.go:501.43,503.3 1 0
dev.helix.code/internal/server/handlers.go:505.2,514.4 2 0
dev.helix.code/internal/server/handlers.go:519.58,526.16 5 0
dev.helix.code/internal/server/handlers.go:526.16,533.3 2 0
dev.helix.code/internal/server/handlers.go:535.2,538.4 1 0
dev.helix.code/internal/server/handlers.go:541.58,548.16 5 0
dev.helix.code/internal/server/handlers.go:548.16,555.3 2 0
dev.helix.code/internal/server/handlers.go:557.2,560.4 1 0
dev.helix.code/internal/server/handlers.go:563.57,570.16 5 0
dev.helix.code/internal/server/handlers.go:570.16,577.3 2 0
dev.helix.code/internal/server/handlers.go:579.2,582.4 1 0
dev.helix.code/internal/server/handlers.go:585.61,592.16 5 0
dev.helix.code/internal/server/handlers.go:592.16,599.3 2 0
dev.helix.code/internal/server/handlers.go:601.2,604.4 1 0
dev.helix.code/internal/server/server.go:34.80,36.34 1 0
dev.helix.code/internal/server/server.go:36.34,38.3 1 0
dev.helix.code/internal/server/server.go:38.8,40.3 1 0
dev.helix.code/internal/server/server.go:42.2,91.15 14 0
dev.helix.code/internal/server/server.go:95.32,98.2 2 0
dev.helix.code/internal/server/server.go:101.54,103.2 1 0
dev.helix.code/internal/server/server.go:106.32,112.2 3 0
dev.helix.code/internal/server/server.go:112.2,115.3 2 0
dev.helix.code/internal/server/server.go:115.3,120.4 4 0
dev.helix.code/internal/server/server.go:123.3,125.3 3 0
dev.helix.code/internal/server/server.go:125.3,129.4 3 0
dev.helix.code/internal/server/server.go:132.3,134.3 3 0
dev.helix.code/internal/server/server.go:134.3,142.4 7 0
dev.helix.code/internal/server/server.go:145.3,147.3 3 0
dev.helix.code/internal/server/server.go:147.3,160.4 12 0
dev.helix.code/internal/server/server.go:163.3,165.3 3 0
dev.helix.code/internal/server/server.go:165.3,178.4 10 0
dev.helix.code/internal/server/server.go:181.3,183.3 3 0
dev.helix.code/internal/server/server.go:183.3,189.4 5 0
dev.helix.code/internal/server/server.go:192.3,194.3 3 0
dev.helix.code/internal/server/server.go:194.3,197.4 2 0
dev.helix.code/internal/server/server.go:201.2,206.70 4 0
dev.helix.code/internal/server/server.go:211.46,213.43 1 0
dev.helix.code/internal/server/server.go:213.43,220.3 2 0
dev.helix.code/internal/server/server.go:223.2,223.25 1 0
dev.helix.code/internal/server/server.go:223.25,224.108 1 0
dev.helix.code/internal/server/server.go:224.108,226.66 1 0
dev.helix.code/internal/server/server.go:226.66,233.5 2 0
dev.helix.code/internal/server/server.go:237.2,241.4 1 0
dev.helix.code/internal/server/server.go:244.49,249.2 1 0
dev.helix.code/internal/server/server.go:253.51,254.30 1 0
dev.helix.code/internal/server/server.go:254.30,257.23 2 0
dev.helix.code/internal/server/server.go:257.23,264.4 3 0
dev.helix.code/internal/server/server.go:267.3,268.93 2 0
dev.helix.code/internal/server/server.go:268.93,275.4 3 0
dev.helix.code/internal/server/server.go:277.3,281.17 3 0
dev.helix.code/internal/server/server.go:281.17,289.4 3 0
dev.helix.code/internal/server/server.go:292.3,293.11 2 0
dev.helix.code/internal/server/server.go:298.50,300.2 1 0
dev.helix.code/internal/server/server.go:303.39,304.30 1 0
dev.helix.code/internal/server/server.go:304.30,310.36 5 0
dev.helix.code/internal/server/server.go:310.36,313.4 2 0
dev.helix.code/internal/server/server.go:315.3,315.11 1 0
dev.helix.code/internal/server/server.go:320.43,321.30 1 0
dev.helix.code/internal/server/server.go:321.30,327.3 5 0
dev.helix.code/internal/workflow/executor.go:18.61,22.2 1 0
dev.helix.code/internal/workflow/executor.go:25.102,27.16 2 0
dev.helix.code/internal/workflow/executor.go:27.16,29.3 1 0
dev.helix.code/internal/workflow/executor.go:31.2,45.22 3 0
dev.helix.code/internal/workflow/executor.go:49.102,51.16 2 0
dev.helix.code/internal/workflow/executor.go:51.16,53.3 1 0
dev.helix.code/internal/workflow/executor.go:55.2,69.22 3 0
dev.helix.code/internal/workflow/executor.go:73.101,75.16 2 0
dev.helix.code/internal/workflow/executor.go:75.16,77.3 1 0
dev.helix.code/internal/workflow/executor.go:79.2,93.22 3 0
dev.helix.code/internal/workflow/executor.go:97.105,99.16 2 0
dev.helix.code/internal/workflow/executor.go:99.16,101.3 1 0
dev.helix.code/internal/workflow/executor.go:103.2,117.22 3 0
dev.helix.code/internal/workflow/executor.go:121.100,125.32 3 0
dev.helix.code/internal/workflow/executor.go:125.32,129.50 2 0
dev.helix.code/internal/workflow/executor.go:129.50,131.12 2 0
dev.helix.code/internal/workflow/executor.go:134.3,139.17 4 0
dev.helix.code/internal/workflow/executor.go:139.17,145.4 5 0
dev.helix.code/internal/workflow/executor.go:147.3,151.19 3 0
dev.helix.code/internal/workflow/executor.go:151.19,153.4 1 0
dev.helix.code/internal/workflow/executor.go:156.2,157.33 2 0
dev.helix.code/internal/workflow/executor.go:161.104,162.21 1 0
dev.helix.code/internal/workflow/executor.go:163.29,164.48 1 0
dev.helix.code/internal/workflow/executor.go:165.30,166.50 1 0
dev.helix.code/internal/workflow/executor.go:167.32,168.47 1 0
dev.helix.code/internal/workflow/executor.go:169.26,170.44 1 0
dev.helix.code/internal/workflow/executor.go:171.26,172.44 1 0
dev.helix.code/internal/workflow/executor.go:173.30,174.45 1 0
dev.helix.code/internal/workflow/executor.go:175.10,176.64 1 0
dev.helix.code/internal/workflow/executor.go:181.112,184.2 1 0
dev.helix.code/internal/workflow/executor.go:187.114,190.2 1 0
dev.helix.code/internal/workflow/executor.go:193.111,199.16 4 0
dev.helix.code/internal/workflow/executor.go:199.16,201.3 1 0
dev.helix.code/internal/workflow/executor.go:203.2,203.28 1 0
dev.helix.code/internal/workflow/executor.go:207.108,211.19 2 0
dev.helix.code/internal/workflow/executor.go:212.12,213.56 1 0
dev.helix.code/internal/workflow/executor.go:214.14,215.48 1 0
dev.helix.code/internal/workflow/executor.go:216.16,217.59 1 0
dev.helix.code/internal/workflow/executor.go:218.14,219.50 1 0
dev.helix.code/internal/workflow/executor.go:220.10,221.79 1 0
dev.helix.code/internal/workflow/executor.go:224.2,226.16 3 0
dev.helix.code/internal/workflow/executor.go:226.16,228.3 1 0
dev.helix.code/internal/workflow/executor.go:230.2,230.28 1 0
dev.helix.code/internal/workflow/executor.go:234.108,238.19 2 0
dev.helix.code/internal/workflow/executor.go:239.12,240.53 1 0
dev.helix.code/internal/workflow/executor.go:241.14,242.55 1 0
dev.helix.code/internal/workflow/executor.go:243.16,244.48 1 0
dev.helix.code/internal/workflow/executor.go:245.14,246.52 1 0
dev.helix.code/internal/workflow/executor.go:247.10,248.79 1 0
dev.helix.code/internal/workflow/executor.go:251.2,253.16 3 0
dev.helix.code/internal/workflow/executor.go:253.16,255.3 1 0
dev.helix.code/internal/workflow/executor.go:257.2,257.28 1 0
dev.helix.code/internal/workflow/executor.go:261.109,265.19 2 0
dev.helix.code/internal/workflow/executor.go:266.12,267.48 1 0
dev.helix.code/internal/workflow/executor.go:268.14,269.56 1 0
dev.helix.code/internal/workflow/executor.go:270.16,271.64 1 0
dev.helix.code/internal/workflow/executor.go:272.14,273.51 1 0
dev.helix.code/internal/workflow/executor.go:274.10,275.80 1 0
dev.helix.code/internal/workflow/executor.go:278.2,280.16 3 0
dev.helix.code/internal/workflow/executor.go:280.16,282.3 1 0
dev.helix.code/internal/workflow/executor.go:284.2,284.28 1 0
dev.helix.code/internal/workflow/executor.go:288.82,289.42 1 0
dev.helix.code/internal/workflow/executor.go:289.42,291.36 2 0
dev.helix.code/internal/workflow/executor.go:291.36,292.56 1 0
dev.helix.code/internal/workflow/executor.go:292.56,294.10 2 0
dev.helix.code/internal/workflow/executor.go:297.3,297.20 1 0
dev.helix.code/internal/workflow/executor.go:297.20,299.4 1 0
dev.helix.code/internal/workflow/executor.go:301.2,301.13 1 0
dev.helix.code/internal/workflow/executor.go:305.70,325.2 1 0
dev.helix.code/internal/workflow/executor.go:328.70,348.2 1 0
dev.helix.code/internal/workflow/executor.go:351.69,371.2 1 0
dev.helix.code/internal/workflow/executor.go:374.73,394.2 1 0
dev.helix.code/scripts/logo/generate_assets.go:12.13,15.16 2 0
dev.helix.code/scripts/logo/generate_assets.go:15.16,17.3 1 0
dev.helix.code/scripts/logo/generate_assets.go:20.2,24.55 3 0
dev.helix.code/scripts/logo/generate_assets.go:24.55,30.3 4 0
dev.helix.code/scripts/logo/generate_assets.go:33.2,40.50 4 0
dev.helix.code/scripts/logo/generate_assets.go:40.50,43.3 2 0
dev.helix.code/scripts/logo/generate_assets.go:46.2,48.16 3 0
dev.helix.code/scripts/logo/generate_assets.go:48.16,50.3 1 0
dev.helix.code/scripts/logo/generate_assets.go:50.8,53.73 2 0
dev.helix.code/scripts/logo/generate_assets.go:53.73,55.4 1 0
dev.helix.code/scripts/logo/generate_assets.go:55.9,57.4 1 0
dev.helix.code/scripts/logo/generate_assets.go:60.3,60.31 1 0
dev.helix.code/scripts/logo/generate_assets.go:64.2,65.50 2 0
dev.helix.code/scripts/logo/generate_assets.go:65.50,67.3 1 0
dev.helix.code/scripts/logo/generate_assets.go:67.8,69.3 1 0
dev.helix.code/scripts/logo/generate_assets.go:72.2,73.52 2 0
dev.helix.code/scripts/logo/generate_assets.go:73.52,75.3 1 0
dev.helix.code/scripts/logo/generate_assets.go:75.8,77.3 1 0
dev.helix.code/scripts/logo/generate_assets.go:80.2,81.55 2 0
dev.helix.code/scripts/logo/generate_assets.go:81.55,83.3 1 0
dev.helix.code/scripts/logo/generate_assets.go:83.8,85.3 1 0
dev.helix.code/scripts/logo/generate_assets.go:87.2,93.64 7 0
dev.helix.code/scripts/logo/generate_assets.go:96.41,103.27 2 0
dev.helix.code/scripts/logo/generate_assets.go:103.27,104.48 1 0
dev.helix.code/scripts/logo/generate_assets.go:104.48,106.4 1 0
dev.helix.code/scripts/logo/generate_assets.go:110.46,121.77 3 0
dev.helix.code/scripts/logo/generate_assets.go:121.77,123.3 1 0
dev.helix.code/scripts/logo/generate_assets.go:126.2,140.76 3 0
dev.helix.code/scripts/logo/generate_assets.go:140.76,142.3 1 0
dev.helix.code/scripts/logo/generate_assets.go:145.2,157.72 3 0
dev.helix.code/scripts/logo/generate_assets.go:157.72,159.3 1 0
dev.helix.code/scripts/logo/generate_assets.go:162.2,174.75 3 0
dev.helix.code/scripts/logo/generate_assets.go:174.75,176.3 1 0
dev.helix.code/scripts/logo/generate_assets.go:178.2,178.62 1 0
dev.helix.code/applications/terminal-ui/components.go:15.53,19.2 1 1
dev.helix.code/applications/terminal-ui/components.go:22.82,33.2 7 1
dev.helix.code/applications/terminal-ui/components.go:36.80,42.29 5 1
dev.helix.code/applications/terminal-ui/components.go:42.29,44.3 1 1
dev.helix.code/applications/terminal-ui/components.go:46.2,46.13 1 1
dev.helix.code/applications/terminal-ui/components.go:50.99,57.35 5 1
dev.helix.code/applications/terminal-ui/components.go:57.35,61.3 1 1
dev.helix.code/applications/terminal-ui/components.go:64.2,64.33 1 1
dev.helix.code/applications/terminal-ui/components.go:64.33,65.38 1 1
dev.helix.code/applications/terminal-ui/components.go:65.38,67.4 1 1
dev.helix.code/applications/terminal-ui/components.go:70.2,70.14 1 1
dev.helix.code/applications/terminal-ui/components.go:74.93,85.2 8 1
dev.helix.code/applications/terminal-ui/components.go:88.96,94.33 5 1
dev.helix.code/applications/terminal-ui/components.go:94.33,96.3 1 1
dev.helix.code/applications/terminal-ui/components.go:97.2,100.62 2 1
dev.helix.code/applications/terminal-ui/components.go:100.62,101.53 1 0
dev.helix.code/applications/terminal-ui/components.go:101.53,103.4 1 0
dev.helix.code/applications/terminal-ui/components.go:106.2,106.14 1 1
dev.helix.code/applications/terminal-ui/components.go:110.59,119.2 7 1
dev.helix.code/applications/terminal-ui/components.go:122.69,132.2 8 1
dev.helix.code/applications/terminal-ui/components.go:137.90,142.29 4 1
dev.helix.code/applications/terminal-ui/components.go:142.29,143.17 1 1
dev.helix.code/applications/terminal-ui/components.go:143.17,145.4 1 1
dev.helix.code/applications/terminal-ui/components.go:145.9,147.4 1 1
dev.helix.code/applications/terminal-ui/components.go:150.2,150.88 1 1
dev.helix.code/applications/terminal-ui/main.go:48.34,52.2 1 1
dev.helix.code/applications/terminal-ui/main.go:55.43,58.16 2 0
dev.helix.code/applications/terminal-ui/main.go:58.16,60.3 1 0
dev.helix.code/applications/terminal-ui/main.go:61.2,65.16 3 0
dev.helix.code/applications/terminal-ui/main.go:65.16,67.3 1 0
dev.helix.code/applications/terminal-ui/main.go:68.2,72.16 3 0
dev.helix.code/applications/terminal-ui/main.go:72.16,74.3 1 0
dev.helix.code/applications/terminal-ui/main.go:77.2,91.12 7 0
dev.helix.code/applications/terminal-ui/main.go:95.34,140.2 11 0
dev.helix.code/applications/terminal-ui/main.go:143.46,146.57 2 0
dev.helix.code/applications/terminal-ui/main.go:146.57,148.3 1 0
dev.helix.code/applications/terminal-ui/main.go:151.2,184.2 1 0
dev.helix.code/applications/terminal-ui/main.go:188.40,228.2 18 0
dev.helix.code/applications/terminal-ui/main.go:231.64,249.2 7 0
dev.helix.code/applications/terminal-ui/main.go:252.62,262.2 7 0
dev.helix.code/applications/terminal-ui/main.go:265.64,274.2 7 0
dev.helix.code/applications/terminal-ui/main.go:277.61,286.2 7 0
dev.helix.code/applications/terminal-ui/main.go:289.61,298.2 3 0
dev.helix.code/applications/terminal-ui/main.go:301.36,324.67 11 0
dev.helix.code/applications/terminal-ui/main.go:324.68,326.3 0 0
dev.helix.code/applications/terminal-ui/main.go:327.2,335.53 4 0
dev.helix.code/applications/terminal-ui/main.go:339.38,360.2 8 0
dev.helix.code/applications/terminal-ui/main.go:363.39,372.2 4 0
dev.helix.code/applications/terminal-ui/main.go:375.39,384.2 4 0
dev.helix.code/applications/terminal-ui/main.go:387.34,396.2 4 0
dev.helix.code/applications/terminal-ui/main.go:399.39,415.35 12 0
dev.helix.code/applications/terminal-ui/main.go:415.35,416.46 1 0
dev.helix.code/applications/terminal-ui/main.go:416.47,419.4 0 0
dev.helix.code/applications/terminal-ui/main.go:423.2,438.59 9 0
dev.helix.code/applications/terminal-ui/main.go:442.36,448.12 3 0
dev.helix.code/applications/terminal-ui/main.go:448.12,449.64 1 0
dev.helix.code/applications/terminal-ui/main.go:449.64,451.4 1 0
dev.helix.code/applications/terminal-ui/main.go:455.2,458.12 3 0
dev.helix.code/applications/terminal-ui/main.go:462.38,463.19 1 0
dev.helix.code/applications/terminal-ui/main.go:463.19,465.3 1 0
dev.helix.code/applications/terminal-ui/main.go:466.2,466.12 1 0
dev.helix.code/applications/terminal-ui/main.go:469.13,472.41 2 0
dev.helix.code/applications/terminal-ui/main.go:472.41,474.3 1 0
dev.helix.code/applications/terminal-ui/main.go:475.2,477.34 2 0
dev.helix.code/applications/terminal-ui/main.go:477.34,479.3 1 0
dev.helix.code/applications/terminal-ui/theme.go:83.38,97.2 6 1
dev.helix.code/applications/terminal-ui/theme.go:100.52,102.52 1 1
dev.helix.code/applications/terminal-ui/theme.go:102.52,103.61 1 0
dev.helix.code/applications/terminal-ui/theme.go:103.61,105.4 1 0
dev.helix.code/applications/terminal-ui/theme.go:109.2,109.30 1 1
dev.helix.code/applications/terminal-ui/theme.go:109.30,113.3 1 1
dev.helix.code/applications/terminal-ui/theme.go:116.2,116.20 1 0
dev.helix.code/applications/terminal-ui/theme.go:120.50,122.2 1 1
dev.helix.code/applications/terminal-ui/theme.go:125.57,126.68 1 1
dev.helix.code/applications/terminal-ui/theme.go:126.68,129.3 2 1
dev.helix.code/applications/terminal-ui/theme.go:130.2,130.14 1 1
dev.helix.code/applications/terminal-ui/theme.go:134.55,136.30 2 1
dev.helix.code/applications/terminal-ui/theme.go:136.30,138.3 1 1
dev.helix.code/applications/terminal-ui/theme.go:139.2,139.14 1 1
dev.helix.code/applications/terminal-ui/theme.go:143.61,146.2 0 0
dev.helix.code/applications/terminal-ui/theme.go:149.59,151.36 2 1
dev.helix.code/applications/terminal-ui/theme.go:152.17,153.23 1 1
dev.helix.code/applications/terminal-ui/theme.go:154.19,155.25 1 0
dev.helix.code/applications/terminal-ui/theme.go:156.16,157.22 1 0
dev.helix.code/applications/terminal-ui/theme.go:158.14,159.20 1 1
dev.helix.code/applications/terminal-ui/theme.go:160.20,161.26 1 1
dev.helix.code/applications/terminal-ui/theme.go:162.16,163.22 1 0
dev.helix.code/applications/terminal-ui/theme.go:164.17,165.23 1 0
dev.helix.code/applications/terminal-ui/theme.go:166.17,167.23 1 0
dev.helix.code/applications/terminal-ui/theme.go:168.15,169.21 1 0
dev.helix.code/applications/terminal-ui/theme.go:170.14,171.20 1 0
dev.helix.code/applications/terminal-ui/theme.go:172.10,173.20 1 1
dev.helix.code/applications/terminal-ui/theme.go:178.68,181.2 2 0
dev.helix.code/shared/mobile-core/mobile.go:61.38,116.2 6 1
dev.helix.code/shared/mobile-core/mobile.go:119.50,121.2 1 1
dev.helix.code/shared/mobile-core/mobile.go:124.57,125.51 1 1
dev.helix.code/shared/mobile-core/mobile.go:125.51,128.3 2 1
dev.helix.code/shared/mobile-core/mobile.go:129.2,129.14 1 1
dev.helix.code/shared/mobile-core/mobile.go:133.55,135.30 2 1
dev.helix.code/shared/mobile-core/mobile.go:135.30,137.3 1 1
dev.helix.code/shared/mobile-core/mobile.go:138.2,138.14 1 1
dev.helix.code/shared/mobile-core/mobile.go:146.34,151.2 1 1
dev.helix.code/shared/mobile-core/mobile.go:156.42,158.2 1 0
dev.helix.code/shared/mobile-core/mobile.go:163.75,165.2 1 0
dev.helix.code/shared/mobile-core/mobile.go:170.42,172.2 1 0
dev.helix.code/shared/mobile-core/mobile.go:177.42,179.2 1 0
dev.helix.code/shared/mobile-core/mobile.go:184.47,186.2 1 0
dev.helix.code/shared/mobile-core/mobile.go:191.49,193.2 1 1
dev.helix.code/shared/mobile-core/mobile.go:198.41,200.2 1 1
dev.helix.code/shared/mobile-core/mobile.go:205.43,207.2 1 1
dev.helix.code/shared/mobile-core/mobile.go:212.67,214.2 1 1
dev.helix.code/shared/mobile-core/mobile.go:219.88,221.2 1 0
dev.helix.code/shared/mobile-core/mobile.go:226.41,228.2 1 1
dev.helix.code/shared/mobile-core/mobile.go:233.55,235.2 1 1
dev.helix.code/shared/mobile-core/mobile.go:240.51,242.2 1 1
dev.helix.code/shared/mobile-core/mobile.go:247.37,249.2 1 0
dev.helix.code/shared/mobile-core/mobile.go:252.50,258.16 4 0
dev.helix.code/shared/mobile-core/mobile.go:258.16,260.3 1 0
dev.helix.code/shared/mobile-core/mobile.go:261.2,265.16 3 0
dev.helix.code/shared/mobile-core/mobile.go:265.16,267.3 1 0
dev.helix.code/shared/mobile-core/mobile.go:268.2,272.16 3 0
dev.helix.code/shared/mobile-core/mobile.go:272.16,274.3 1 0
dev.helix.code/shared/mobile-core/mobile.go:277.2,285.12 6 0
dev.helix.code/shared/mobile-core/mobile.go:288.83,299.2 6 0
dev.helix.code/shared/mobile-core/mobile.go:301.50,311.2 7 0
dev.helix.code/shared/mobile-core/mobile.go:313.50,317.2 3 0
dev.helix.code/shared/mobile-core/mobile.go:319.55,323.2 3 0
dev.helix.code/shared/mobile-core/mobile.go:325.57,342.16 5 1
dev.helix.code/shared/mobile-core/mobile.go:342.16,344.3 1 0
dev.helix.code/shared/mobile-core/mobile.go:346.2,346.25 1 1
dev.helix.code/shared/mobile-core/mobile.go:349.49,377.16 6 1
dev.helix.code/shared/mobile-core/mobile.go:377.16,379.3 1 0
dev.helix.code/shared/mobile-core/mobile.go:381.2,381.25 1 1
dev.helix.code/shared/mobile-core/mobile.go:384.51,405.16 6 1
dev.helix.code/shared/mobile-core/mobile.go:405.16,407.3 1 0
dev.helix.code/shared/mobile-core/mobile.go:409.2,409.25 1 1
dev.helix.code/shared/mobile-core/mobile.go:412.75,424.16 5 1
dev.helix.code/shared/mobile-core/mobile.go:424.16,426.3 1 0
dev.helix.code/shared/mobile-core/mobile.go:428.2,428.25 1 1
dev.helix.code/shared/mobile-core/mobile.go:431.96,442.16 5 0
dev.helix.code/shared/mobile-core/mobile.go:442.16,444.3 1 0
dev.helix.code/shared/mobile-core/mobile.go:446.2,446.25 1 0
dev.helix.code/shared/mobile-core/mobile.go:449.49,470.16 6 1
dev.helix.code/shared/mobile-core/mobile.go:470.16,472.3 1 0
dev.helix.code/shared/mobile-core/mobile.go:474.2,474.25 1 1
dev.helix.code/shared/mobile-core/mobile.go:477.63,482.2 3 1
dev.helix.code/shared/mobile-core/mobile.go:484.59,494.16 6 1
dev.helix.code/shared/mobile-core/mobile.go:494.16,496.3 1 0
dev.helix.code/shared/mobile-core/mobile.go:498.2,498.25 1 1
dev.helix.code/shared/mobile-core/mobile.go:501.45,505.18 3 0
dev.helix.code/shared/mobile-core/mobile.go:505.18,507.3 1 0
dev.helix.code/shared/mobile-core/mobile.go:509.2,510.12 2 0
