mode: set
dev.helix.code/internal/task/checkpoint.go:14.77,18.2 1 1
dev.helix.code/internal/task/checkpoint.go:21.133,26.16 3 1
dev.helix.code/internal/task/checkpoint.go:26.16,28.3 1 1
dev.helix.code/internal/task/checkpoint.go:31.2,42.16 3 1
dev.helix.code/internal/task/checkpoint.go:42.16,44.3 1 1
dev.helix.code/internal/task/checkpoint.go:46.2,46.12 1 1
dev.helix.code/internal/task/checkpoint.go:50.85,60.16 3 1
dev.helix.code/internal/task/checkpoint.go:60.16,62.3 1 1
dev.helix.code/internal/task/checkpoint.go:63.2,66.18 3 1
dev.helix.code/internal/task/checkpoint.go:66.18,78.17 4 1
dev.helix.code/internal/task/checkpoint.go:78.17,80.4 1 0
dev.helix.code/internal/task/checkpoint.go:83.3,83.88 1 1
dev.helix.code/internal/task/checkpoint.go:83.88,85.4 1 1
dev.helix.code/internal/task/checkpoint.go:87.3,87.48 1 1
dev.helix.code/internal/task/checkpoint.go:90.2,90.25 1 1
dev.helix.code/internal/task/checkpoint.go:94.89,114.16 5 1
dev.helix.code/internal/task/checkpoint.go:114.16,116.3 1 1
dev.helix.code/internal/task/checkpoint.go:119.2,119.87 1 1
dev.helix.code/internal/task/checkpoint.go:119.87,121.3 1 1
dev.helix.code/internal/task/checkpoint.go:123.2,123.25 1 1
dev.helix.code/internal/task/checkpoint.go:127.77,135.16 3 1
dev.helix.code/internal/task/checkpoint.go:135.16,137.3 1 1
dev.helix.code/internal/task/checkpoint.go:139.2,139.12 1 1
dev.helix.code/internal/task/checkpoint.go:143.75,151.16 3 1
dev.helix.code/internal/task/checkpoint.go:151.16,153.3 1 1
dev.helix.code/internal/task/checkpoint.go:155.2,155.12 1 1
dev.helix.code/internal/task/dependency.go:12.77,16.2 1 1
dev.helix.code/internal/task/dependency.go:19.83,20.28 1 1
dev.helix.code/internal/task/dependency.go:20.28,22.3 1 1
dev.helix.code/internal/task/dependency.go:24.2,27.37 2 1
dev.helix.code/internal/task/dependency.go:27.37,33.17 3 1
dev.helix.code/internal/task/dependency.go:33.17,35.4 1 1
dev.helix.code/internal/task/dependency.go:37.3,37.14 1 1
dev.helix.code/internal/task/dependency.go:37.14,39.4 1 1
dev.helix.code/internal/task/dependency.go:42.2,42.12 1 1
dev.helix.code/internal/task/dependency.go:46.97,47.28 1 1
dev.helix.code/internal/task/dependency.go:47.28,49.3 1 1
dev.helix.code/internal/task/dependency.go:51.2,60.16 4 1
dev.helix.code/internal/task/dependency.go:60.16,62.3 1 1
dev.helix.code/internal/task/dependency.go:64.2,64.49 1 1
dev.helix.code/internal/task/dependency.go:68.101,69.28 1 1
dev.helix.code/internal/task/dependency.go:69.28,71.3 1 1
dev.helix.code/internal/task/dependency.go:73.2,80.16 3 1
dev.helix.code/internal/task/dependency.go:80.16,82.3 1 1
dev.helix.code/internal/task/dependency.go:83.2,86.18 3 1
dev.helix.code/internal/task/dependency.go:86.18,88.43 2 1
dev.helix.code/internal/task/dependency.go:88.43,90.4 1 0
dev.helix.code/internal/task/dependency.go:91.3,91.45 1 1
dev.helix.code/internal/task/dependency.go:94.2,94.26 1 1
dev.helix.code/internal/task/dependency.go:98.115,99.28 1 1
dev.helix.code/internal/task/dependency.go:99.28,101.3 1 1
dev.helix.code/internal/task/dependency.go:104.2,110.37 3 1
dev.helix.code/internal/task/dependency.go:110.37,111.103 1 1
dev.helix.code/internal/task/dependency.go:111.103,113.4 1 1
dev.helix.code/internal/task/dependency.go:113.9,113.22 1 1
dev.helix.code/internal/task/dependency.go:113.22,115.4 1 1
dev.helix.code/internal/task/dependency.go:118.2,118.19 1 1
dev.helix.code/internal/task/dependency.go:122.88,126.73 3 1
dev.helix.code/internal/task/dependency.go:126.73,128.3 1 1
dev.helix.code/internal/task/dependency.go:130.2,130.19 1 1
dev.helix.code/internal/task/dependency.go:134.87,142.16 3 1
dev.helix.code/internal/task/dependency.go:142.16,144.3 1 1
dev.helix.code/internal/task/dependency.go:145.2,148.18 3 1
dev.helix.code/internal/task/dependency.go:148.18,150.44 2 1
dev.helix.code/internal/task/dependency.go:150.44,152.4 1 0
dev.helix.code/internal/task/dependency.go:153.3,153.50 1 1
dev.helix.code/internal/task/dependency.go:156.2,156.28 1 1
dev.helix.code/internal/task/dependency.go:161.137,162.24 1 1
dev.helix.code/internal/task/dependency.go:162.24,164.3 1 0
dev.helix.code/internal/task/dependency.go:166.2,170.16 3 1
dev.helix.code/internal/task/dependency.go:170.16,172.3 1 1
dev.helix.code/internal/task/dependency.go:175.2,175.37 1 1
dev.helix.code/internal/task/dependency.go:175.37,176.24 1 1
dev.helix.code/internal/task/dependency.go:176.24,178.4 1 1
dev.helix.code/internal/task/dependency.go:181.3,181.88 1 1
dev.helix.code/internal/task/dependency.go:181.88,183.4 1 0
dev.helix.code/internal/task/dependency.go:183.9,183.22 1 1
dev.helix.code/internal/task/dependency.go:183.22,185.4 1 1
dev.helix.code/internal/task/dependency.go:188.2,188.19 1 1
dev.helix.code/internal/task/dependency.go:191.89,199.16 4 1
dev.helix.code/internal/task/dependency.go:199.16,201.3 1 1
dev.helix.code/internal/task/dependency.go:203.2,203.26 1 1
dev.helix.code/internal/task/dependency.go:206.123,207.21 1 1
dev.helix.code/internal/task/dependency.go:207.21,209.3 1 0
dev.helix.code/internal/task/dependency.go:211.2,216.16 4 1
dev.helix.code/internal/task/dependency.go:216.16,218.3 1 1
dev.helix.code/internal/task/dependency.go:221.2,221.37 1 1
dev.helix.code/internal/task/dependency.go:221.37,222.72 1 1
dev.helix.code/internal/task/dependency.go:222.72,224.4 1 0
dev.helix.code/internal/task/dependency.go:227.2,227.12 1 1
dev.helix.code/internal/task/manager.go:177.92,187.2 1 1
dev.helix.code/internal/task/manager.go:191.95,209.76 4 1
dev.helix.code/internal/task/manager.go:209.76,211.3 1 0
dev.helix.code/internal/task/manager.go:214.2,217.47 2 1
dev.helix.code/internal/task/manager.go:217.47,220.3 2 0
dev.helix.code/internal/task/manager.go:223.2,226.18 3 1
dev.helix.code/internal/task/manager.go:232.73,233.46 1 1
dev.helix.code/internal/task/manager.go:233.46,235.3 1 1
dev.helix.code/internal/task/manager.go:237.2,239.16 3 0
dev.helix.code/internal/task/manager.go:239.16,241.3 1 0
dev.helix.code/internal/task/manager.go:244.2,244.56 1 0
dev.helix.code/internal/task/manager.go:248.92,249.46 1 1
dev.helix.code/internal/task/manager.go:249.46,251.3 1 1
dev.helix.code/internal/task/manager.go:253.2,255.16 3 0
dev.helix.code/internal/task/manager.go:255.16,257.3 1 0
dev.helix.code/internal/task/manager.go:259.2,260.60 2 0
dev.helix.code/internal/task/manager.go:260.60,262.3 1 0
dev.helix.code/internal/task/manager.go:264.2,264.19 1 0
dev.helix.code/internal/task/manager.go:268.89,269.46 1 1
dev.helix.code/internal/task/manager.go:269.46,271.3 1 1
dev.helix.code/internal/task/manager.go:273.2,274.31 2 0
dev.helix.code/internal/task/manager.go:278.96,279.46 1 1
dev.helix.code/internal/task/manager.go:279.46,281.3 1 1
dev.helix.code/internal/task/manager.go:283.2,284.16 2 0
dev.helix.code/internal/task/manager.go:284.16,286.3 1 0
dev.helix.code/internal/task/manager.go:289.2,289.69 1 0
dev.helix.code/internal/task/manager.go:293.96,294.46 1 1
dev.helix.code/internal/task/manager.go:294.46,296.3 1 1
dev.helix.code/internal/task/manager.go:298.2,299.16 2 0
dev.helix.code/internal/task/manager.go:299.16,301.3 1 0
dev.helix.code/internal/task/manager.go:303.2,304.61 2 0
dev.helix.code/internal/task/manager.go:304.61,306.3 1 0
dev.helix.code/internal/task/manager.go:308.2,308.19 1 0
dev.helix.code/internal/task/manager.go:312.109,313.46 1 1
dev.helix.code/internal/task/manager.go:313.46,315.3 1 1
dev.helix.code/internal/task/manager.go:317.2,319.16 3 0
dev.helix.code/internal/task/manager.go:319.16,321.3 1 0
dev.helix.code/internal/task/manager.go:324.2,324.61 1 0
dev.helix.code/internal/task/manager.go:328.107,329.46 1 1
dev.helix.code/internal/task/manager.go:329.46,331.3 1 1
dev.helix.code/internal/task/manager.go:333.2,335.16 3 0
dev.helix.code/internal/task/manager.go:335.16,337.3 1 0
dev.helix.code/internal/task/manager.go:339.2,340.63 2 0
dev.helix.code/internal/task/manager.go:340.63,342.3 1 0
dev.helix.code/internal/task/manager.go:344.2,344.21 1 0
dev.helix.code/internal/task/manager.go:348.95,350.87 1 1
dev.helix.code/internal/task/manager.go:350.87,352.3 1 0
dev.helix.code/internal/task/manager.go:355.2,359.13 4 1
dev.helix.code/internal/task/manager.go:359.13,361.3 1 1
dev.helix.code/internal/task/manager.go:364.2,364.17 1 1
dev.helix.code/internal/task/manager.go:364.17,365.59 1 1
dev.helix.code/internal/task/manager.go:365.59,367.4 1 0
dev.helix.code/internal/task/manager.go:370.2,370.18 1 1
dev.helix.code/internal/task/manager.go:374.83,376.48 1 1
dev.helix.code/internal/task/manager.go:376.48,378.3 1 0
dev.helix.code/internal/task/manager.go:381.2,381.61 1 1
dev.helix.code/internal/task/manager.go:381.61,383.3 1 0
dev.helix.code/internal/task/manager.go:386.2,386.48 1 1
dev.helix.code/internal/task/manager.go:386.48,388.3 1 0
dev.helix.code/internal/task/manager.go:390.2,390.12 1 1
dev.helix.code/internal/task/manager_db.go:19.73,23.2 1 1
dev.helix.code/internal/task/manager_db.go:26.178,29.18 2 1
dev.helix.code/internal/task/manager_db.go:30.14,31.30 1 1
dev.helix.code/internal/task/manager_db.go:32.18,33.34 1 1
dev.helix.code/internal/task/manager_db.go:34.13,35.29 1 1
dev.helix.code/internal/task/manager_db.go:36.10,37.32 1 1
dev.helix.code/internal/task/manager_db.go:41.2,42.35 2 1
dev.helix.code/internal/task/manager_db.go:42.35,43.50 1 0
dev.helix.code/internal/task/manager_db.go:43.50,45.4 1 0
dev.helix.code/internal/task/manager_db.go:48.2,77.16 5 1
dev.helix.code/internal/task/manager_db.go:77.16,79.3 1 1
dev.helix.code/internal/task/manager_db.go:81.2,84.18 3 1
dev.helix.code/internal/task/manager_db.go:88.82,90.16 2 1
dev.helix.code/internal/task/manager_db.go:90.16,92.3 1 1
dev.helix.code/internal/task/manager_db.go:94.2,135.16 4 1
dev.helix.code/internal/task/manager_db.go:135.16,136.27 1 1
dev.helix.code/internal/task/manager_db.go:136.27,138.4 1 1
dev.helix.code/internal/task/manager_db.go:139.3,139.70 1 0
dev.helix.code/internal/task/manager_db.go:143.2,144.18 2 1
dev.helix.code/internal/task/manager_db.go:145.9,146.29 1 1
dev.helix.code/internal/task/manager_db.go:147.9,148.32 1 1
dev.helix.code/internal/task/manager_db.go:149.10,150.30 1 1
dev.helix.code/internal/task/manager_db.go:151.10,152.34 1 1
dev.helix.code/internal/task/manager_db.go:153.10,154.32 1 1
dev.helix.code/internal/task/manager_db.go:157.2,176.18 2 1
dev.helix.code/internal/task/manager_db.go:180.75,193.16 3 1
dev.helix.code/internal/task/manager_db.go:193.16,195.3 1 1
dev.helix.code/internal/task/manager_db.go:196.2,199.18 3 1
dev.helix.code/internal/task/manager_db.go:199.18,228.17 2 1
dev.helix.code/internal/task/manager_db.go:228.17,230.4 1 0
dev.helix.code/internal/task/manager_db.go:233.3,234.19 2 1
dev.helix.code/internal/task/manager_db.go:235.10,236.30 1 0
dev.helix.code/internal/task/manager_db.go:237.10,238.33 1 1
dev.helix.code/internal/task/manager_db.go:239.11,240.31 1 1
dev.helix.code/internal/task/manager_db.go:241.11,242.35 1 0
dev.helix.code/internal/task/manager_db.go:243.11,244.33 1 0
dev.helix.code/internal/task/manager_db.go:248.3,249.26 2 1
dev.helix.code/internal/task/manager_db.go:249.26,251.4 1 0
dev.helix.code/internal/task/manager_db.go:253.3,272.30 2 1
dev.helix.code/internal/task/manager_db.go:275.2,275.35 1 1
dev.helix.code/internal/task/manager_db.go:275.35,277.3 1 0
dev.helix.code/internal/task/manager_db.go:279.2,279.19 1 1
dev.helix.code/internal/task/manager_db.go:283.75,285.16 2 1
dev.helix.code/internal/task/manager_db.go:285.16,287.3 1 1
dev.helix.code/internal/task/manager_db.go:289.2,296.16 3 1
dev.helix.code/internal/task/manager_db.go:296.16,298.3 1 1
dev.helix.code/internal/task/manager_db.go:300.2,300.32 1 1
dev.helix.code/internal/task/manager_db.go:300.32,302.3 1 1
dev.helix.code/internal/task/manager_db.go:304.2,304.12 1 1
dev.helix.code/internal/task/manager_db.go:308.109,310.16 2 1
dev.helix.code/internal/task/manager_db.go:310.16,312.3 1 1
dev.helix.code/internal/task/manager_db.go:314.2,321.16 3 1
dev.helix.code/internal/task/manager_db.go:321.16,323.3 1 0
dev.helix.code/internal/task/manager_db.go:325.2,325.36 1 1
dev.helix.code/internal/task/manager_db.go:325.36,327.3 1 1
dev.helix.code/internal/task/manager_db.go:329.2,329.12 1 1
dev.helix.code/internal/task/manager_db.go:333.88,335.16 2 1
dev.helix.code/internal/task/manager_db.go:335.16,337.3 1 1
dev.helix.code/internal/task/manager_db.go:339.2,346.16 3 1
dev.helix.code/internal/task/manager_db.go:346.16,348.3 1 0
dev.helix.code/internal/task/manager_db.go:350.2,350.32 1 1
dev.helix.code/internal/task/manager_db.go:350.32,352.3 1 1
dev.helix.code/internal/task/manager_db.go:354.2,354.12 1 1
dev.helix.code/internal/task/manager_db.go:358.76,360.16 2 1
dev.helix.code/internal/task/manager_db.go:360.16,362.3 1 1
dev.helix.code/internal/task/manager_db.go:364.2,367.16 3 1
dev.helix.code/internal/task/manager_db.go:367.16,369.3 1 0
dev.helix.code/internal/task/manager_db.go:371.2,371.32 1 1
dev.helix.code/internal/task/manager_db.go:371.32,373.3 1 1
dev.helix.code/internal/task/manager_db.go:375.2,375.12 1 1
dev.helix.code/internal/task/manager_db.go:379.43,380.16 1 1
dev.helix.code/internal/task/manager_db.go:380.16,382.3 1 1
dev.helix.code/internal/task/manager_db.go:383.2,383.13 1 1
dev.helix.code/internal/task/manager_methods.go:13.99,18.13 4 0
dev.helix.code/internal/task/manager_methods.go:18.13,20.3 1 0
dev.helix.code/internal/task/manager_methods.go:23.2,24.16 2 0
dev.helix.code/internal/task/manager_methods.go:24.16,26.3 1 0
dev.helix.code/internal/task/manager_methods.go:29.2,30.16 2 0
dev.helix.code/internal/task/manager_methods.go:30.16,32.3 1 0
dev.helix.code/internal/task/manager_methods.go:35.2,36.39 2 0
dev.helix.code/internal/task/manager_methods.go:36.39,44.17 2 0
dev.helix.code/internal/task/manager_methods.go:44.17,46.4 1 0
dev.helix.code/internal/task/manager_methods.go:47.3,47.53 1 0
dev.helix.code/internal/task/manager_methods.go:51.2,56.29 5 0
dev.helix.code/internal/task/manager_methods.go:60.79,65.13 4 1
dev.helix.code/internal/task/manager_methods.go:65.13,67.3 1 0
dev.helix.code/internal/task/manager_methods.go:69.2,70.13 2 1
dev.helix.code/internal/task/manager_methods.go:70.13,72.3 1 1
dev.helix.code/internal/task/manager_methods.go:75.2,75.43 1 0
dev.helix.code/internal/task/manager_methods.go:75.43,77.3 1 0
dev.helix.code/internal/task/manager_methods.go:80.2,80.59 1 0
dev.helix.code/internal/task/manager_methods.go:80.59,82.3 1 0
dev.helix.code/internal/task/manager_methods.go:85.2,98.12 9 0
dev.helix.code/internal/task/manager_methods.go:102.92,107.13 4 1
dev.helix.code/internal/task/manager_methods.go:107.13,109.3 1 0
dev.helix.code/internal/task/manager_methods.go:112.2,119.32 6 1
dev.helix.code/internal/task/manager_methods.go:119.32,120.65 1 0
dev.helix.code/internal/task/manager_methods.go:120.65,124.4 3 0
dev.helix.code/internal/task/manager_methods.go:128.2,131.12 3 1
dev.helix.code/internal/task/manager_methods.go:135.78,140.13 4 1
dev.helix.code/internal/task/manager_methods.go:140.13,142.3 1 0
dev.helix.code/internal/task/manager_methods.go:145.2,145.39 1 1
dev.helix.code/internal/task/manager_methods.go:145.39,155.3 7 1
dev.helix.code/internal/task/manager_methods.go:155.8,160.3 4 0
dev.helix.code/internal/task/manager_methods.go:163.2,163.32 1 1
dev.helix.code/internal/task/manager_methods.go:163.32,164.65 1 0
dev.helix.code/internal/task/manager_methods.go:164.65,168.4 3 0
dev.helix.code/internal/task/manager_methods.go:172.2,174.12 2 1
dev.helix.code/internal/task/manager_methods.go:178.127,183.13 4 0
dev.helix.code/internal/task/manager_methods.go:183.13,185.3 1 0
dev.helix.code/internal/task/manager_methods.go:187.2,187.82 1 0
dev.helix.code/internal/task/manager_methods.go:191.81,196.13 4 1
dev.helix.code/internal/task/manager_methods.go:196.13,198.3 1 0
dev.helix.code/internal/task/manager_methods.go:200.2,209.21 2 1
dev.helix.code/internal/task/manager_methods.go:210.27,211.28 1 0
dev.helix.code/internal/task/manager_methods.go:212.25,214.58 1 0
dev.helix.code/internal/task/manager_methods.go:214.58,217.30 3 0
dev.helix.code/internal/task/manager_methods.go:217.30,219.5 1 0
dev.helix.code/internal/task/manager_methods.go:220.9,222.4 1 0
dev.helix.code/internal/task/manager_methods.go:223.45,224.26 1 1
dev.helix.code/internal/task/manager_methods.go:227.2,227.22 1 1
dev.helix.code/internal/task/manager_methods.go:232.83,243.2 2 0
dev.helix.code/internal/task/manager_methods.go:245.71,247.19 1 0
dev.helix.code/internal/task/manager_methods.go:248.40,249.24 1 0
dev.helix.code/internal/task/manager_methods.go:250.45,251.26 1 0
dev.helix.code/internal/task/manager_methods.go:252.10,253.23 1 0
dev.helix.code/internal/task/manager_methods.go:257.59,260.22 2 0
dev.helix.code/internal/task/manager_methods.go:260.22,263.17 2 0
dev.helix.code/internal/task/manager_methods.go:263.17,265.4 1 0
dev.helix.code/internal/task/manager_methods.go:267.2,267.17 1 0
dev.helix.code/internal/task/manager_methods.go:270.77,273.43 2 0
dev.helix.code/internal/task/manager_methods.go:273.43,274.50 1 0
dev.helix.code/internal/task/manager_methods.go:274.50,276.4 1 0
dev.helix.code/internal/task/manager_methods.go:278.2,278.13 1 0
dev.helix.code/internal/task/manager_methods.go:281.76,283.18 1 0
dev.helix.code/internal/task/manager_methods.go:284.24,285.48 1 0
dev.helix.code/internal/task/manager_methods.go:286.23,287.57 1 0
dev.helix.code/internal/task/manager_methods.go:288.27,289.56 1 0
dev.helix.code/internal/task/manager_methods.go:290.25,291.49 1 0
dev.helix.code/internal/task/manager_methods.go:292.10,293.41 1 0
dev.helix.code/internal/task/manager_methods.go:299.56,304.2 2 1
dev.helix.code/internal/task/manager_methods.go:306.57,311.2 2 1
dev.helix.code/internal/task/manager_methods.go:313.63,318.2 2 0
dev.helix.code/internal/task/manager_methods.go:322.49,323.26 1 1
dev.helix.code/internal/task/manager_methods.go:323.26,324.16 1 1
dev.helix.code/internal/task/manager_methods.go:324.16,326.4 1 1
dev.helix.code/internal/task/manager_methods.go:328.2,328.14 1 1
dev.helix.code/internal/task/queue.go:8.32,14.2 1 1
dev.helix.code/internal/task/queue.go:17.42,21.23 3 1
dev.helix.code/internal/task/queue.go:22.38,25.29 2 1
dev.helix.code/internal/task/queue.go:26.22,27.54 1 1
dev.helix.code/internal/task/queue.go:28.19,29.48 1 1
dev.helix.code/internal/task/queue.go:34.42,39.30 3 1
dev.helix.code/internal/task/queue.go:39.30,43.3 3 1
dev.helix.code/internal/task/queue.go:46.2,46.32 1 1
dev.helix.code/internal/task/queue.go:46.32,50.3 3 1
dev.helix.code/internal/task/queue.go:53.2,53.29 1 1
dev.helix.code/internal/task/queue.go:53.29,57.3 3 1
dev.helix.code/internal/task/queue.go:59.2,59.12 1 1
dev.helix.code/internal/task/queue.go:63.53,68.70 3 1
dev.helix.code/internal/task/queue.go:68.70,70.3 1 1
dev.helix.code/internal/task/queue.go:73.2,73.72 1 1
dev.helix.code/internal/task/queue.go:73.72,75.3 1 0
dev.helix.code/internal/task/queue.go:78.2,78.69 1 1
dev.helix.code/internal/task/queue.go:78.69,80.3 1 0
dev.helix.code/internal/task/queue.go:82.2,82.14 1 1
dev.helix.code/internal/task/queue.go:86.49,96.2 3 1
dev.helix.code/internal/task/queue.go:99.30,106.2 5 1
dev.helix.code/internal/task/queue.go:110.46,111.50 1 1
dev.helix.code/internal/task/queue.go:111.50,116.45 3 1
dev.helix.code/internal/task/queue.go:116.45,118.4 1 1
dev.helix.code/internal/task/queue.go:121.3,121.41 1 0
dev.helix.code/internal/task/queue.go:125.76,126.21 1 1
dev.helix.code/internal/task/queue.go:127.27,128.11 1 1
dev.helix.code/internal/task/queue.go:129.23,130.11 1 1
dev.helix.code/internal/task/queue.go:131.25,132.11 1 1
dev.helix.code/internal/task/queue.go:133.22,134.11 1 0
dev.helix.code/internal/task/queue.go:135.10,136.11 1 0
dev.helix.code/internal/task/queue.go:140.74,141.30 1 1
dev.helix.code/internal/task/queue.go:141.30,142.33 1 1
dev.helix.code/internal/task/queue.go:142.33,145.4 2 1
dev.helix.code/internal/task/queue.go:147.2,147.14 1 1
